#
# A fatal error has been detected by the Java Runtime Environment:
#
#  Internal Error (jvmciRuntime.cpp:1609), pid=23, tid=38
#  fatal error: Fatal exception in JVMCI: Error calling jdk.vm.ci.services.Services.serializeSavedProperties
#
# JRE version: OpenJDK Runtime Environment GraalVM CE 22.3.0 (17.0.5+8) (build 17.0.5+8-jvmci-22.3-b08)
# Java VM: OpenJDK 64-Bit Server VM GraalVM CE 22.3.0 (17.0.5+8-jvmci-22.3-b08, mixed mode, sharing, tiered, jvmci, jvmci compiler, compressed oops, compressed class ptrs, parallel gc, linux-amd64)
# Problematic frame:
# V  [libjvm.so+0x972714]  JVMCIRuntime::fatal_exception(JVMCIEnv*, char const*)+0x74
#
# Core dump will be written. Default location: Core dumps may be processed with "/usr/share/apport/apport -p%p -s%s -c%c -d%d -P%P -u%u -g%g -- %E" (or dumping to /home/runner/biblioteca/core.23)
#
# If you would like to submit a bug report, please visit:
#   https://github.com/oracle/graal/issues
#

---------------  S U M M A R Y ------------

Command Line: -XX:ThreadPriorityPolicy=1 -XX:+UnlockExperimentalVMOptions -XX:+EnableJVMCIProduct -XX:JVMCIThreadsPerNativeLibraryRuntime=1 -XX:-UnlockExperimentalVMOptions -Declipse.application=org.eclipse.jdt.ls.core.id1 -Dosgi.bundles.defaultStartLevel=4 -Declipse.product=org.eclipse.jdt.ls.core.product -Dlog.level=ALL -Xverify:none -XX:+UseParallelGC -XX:GCTimeRatio=4 -XX:AdaptiveSizePolicyWeight=90 -Dsun.zip.disableMemoryMapping=true -Xmx512m -Xms100m /nix/store/a7s9klvriqi68xz3qjc0qyfl5h86xc16-jdt-language-server-1.9.0/share/java/plugins/org.eclipse.equinox.launcher_1.6.400.v20210924-0641.jar --add-modules=ALL-SYSTEM --add-opens java.base/java.util=ALL-UNNAMED --add-opens java.base/java.lang=ALL-UNNAMED -configuration /home/runner/.cache/jdt-language-server/config -data /home/runner/.cache/jdt-language-server/data/home/runner/biblioteca

Host: Intel(R) Xeon(R) CPU @ 2.20GHz, 8 cores, 1G, Ubuntu 20.04.2 LTS
Time: Tue Oct 24 13:32:51 2023 UTC elapsed time: 1991.635867 seconds (0d 0h 33m 11s)

---------------  T H R E A D  ---------------

Current thread (0x00007fbfd00b1c30):  JavaThread "JVMCI-native CompilerThread0" daemon [_thread_in_vm, id=38, stack(0x00007fbfb531a000,0x00007fbfb551a000)]


Current CompileTask:
JVMCI-native:1991636 9880       4       jdk.internal.reflect.ClassFileAssembler::emitShort (24 bytes)

Stack: [0x00007fbfb531a000,0x00007fbfb551a000],  sp=0x00007fbfb5518380,  free space=2040k
Native frames: (J=compiled Java code, j=interpreted, Vv=VM code, C=native code)
V  [libjvm.so+0x972714]  JVMCIRuntime::fatal_exception(JVMCIEnv*, char const*)+0x74
V  [libjvm.so+0x93e2fe]  JVMCIEnv::copy_saved_properties()+0x14e
V  [libjvm.so+0x9732a9]  JVMCIRuntime::initialize(JVMCIEnv*)+0xb19
V  [libjvm.so+0x9738a2]  JVMCIRuntime::get_HotSpotJVMCIRuntime(JVMCIEnv*)+0x12
V  [libjvm.so+0x9749f2]  JVMCIRuntime::compile_method(JVMCIEnv*, JVMCICompiler*, methodHandle const&, int)+0xd2
V  [libjvm.so+0x5b0d20]  CompileBroker::invoke_compiler_on_method(CompileTask*)+0x1470
V  [libjvm.so+0x5b12e8]  CompileBroker::compiler_thread_loop()+0x528
V  [libjvm.so+0xd82460]  JavaThread::thread_main_inner()+0xd0
V  [libjvm.so+0xd85a40]  Thread::call_run()+0xc0
V  [libjvm.so+0xbdb1e1]  thread_native_entry(Thread*)+0xe1

Register to memory mapping:

RAX=0x00007fbfd5091000 points into unknown readable memory: 0x0000000000000058 | 58 00 00 00 00 00 00 00
RBX=0x00007fbfd618c398: <offset 0x0000000000ef5398> in /nix/store/gpxl5qgg8kicmcvivwmybwjlpf7wh20l-graalvm17-ce-22.3.0/lib/server/libjvm.so at 0x00007fbfd5297000
RCX=0x00007fbfd61441e8: <offset 0x0000000000ead1e8> in /nix/store/gpxl5qgg8kicmcvivwmybwjlpf7wh20l-graalvm17-ce-22.3.0/lib/server/libjvm.so at 0x00007fbfd5297000
RDX=0x0000000000000649 is an unknown value
RSP=0x00007fbfb5518380 is pointing into the stack for thread: 0x00007fbfd00b1c30
RBP=0x00007fbfb55183a0 is pointing into the stack for thread: 0x00007fbfd00b1c30
RSI=0x00007fbfd618cc48: <offset 0x0000000000ef5c48> in /nix/store/gpxl5qgg8kicmcvivwmybwjlpf7wh20l-graalvm17-ce-22.3.0/lib/server/libjvm.so at 0x00007fbfd5297000
RDI=0x00000000e0000000 is an oop: [Ljava.security.ProtectionDomain; 
{0x00000000e0000000} - klass: 'java/security/ProtectionDomain'[]
 - length: 1
R8 =0x00007fbfd618c398: <offset 0x0000000000ef5398> in /nix/store/gpxl5qgg8kicmcvivwmybwjlpf7wh20l-graalvm17-ce-22.3.0/lib/server/libjvm.so at 0x00007fbfd5297000
R9 =0x0000000000000003 is an unknown value
R10=0x00007fbfd64ddda0: <offset 0x0000000001246da0> in /nix/store/gpxl5qgg8kicmcvivwmybwjlpf7wh20l-graalvm17-ce-22.3.0/lib/server/libjvm.so at 0x00007fbfd5297000
R11=0x0000000000000246 is an unknown value
R12=0x0 is NULL
R13=0x00007fbfd00b1c30 is a thread
R14=0x00007fbfd0000b80 points into unknown readable memory: 0x00007fbfd63bda38 | 38 da 3b d6 bf 7f 00 00
R15=0x00007fbfd64cbe40: <offset 0x0000000001234e40> in /nix/store/gpxl5qgg8kicmcvivwmybwjlpf7wh20l-graalvm17-ce-22.3.0/lib/server/libjvm.so at 0x00007fbfd5297000


Registers:
RAX=0x00007fbfd5091000, RBX=0x00007fbfd618c398, RCX=0x00007fbfd61441e8, RDX=0x0000000000000649
RSP=0x00007fbfb5518380, RBP=0x00007fbfb55183a0, RSI=0x00007fbfd618cc48, RDI=0x00000000e0000000
R8 =0x00007fbfd618c398, R9 =0x0000000000000003, R10=0x00007fbfd64ddda0, R11=0x0000000000000246
R12=0x0000000000000000, R13=0x00007fbfd00b1c30, R14=0x00007fbfd0000b80, R15=0x00007fbfd64cbe40
RIP=0x00007fbfd5c09714, EFLAGS=0x0000000000010206, CSGSFS=0x002b000000000033, ERR=0x0000000000000006
  TRAPNO=0x000000000000000e

Top of Stack: (sp=0x00007fbfb5518380)
0x00007fbfb5518380:   00007fbfb5518940 00007fbfd00b1c30
0x00007fbfb5518390:   00007fbfd4a228c8 0000000800c417a0
0x00007fbfb55183a0:   00007fbfb5518500 00007fbfd5bd52fe
0x00007fbfb55183b0:   00007fbfb55183e0 00007fbfb5518440 

Instructions: (pc=0x00007fbfd5c09714)
0x00007fbfd5c09614:   30 e8 f6 cf e8 ff 4c 89 e7 e8 2e 48 d1 ff 84 db
0x00007fbfd5c09624:   75 2a 4d 85 ed 74 04 4d 8b 6d 00 48 83 c4 08 44
0x00007fbfd5c09634:   89 f9 4c 89 f2 4c 89 ee 5b 4c 89 e7 41 5c 41 5d
0x00007fbfd5c09644:   41 5e 41 5f 5d e9 e2 47 d1 ff 66 90 48 83 c4 08
0x00007fbfd5c09654:   5b 41 5c 41 5d 41 5e 41 5f 5d c3 90 31 d2 be 08
0x00007fbfd5c09664:   00 00 00 4c 89 ff e8 b1 78 a3 ff 49 89 c5 e9 37
0x00007fbfd5c09674:   ff ff ff 66 0f 1f 84 00 00 00 00 00 48 8b 7a 08
0x00007fbfd5c09684:   e9 6d ff ff ff 0f 1f 80 00 00 00 00 e8 5b 48 0a
0x00007fbfd5c09694:   00 84 c0 75 89 e9 6a ff ff ff 66 90 55 48 89 e5
0x00007fbfd5c096a4:   41 56 41 55 41 54 49 89 fc 53 48 89 f3 66 48 8d
0x00007fbfd5c096b4:   3d 27 5e 85 00 66 66 48 e8 df 43 8d ff 4c 8b 28
0x00007fbfd5c096c4:   8b 05 be 72 8a 00 85 c0 75 14 ba 01 00 00 00 48
0x00007fbfd5c096d4:   8d 0d ae 72 8a 00 f0 0f b1 11 85 c0 74 4e be c8
0x00007fbfd5c096e4:   00 00 00 4c 89 ef e8 01 0b 41 00 48 8d 05 12 ac
0x00007fbfd5c096f4:   85 00 49 89 d8 48 8d 0d e8 aa 53 00 ba 49 06 00
0x00007fbfd5c09704:   00 48 8d 35 3c 35 58 00 bf 00 00 00 e0 48 8b 00
0x00007fbfd5c09714:   c6 00 58 31 c0 e8 e2 91 c6 ff 5b 41 5c 41 5d 41
0x00007fbfd5c09724:   5e 5d e9 55 34 26 00 0f 1f 44 00 00 48 8d 05 81
0x00007fbfd5c09734:   a3 8b 00 48 89 df 4c 8b 30 e8 9e 43 8d ff 48 89
0x00007fbfd5c09744:   de 48 89 c2 49 8b 06 4c 89 f7 ff 50 08 4c 89 f7
0x00007fbfd5c09754:   e8 a7 5c 27 00 4d 85 e4 74 12 be 01 00 00 00 4c
0x00007fbfd5c09764:   89 e7 e8 35 43 fc ff eb 82 0f 1f 00 be 01 00 00
0x00007fbfd5c09774:   00 4c 89 ef e8 d3 fd ff ff e9 6d ff ff ff 66 66
0x00007fbfd5c09784:   2e 0f 1f 84 00 00 00 00 00 0f 1f 00 55 48 89 e5
0x00007fbfd5c09794:   41 57 41 56 41 55 41 54 53 48 81 ec 08 02 00 00
0x00007fbfd5c097a4:   64 48 8b 04 25 28 00 00 00 48 89 45 c8 8b 07 83
0x00007fbfd5c097b4:   f8 02 0f 84 11 04 00 00 4c 8b 6f 18 49 89 ff 49
0x00007fbfd5c097c4:   89 f4 4d 85 ed 74 14 4c 89 ef e8 5d 57 22 00 41
0x00007fbfd5c097d4:   8b 07 83 f8 02 0f 84 19 04 00 00 48 8d 1d 9a 06
0x00007fbfd5c097e4:   8a 00 4c 8d 35 0b 3c 58 00 eb 38 90 48 85 d2 7f
0x00007fbfd5c097f4:   0d 48 8d 05 b4 c0 85 00 48 83 38 00 7e 0e 41 8b
0x00007fbfd5c09804:   77 2c 4c 89 f7 31 c0 e8 a0 b2 f7 ff 49 8b 7f 18 


Stack slot to memory mapping:
stack at sp + 0 slots: 0x00007fbfb5518940 is pointing into the stack for thread: 0x00007fbfd00b1c30
stack at sp + 1 slots: 0x00007fbfd00b1c30 is a thread
stack at sp + 2 slots: 0x00007fbfd4a228c8 points into unknown readable memory: 0x65730018052dffff | ff ff 2d 05 18 00 73 65
stack at sp + 3 slots: 0x0000000800c417a0 is a pointer to class: 
jdk.vm.ci.services.Services {0x0000000800c417a0}
 - instance size:     2
 - klass size:        65
 - access:            public final synchronized 
 - state:             fully_initialized
 - name:              'jdk/vm/ci/services/Services'
 - super:             'java/lang/Object'
 - sub:               
 - arrays:            NULL
 - methods:           Array<T>(0x00007fbfb5c468f8)
 - method ordering:   Array<T>(0x0000000800928960)
 - default_methods:   Array<T>(0x0000000000000000)
 - local interfaces:  Array<T>(0x00000008005ce810)
 - trans. interfaces: Array<T>(0x00000008005ce810)
 - constants:         constant pool [427] {0x00007fbfb5c45868} for 'jdk/vm/ci/services/Services' cache=0x00007fbfb5c47bc8
 - class loader data:  loader data: 0x00007fbfd0027cc0 of 'bootstrap'
 - source file:       'Services.java'
 - class annotations:       Array<T>(0x0000000000000000)
 - class type annotations:  Array<T>(0x0000000000000000)
 - field annotations:       Array<T>(0x0000000000000000)
 - field type annotations:  Array<T>(0x0000000000000000)
 - inner classes:     Array<T>(0x00007fbfb5c47b98)
 - nest members:     Array<T>(0x00007fbfb5c47bb8)
 - permitted subclasses:     Array<T>(0x00000008005ce7a0)
 - java mirror:       a 'java/lang/Class'{0x00000000e017f330} = 'jdk/vm/ci/services/Services'
 - vtable length      5  (start addr: 0x0000000800c41970)
 - itable length      2 (start addr: 0x0000000800c41998)
 - ---- static fields (3 words):
 - public static final 'IS_BUILDING_NATIVE_IMAGE' 'Z' @128 
 - public static final 'IS_IN_NATIVE_IMAGE' 'Z' @129 
 - private static volatile 'savedProperties' 'Ljava/util/Map;' @112 
 - static final 'JVMCI_ENABLED' 'Z' @130 
 - private static final 'servicesCache' 'Ljava/util/Map;' @116 
 - private static final 'MAX_UNICODE_IN_UTF8_LENGTH' 'I' @120 
 - private static final 'MAX_UTF8_PROPERTY_STRING_LENGTH' 'I' @124 
 - ---- non-static fields (0 words):
 - non-static oop maps: 
stack at sp + 4 slots: 0x00007fbfb5518500 is pointing into the stack for thread: 0x00007fbfd00b1c30
stack at sp + 5 slots: 0x00007fbfd5bd52fe: <offset 0x000000000093e2fe> in /nix/store/gpxl5qgg8kicmcvivwmybwjlpf7wh20l-graalvm17-ce-22.3.0/lib/server/libjvm.so at 0x00007fbfd5297000
stack at sp + 6 slots: 0x00007fbfb55183e0 is pointing into the stack for thread: 0x00007fbfd00b1c30
stack at sp + 7 slots: 0x00007fbfb5518440 is pointing into the stack for thread: 0x00007fbfd00b1c30


---------------  P R O C E S S  ---------------

Threads class SMR info:
_java_thread_list=0x00007fbf040404e0, length=28, elements={
0x00007fbfd0025f60, 0x00007fbfd00a5f00, 0x00007fbfd00a7340, 0x00007fbfd00adaa0,
0x00007fbfd00aee50, 0x00007fbfd00b0240, 0x00007fbfd00b1c30, 0x00007fbfd00b3140,
0x00007fbfd00b41a0, 0x00007fbfd00d6c90, 0x00007fbfd011e520, 0x00007fbfd030af30,
0x00007fbfd0181d40, 0x00007fbfd017ee60, 0x00007fbfd0355fa0, 0x00007fbf64017170,
0x00007fbf642b8e60, 0x00007fbf6431cf90, 0x00007fbf6449a250, 0x00007fbf646925c0,
0x00007fbf4c001220, 0x00007fbfd040c7a0, 0x00007fbfd03bb6b0, 0x00007fbf34000ff0,
0x00007fbf401af350, 0x00007fbf401b6040, 0x00007fbf5807cfb0, 0x00007fbf401a8b60
}

Java Threads: ( => current thread )
  0x00007fbfd0025f60 JavaThread "main" [_thread_blocked, id=30, stack(0x00007fbfd50b2000,0x00007fbfd51b2000)]
  0x00007fbfd00a5f00 JavaThread "Reference Handler" daemon [_thread_blocked, id=33, stack(0x00007fbfd40c9000,0x00007fbfd41c9000)]
  0x00007fbfd00a7340 JavaThread "Finalizer" daemon [_thread_blocked, id=34, stack(0x00007fbfb5b00000,0x00007fbfb5c00000)]
  0x00007fbfd00adaa0 JavaThread "Signal Dispatcher" daemon [_thread_blocked, id=35, stack(0x00007fbfb571a000,0x00007fbfb581a000)]
  0x00007fbfd00aee50 JavaThread "Service Thread" daemon [_thread_blocked, id=36, stack(0x00007fbfb561a000,0x00007fbfb571a000)]
  0x00007fbfd00b0240 JavaThread "Monitor Deflation Thread" daemon [_thread_blocked, id=37, stack(0x00007fbfb551a000,0x00007fbfb561a000)]
=>0x00007fbfd00b1c30 JavaThread "JVMCI-native CompilerThread0" daemon [_thread_in_vm, id=38, stack(0x00007fbfb531a000,0x00007fbfb551a000)]
  0x00007fbfd00b3140 JavaThread "C1 CompilerThread0" daemon [_thread_blocked, id=39, stack(0x00007fbfb511a000,0x00007fbfb531a000)]
  0x00007fbfd00b41a0 JavaThread "Sweeper thread" daemon [_thread_blocked, id=40, stack(0x00007fbfb501a000,0x00007fbfb511a000)]
  0x00007fbfd00d6c90 JavaThread "Common-Cleaner" daemon [_thread_blocked, id=41, stack(0x00007fbfb4f1a000,0x00007fbfb501a000)]
  0x00007fbfd011e520 JavaThread "Notification Thread" daemon [_thread_blocked, id=42, stack(0x00007fbfb4e1a000,0x00007fbfb4f1a000)]
  0x00007fbfd030af30 JavaThread "Active Thread: Equinox Container: 047c16b3-a75d-4665-80f9-3087c9425c2b" [_thread_blocked, id=55, stack(0x00007fbfb4b00000,0x00007fbfb4c00000)]
  0x00007fbfd0181d40 JavaThread "Framework Event Dispatcher: Equinox Container: 047c16b3-a75d-4665-80f9-3087c9425c2b" daemon [_thread_blocked, id=64, stack(0x00007fbfb4900000,0x00007fbfb4a00000)]
  0x00007fbfd017ee60 JavaThread "Start Level: Equinox Container: 047c16b3-a75d-4665-80f9-3087c9425c2b" daemon [_thread_blocked, id=65, stack(0x00007fbfb4700000,0x00007fbfb4800000)]
  0x00007fbfd0355fa0 JavaThread "Refresh Thread: Equinox Container: 047c16b3-a75d-4665-80f9-3087c9425c2b" daemon [_thread_blocked, id=66, stack(0x00007fbfb4500000,0x00007fbfb4600000)]
  0x00007fbf64017170 JavaThread "SCR Component Actor" daemon [_thread_blocked, id=70, stack(0x00007fbfb4300000,0x00007fbfb4400000)]
  0x00007fbf642b8e60 JavaThread "Worker-JM" [_thread_blocked, id=86, stack(0x00007fbf7c900000,0x00007fbf7ca00000)]
  0x00007fbf6431cf90 JavaThread "Worker-0" [_thread_blocked, id=91, stack(0x00007fbf7c700000,0x00007fbf7c800000)]
  0x00007fbf6449a250 JavaThread "Java indexing" daemon [_thread_blocked, id=97, stack(0x00007fbf7c500000,0x00007fbf7c600000)]
  0x00007fbf646925c0 JavaThread "Bundle File Closer" daemon [_thread_blocked, id=101, stack(0x00007fbf7c300000,0x00007fbf7c400000)]
  0x00007fbf4c001220 JavaThread "Worker-2: Periodic workspace save." [_thread_blocked, id=108, stack(0x00007fbfb4100000,0x00007fbfb4200000)]
  0x00007fbfd040c7a0 JavaThread "pool-3-thread-1" [_thread_blocked, id=116, stack(0x00007fbf7c100000,0x00007fbf7c200000)]
  0x00007fbfd03bb6b0 JavaThread "pool-2-thread-1" [_thread_blocked, id=122, stack(0x00007fbf7bf00000,0x00007fbf7c000000)]
  0x00007fbf34000ff0 JavaThread "Worker-4: Java indexing... " [_thread_blocked, id=125, stack(0x00007fbf7bb00000,0x00007fbf7bc00000)]
  0x00007fbf401af350 JavaThread "Thread-6" [_thread_blocked, id=172, stack(0x00007fbf7b400000,0x00007fbf7b500000)]
  0x00007fbf401b6040 JavaThread "Thread-8" [_thread_blocked, id=175, stack(0x00007fbf7af00000,0x00007fbf7b000000)]
  0x00007fbf5807cfb0 JavaThread "Worker-5" [_thread_blocked, id=611, stack(0x00007fbf7bd00000,0x00007fbf7be00000)]
  0x00007fbf401a8b60 JavaThread "Thread-27" [_thread_blocked, id=617, stack(0x00007fbf7c600000,0x00007fbf7c700000)]

Other Threads:
  0x00007fbfd00a1640 VMThread "VM Thread" [stack: 0x00007fbfd41cb000,0x00007fbfd42cb000] [id=32] _threads_hazard_ptr=0x00007fbf040404e0
  0x00007fbfd011fec0 WatcherThread [stack: 0x00007fbfb4d1a000,0x00007fbfb4e1a000] [id=43]
  0x00007fbfd003d860 GCTaskThread "GC Thread#0" [stack: 0x00007fbfd4c75000,0x00007fbfd4d75000] [id=31]

Threads with active compile tasks:
JVMCI-native CompilerThread0  1991708 9880       4       jdk.internal.reflect.ClassFileAssembler::emitShort (24 bytes)

VM state: synchronizing (normal execution)

VM Mutex/Monitor currently owned by a thread:  ([mutex/lock_event])
[0x00007fbfd0023110] Threads_lock - owner thread: 0x00007fbfd00a1640
[0x00007fbfd00238c0] Heap_lock - owner thread: 0x00007fbf6449a250

OutOfMemory and StackOverflow Exception counts:
OutOfMemoryError java_heap_errors=2
LinkageErrors=56

Heap address: 0x00000000e0000000, size: 512 MB, Compressed Oops mode: 32-bit

CDS archive(s) mapped at: [0x0000000800000000-0x0000000800bc8000-0x0000000800bc8000), size 12353536, SharedBaseAddress: 0x0000000800000000, ArchiveRelocationMode: 0.
Compressed class space mapped at: 0x0000000800c00000-0x0000000840c00000, reserved size: 1073741824
Narrow klass base: 0x0000000800000000, Narrow klass shift: 0, Narrow klass range: 0x100000000

GC Precious Log:
 CPUs: 8 total, 1 available
 Memory: 1024M
 Large Page Support: Disabled
 NUMA Support: Disabled
 Compressed Oops: Enabled (32-bit)
 Alignments: Space 512K, Generation 512K, Heap 2M
 Heap Min Capacity: 100M
 Heap Initial Capacity: 100M
 Heap Max Capacity: 512M
 Pre-touch: Disabled
 Parallel Workers: 1

Heap:
 PSYoungGen      total 52736K, used 36351K [0x00000000f5580000, 0x00000000f9d00000, 0x0000000100000000)
  eden space 36352K, 99% used [0x00000000f5580000,0x00000000f78ffff0,0x00000000f7900000)
  from space 16384K, 0% used [0x00000000f8d00000,0x00000000f8d00000,0x00000000f9d00000)
  to   space 17408K, 0% used [0x00000000f7900000,0x00000000f7900000,0x00000000f8a00000)
 ParOldGen       total 349696K, used 349695K [0x00000000e0000000, 0x00000000f5580000, 0x00000000f5580000)
  object space 349696K, 99% used [0x00000000e0000000,0x00000000f557fd78,0x00000000f5580000)
 Metaspace       used 59149K, committed 59968K, reserved 1105920K
  class space    used 5646K, committed 6016K, reserved 1048576K

Card table byte_map: [0x00007fbfd4d75000,0x00007fbfd4e76000] _byte_map_base: 0x00007fbfd4675000

Marking Bits: (ParMarkBitMap*) 0x00007fbfd64c54c0
 Begin Bits: [0x00007fbfb64b3000, 0x00007fbfb6cb3000)
 End Bits:   [0x00007fbfb6cb3000, 0x00007fbfb74b3000)

Polling page: 0x00007fbfd508f000

Metaspace:

Usage:
  Non-class:     52.25 MB used.
      Class:      5.51 MB used.
       Both:     57.76 MB used.

Virtual space:
  Non-class space:       56.00 MB reserved,      52.69 MB ( 94%) committed,  7 nodes.
      Class space:        1.00 GB reserved,       5.88 MB ( <1%) committed,  1 nodes.
             Both:        1.05 GB reserved,      58.56 MB (  5%) committed. 

Chunk freelists:
   Non-Class:  2.47 MB
       Class:  2.15 MB
        Both:  4.63 MB

MaxMetaspaceSize: unlimited
CompressedClassSpaceSize: 1.00 GB
Initial GC threshold: 21.00 MB
Current GC threshold: 97.50 MB
CDS: on
MetaspaceReclaimPolicy: balanced
 - commit_granule_bytes: 65536.
 - commit_granule_words: 8192.
 - virtual_space_node_default_size: 1048576.
 - enlarge_chunks_in_place: 1.
 - new_chunks_are_fully_committed: 0.
 - uncommit_free_chunks: 1.
 - use_allocation_guard: 0.
 - handle_deallocations: 1.


Internal statistics:

num_allocs_failed_limit: 6.
num_arena_births: 374.
num_arena_deaths: 74.
num_vsnodes_births: 8.
num_vsnodes_deaths: 0.
num_space_committed: 936.
num_space_uncommitted: 0.
num_chunks_returned_to_freelist: 99.
num_chunks_taken_from_freelist: 2656.
num_chunk_merges: 35.
num_chunk_splits: 1727.
num_chunks_enlarged: 1089.
num_purges: 6.
num_inconsistent_stats: 0.

CodeHeap 'non-profiled nmethods': size=120036Kb used=2739Kb max_used=2739Kb free=117296Kb
 bounds [0x00007fbfbef7a000, 0x00007fbfbf22a000, 0x00007fbfc64b3000]
CodeHeap 'profiled nmethods': size=120032Kb used=17284Kb max_used=17284Kb free=102747Kb
 bounds [0x00007fbfb7a42000, 0x00007fbfb8b32000, 0x00007fbfbef7a000]
CodeHeap 'non-nmethods': size=5692Kb used=1397Kb max_used=1400Kb free=4294Kb
 bounds [0x00007fbfb74b3000, 0x00007fbfb7723000, 0x00007fbfb7a42000]
 total_blobs=8054 nmethods=7324 adapters=615
 compilation: enabled
              stopped_count=0, restarted_count=0
 full_count=0

JVMCI Events (20 events):
Event: 1382.085 Thread 0x00007fbfd00b1c30 destroyed JavaVM[7]@0x00007fbf7a79e340 for JVMCI runtime 0
Event: 1382.085 Thread 0x00007fbfd00b1c30 compacted oop handles in JVMCI runtime 0 from 84 to 84
Event: 1382.085 Thread 0x00007fbfd00b1c30 releasing handles for JVMCI runtime 0: oop handles=84, metadata handles={total=128, live=119, blocks=51}
Event: 1382.085 Thread 0x00007fbfd00b1c30 detached from JVMCI runtime 0
Event: 1399.850 Thread 0x00007fbfd00b1c30 attached to JVMCI runtime 0
Event: 1399.855 Thread 0x00007fbfd00b1c30 created JavaVM[8]@0x00007fbf7a79e340 for JVMCI runtime 0
Event: 1399.855 Thread 0x00007fbfd00b1c30 initializing JVMCI runtime 0
Event: 1399.855 Thread 0x00007fbfd00b1c30 done waiting for JavaVM references initialization in JVMCI runtime 0
Event: 1527.027 Thread 0x00007fbfd00b1c30 initialized JVMCI runtime 0
Event: 1595.541 Thread 0x00007fbfd00b1c30 detaching from JVMCI runtime 0: releasing idle compiler thread (0 other threads still attached)
Event: 1595.541 Thread 0x00007fbfd00b1c30 shutting down HotSpotJVMCIRuntime for JVMCI runtime 0
Event: 1597.781 Thread 0x00007fbfd00b1c30 shut down JVMCI runtime 0
Event: 1597.784 Thread 0x00007fbfd00b1c30 destroyed JavaVM[8]@0x00007fbf7a79e340 for JVMCI runtime 0
Event: 1597.784 Thread 0x00007fbfd00b1c30 compacted oop handles in JVMCI runtime 0 from 52 to 52
Event: 1597.784 Thread 0x00007fbfd00b1c30 releasing handles for JVMCI runtime 0: oop handles=52, metadata handles={total=96, live=92, blocks=51}
Event: 1597.784 Thread 0x00007fbfd00b1c30 detached from JVMCI runtime 0
Event: 1891.578 Thread 0x00007fbfd00b1c30 attached to JVMCI runtime 0
Event: 1891.581 Thread 0x00007fbfd00b1c30 created JavaVM[9]@0x00007fbf7a79e340 for JVMCI runtime 0
Event: 1896.305 Thread 0x00007fbfd00b1c30 initializing JVMCI runtime 0
Event: 1896.305 Thread 0x00007fbfd00b1c30 done waiting for JavaVM references initialization in JVMCI runtime 0

Compilation events (20 events):
Event: 1593.468 Thread 0x00007fbfd00b1c30 nmethod 9869 0x00007fbfbf224a10 code [0x00007fbfbf224be0, 0x00007fbfbf225570]
Event: 1593.469 Thread 0x00007fbfd00b1c30 9870       4       org.eclipse.jdt.core.dom.DefaultCommentMapper::getCommentIndex (188 bytes)
Event: 1593.480 Thread 0x00007fbfd00b1c30 nmethod 9870 0x00007fbfbf225a10 code [0x00007fbfbf225ba0, 0x00007fbfbf225ea0]
Event: 1602.585 Thread 0x00007fbfd00b3140 9872       3       java.util.concurrent.ThreadPoolExecutor::workerCountOf (5 bytes)
Event: 1602.585 Thread 0x00007fbfd00b3140 nmethod 9872 0x00007fbfb8b21b10 code [0x00007fbfb8b21ca0, 0x00007fbfb8b21d90]
Event: 1604.773 Thread 0x00007fbfd00b3140 9873       3       java.util.concurrent.ScheduledThreadPoolExecutor$DelayedWorkQueue::setIndex (16 bytes)
Event: 1604.773 Thread 0x00007fbfd00b3140 nmethod 9873 0x00007fbfb8b21e10 code [0x00007fbfb8b21fc0, 0x00007fbfb8b22590]
Event: 1637.276 Thread 0x00007fbfd00b3140 9874       1       java.util.concurrent.ThreadPoolExecutor::getQueue (5 bytes)
Event: 1637.277 Thread 0x00007fbfd00b3140 nmethod 9874 0x00007fbfbf226110 code [0x00007fbfbf2262a0, 0x00007fbfbf226370]
Event: 1692.220 Thread 0x00007fbfd00b3140 9875       3       java.util.concurrent.locks.AbstractQueuedSynchronizer$ConditionObject::canReacquire (28 bytes)
Event: 1692.221 Thread 0x00007fbfd00b3140 nmethod 9875 0x00007fbfb8b22690 code [0x00007fbfb8b22840, 0x00007fbfb8b22b90]
Event: 1705.052 Thread 0x00007fbfd00b3140 9876       1       org.eclipse.jdt.internal.core.SourceRefElementInfo::getDeclarationSourceStart (5 bytes)
Event: 1705.052 Thread 0x00007fbfd00b3140 nmethod 9876 0x00007fbfbf226410 code [0x00007fbfbf2265a0, 0x00007fbfbf226670]
Event: 1705.052 Thread 0x00007fbfd00b3140 9877       1       org.eclipse.jdt.internal.core.SourceRefElementInfo::getDeclarationSourceEnd (5 bytes)
Event: 1705.052 Thread 0x00007fbfd00b3140 nmethod 9877 0x00007fbfbf226710 code [0x00007fbfbf2268a0, 0x00007fbfbf226970]
Event: 1709.065 Thread 0x00007fbfd00b3140 9878       3       org.eclipse.core.runtime.SubMonitor::setWorkRemaining (140 bytes)
Event: 1709.066 Thread 0x00007fbfd00b3140 nmethod 9878 0x00007fbfb8b22d10 code [0x00007fbfb8b22f00, 0x00007fbfb8b232e0]
Event: 1719.193 Thread 0x00007fbfd00b3140 9879       1       java.io.ObjectStreamField::getName (5 bytes)
Event: 1719.193 Thread 0x00007fbfd00b3140 nmethod 9879 0x00007fbfbf226a10 code [0x00007fbfbf226ba0, 0x00007fbfbf226c70]
Event: 1891.578 Thread 0x00007fbfd00b1c30 9880       4       jdk.internal.reflect.ClassFileAssembler::emitShort (24 bytes)

GC Heap History (20 events):
Event: 1969.150 GC heap before
{Heap before GC invocations=891 (full 787):
 PSYoungGen      total 52736K, used 36351K [0x00000000f5580000, 0x00000000f9d00000, 0x0000000100000000)
  eden space 36352K, 99% used [0x00000000f5580000,0x00000000f78fffe0,0x00000000f7900000)
  from space 16384K, 0% used [0x00000000f8d00000,0x00000000f8d00000,0x00000000f9d00000)
  to   space 17408K, 0% used [0x00000000f7900000,0x00000000f7900000,0x00000000f8a00000)
 ParOldGen       total 349696K, used 349695K [0x00000000e0000000, 0x00000000f5580000, 0x00000000f5580000)
  object space 349696K, 99% used [0x00000000e0000000,0x00000000f557ff20,0x00000000f5580000)
 Metaspace       used 59149K, committed 59968K, reserved 1105920K
  class space    used 5646K, committed 6016K, reserved 1048576K
}
Event: 1971.371 GC heap after
{Heap after GC invocations=891 (full 787):
 PSYoungGen      total 53760K, used 36351K [0x00000000f5580000, 0x00000000f9d00000, 0x0000000100000000)
  eden space 36352K, 99% used [0x00000000f5580000,0x00000000f78fffb0,0x00000000f7900000)
  from space 17408K, 0% used [0x00000000f7900000,0x00000000f7900000,0x00000000f8a00000)
  to   space 16384K, 0% used [0x00000000f8d00000,0x00000000f8d00000,0x00000000f9d00000)
 ParOldGen       total 349696K, used 349695K [0x00000000e0000000, 0x00000000f5580000, 0x00000000f5580000)
  object space 349696K, 99% used [0x00000000e0000000,0x00000000f557fef0,0x00000000f5580000)
 Metaspace       used 59149K, committed 59968K, reserved 1105920K
  class space    used 5646K, committed 6016K, reserved 1048576K
}
Event: 1971.375 GC heap before
{Heap before GC invocations=892 (full 788):
 PSYoungGen      total 53760K, used 36352K [0x00000000f5580000, 0x00000000f9d00000, 0x0000000100000000)
  eden space 36352K, 100% used [0x00000000f5580000,0x00000000f7900000,0x00000000f7900000)
  from space 17408K, 0% used [0x00000000f7900000,0x00000000f7900000,0x00000000f8a00000)
  to   space 16384K, 0% used [0x00000000f8d00000,0x00000000f8d00000,0x00000000f9d00000)
 ParOldGen       total 349696K, used 349695K [0x00000000e0000000, 0x00000000f5580000, 0x00000000f5580000)
  object space 349696K, 99% used [0x00000000e0000000,0x00000000f557fef0,0x00000000f5580000)
 Metaspace       used 59149K, committed 59968K, reserved 1105920K
  class space    used 5646K, committed 6016K, reserved 1048576K
}
Event: 1973.596 GC heap after
{Heap after GC invocations=892 (full 788):
 PSYoungGen      total 52736K, used 36351K [0x00000000f5580000, 0x00000000f9d00000, 0x0000000100000000)
  eden space 36352K, 99% used [0x00000000f5580000,0x00000000f78fffe8,0x00000000f7900000)
  from space 16384K, 0% used [0x00000000f8d00000,0x00000000f8d00000,0x00000000f9d00000)
  to   space 17408K, 0% used [0x00000000f7900000,0x00000000f7900000,0x00000000f8a00000)
 ParOldGen       total 349696K, used 349695K [0x00000000e0000000, 0x00000000f5580000, 0x00000000f5580000)
  object space 349696K, 99% used [0x00000000e0000000,0x00000000f557fed0,0x00000000f5580000)
 Metaspace       used 59149K, committed 59968K, reserved 1105920K
  class space    used 5646K, committed 6016K, reserved 1048576K
}
Event: 1973.597 GC heap before
{Heap before GC invocations=893 (full 789):
 PSYoungGen      total 52736K, used 36352K [0x00000000f5580000, 0x00000000f9d00000, 0x0000000100000000)
  eden space 36352K, 100% used [0x00000000f5580000,0x00000000f7900000,0x00000000f7900000)
  from space 16384K, 0% used [0x00000000f8d00000,0x00000000f8d00000,0x00000000f9d00000)
  to   space 17408K, 0% used [0x00000000f7900000,0x00000000f7900000,0x00000000f8a00000)
 ParOldGen       total 349696K, used 349695K [0x00000000e0000000, 0x00000000f5580000, 0x00000000f5580000)
  object space 349696K, 99% used [0x00000000e0000000,0x00000000f557fed0,0x00000000f5580000)
 Metaspace       used 59149K, committed 59968K, reserved 1105920K
  class space    used 5646K, committed 6016K, reserved 1048576K
}
Event: 1975.541 GC heap after
{Heap after GC invocations=893 (full 789):
 PSYoungGen      total 53760K, used 36352K [0x00000000f5580000, 0x00000000f9d00000, 0x0000000100000000)
  eden space 36352K, 100% used [0x00000000f5580000,0x00000000f7900000,0x00000000f7900000)
  from space 17408K, 0% used [0x00000000f7900000,0x00000000f7900000,0x00000000f8a00000)
  to   space 16384K, 0% used [0x00000000f8d00000,0x00000000f8d00000,0x00000000f9d00000)
 ParOldGen       total 349696K, used 349695K [0x00000000e0000000, 0x00000000f5580000, 0x00000000f5580000)
  object space 349696K, 99% used [0x00000000e0000000,0x00000000f557fed0,0x00000000f5580000)
 Metaspace       used 59149K, committed 59968K, reserved 1105920K
  class space    used 5646K, committed 6016K, reserved 1048576K
}
Event: 1975.541 GC heap before
{Heap before GC invocations=894 (full 790):
 PSYoungGen      total 53760K, used 36352K [0x00000000f5580000, 0x00000000f9d00000, 0x0000000100000000)
  eden space 36352K, 100% used [0x00000000f5580000,0x00000000f7900000,0x00000000f7900000)
  from space 17408K, 0% used [0x00000000f7900000,0x00000000f7900000,0x00000000f8a00000)
  to   space 16384K, 0% used [0x00000000f8d00000,0x00000000f8d00000,0x00000000f9d00000)
 ParOldGen       total 349696K, used 349695K [0x00000000e0000000, 0x00000000f5580000, 0x00000000f5580000)
  object space 349696K, 99% used [0x00000000e0000000,0x00000000f557fff8,0x00000000f5580000)
 Metaspace       used 59149K, committed 59968K, reserved 1105920K
  class space    used 5646K, committed 6016K, reserved 1048576K
}
Event: 1977.615 GC heap after
{Heap after GC invocations=894 (full 790):
 PSYoungGen      total 52736K, used 36352K [0x00000000f5580000, 0x00000000f9d00000, 0x0000000100000000)
  eden space 36352K, 100% used [0x00000000f5580000,0x00000000f7900000,0x00000000f7900000)
  from space 16384K, 0% used [0x00000000f8d00000,0x00000000f8d00000,0x00000000f9d00000)
  to   space 17408K, 0% used [0x00000000f7900000,0x00000000f7900000,0x00000000f8a00000)
 ParOldGen       total 349696K, used 349695K [0x00000000e0000000, 0x00000000f5580000, 0x00000000f5580000)
  object space 349696K, 99% used [0x00000000e0000000,0x00000000f557ff00,0x00000000f5580000)
 Metaspace       used 59149K, committed 59968K, reserved 1105920K
  class space    used 5646K, committed 6016K, reserved 1048576K
}
Event: 1977.616 GC heap before
{Heap before GC invocations=895 (full 791):
 PSYoungGen      total 52736K, used 36352K [0x00000000f5580000, 0x00000000f9d00000, 0x0000000100000000)
  eden space 36352K, 100% used [0x00000000f5580000,0x00000000f7900000,0x00000000f7900000)
  from space 16384K, 0% used [0x00000000f8d00000,0x00000000f8d00000,0x00000000f9d00000)
  to   space 17408K, 0% used [0x00000000f7900000,0x00000000f7900000,0x00000000f8a00000)
 ParOldGen       total 349696K, used 349696K [0x00000000e0000000, 0x00000000f5580000, 0x00000000f5580000)
  object space 349696K, 100% used [0x00000000e0000000,0x00000000f5580000,0x00000000f5580000)
 Metaspace       used 59149K, committed 59968K, reserved 1105920K
  class space    used 5646K, committed 6016K, reserved 1048576K
}
Event: 1979.918 GC heap after
{Heap after GC invocations=895 (full 791):
 PSYoungGen      total 53760K, used 36352K [0x00000000f5580000, 0x00000000f9d00000, 0x0000000100000000)
  eden space 36352K, 100% used [0x00000000f5580000,0x00000000f7900000,0x00000000f7900000)
  from space 17408K, 0% used [0x00000000f7900000,0x00000000f7900000,0x00000000f8a00000)
  to   space 16384K, 0% used [0x00000000f8d00000,0x00000000f8d00000,0x00000000f9d00000)
 ParOldGen       total 349696K, used 349695K [0x00000000e0000000, 0x00000000f5580000, 0x00000000f5580000)
  object space 349696K, 99% used [0x00000000e0000000,0x00000000f557ff00,0x00000000f5580000)
 Metaspace       used 59149K, committed 59968K, reserved 1105920K
  class space    used 5646K, committed 6016K, reserved 1048576K
}
Event: 1979.918 GC heap before
{Heap before GC invocations=896 (full 792):
 PSYoungGen      total 53760K, used 36352K [0x00000000f5580000, 0x00000000f9d00000, 0x0000000100000000)
  eden space 36352K, 100% used [0x00000000f5580000,0x00000000f7900000,0x00000000f7900000)
  from space 17408K, 0% used [0x00000000f7900000,0x00000000f7900000,0x00000000f8a00000)
  to   space 16384K, 0% used [0x00000000f8d00000,0x00000000f8d00000,0x00000000f9d00000)
 ParOldGen       total 349696K, used 349696K [0x00000000e0000000, 0x00000000f5580000, 0x00000000f5580000)
  object space 349696K, 100% used [0x00000000e0000000,0x00000000f5580000,0x00000000f5580000)
 Metaspace       used 59149K, committed 59968K, reserved 1105920K
  class space    used 5646K, committed 6016K, reserved 1048576K
}
Event: 1982.222 GC heap after
{Heap after GC invocations=896 (full 792):
 PSYoungGen      total 52736K, used 36352K [0x00000000f5580000, 0x00000000f9d00000, 0x0000000100000000)
  eden space 36352K, 100% used [0x00000000f5580000,0x00000000f7900000,0x00000000f7900000)
  from space 16384K, 0% used [0x00000000f8d00000,0x00000000f8d00000,0x00000000f9d00000)
  to   space 17408K, 0% used [0x00000000f7900000,0x00000000f7900000,0x00000000f8a00000)
 ParOldGen       total 349696K, used 349695K [0x00000000e0000000, 0x00000000f5580000, 0x00000000f5580000)
  object space 349696K, 99% used [0x00000000e0000000,0x00000000f557ff00,0x00000000f5580000)
 Metaspace       used 59149K, committed 59968K, reserved 1105920K
  class space    used 5646K, committed 6016K, reserved 1048576K
}
Event: 1982.222 GC heap before
{Heap before GC invocations=897 (full 793):
 PSYoungGen      total 52736K, used 36352K [0x00000000f5580000, 0x00000000f9d00000, 0x0000000100000000)
  eden space 36352K, 100% used [0x00000000f5580000,0x00000000f7900000,0x00000000f7900000)
  from space 16384K, 0% used [0x00000000f8d00000,0x00000000f8d00000,0x00000000f9d00000)
  to   space 17408K, 0% used [0x00000000f7900000,0x00000000f7900000,0x00000000f8a00000)
 ParOldGen       total 349696K, used 349695K [0x00000000e0000000, 0x00000000f5580000, 0x00000000f5580000)
  object space 349696K, 99% used [0x00000000e0000000,0x00000000f557ff98,0x00000000f5580000)
 Metaspace       used 59149K, committed 59968K, reserved 1105920K
  class space    used 5646K, committed 6016K, reserved 1048576K
}
Event: 1984.458 GC heap after
{Heap after GC invocations=897 (full 793):
 PSYoungGen      total 53760K, used 36351K [0x00000000f5580000, 0x00000000f9d00000, 0x0000000100000000)
  eden space 36352K, 99% used [0x00000000f5580000,0x00000000f78fffe0,0x00000000f7900000)
  from space 17408K, 0% used [0x00000000f7900000,0x00000000f7900000,0x00000000f8a00000)
  to   space 16384K, 0% used [0x00000000f8d00000,0x00000000f8d00000,0x00000000f9d00000)
 ParOldGen       total 349696K, used 349695K [0x00000000e0000000, 0x00000000f5580000, 0x00000000f5580000)
  object space 349696K, 99% used [0x00000000e0000000,0x00000000f557ff18,0x00000000f5580000)
 Metaspace       used 59149K, committed 59968K, reserved 1105920K
  class space    used 5646K, committed 6016K, reserved 1048576K
}
Event: 1984.458 GC heap before
{Heap before GC invocations=898 (full 794):
 PSYoungGen      total 53760K, used 36351K [0x00000000f5580000, 0x00000000f9d00000, 0x0000000100000000)
  eden space 36352K, 99% used [0x00000000f5580000,0x00000000f78fffe0,0x00000000f7900000)
  from space 17408K, 0% used [0x00000000f7900000,0x00000000f7900000,0x00000000f8a00000)
  to   space 16384K, 0% used [0x00000000f8d00000,0x00000000f8d00000,0x00000000f9d00000)
 ParOldGen       total 349696K, used 349695K [0x00000000e0000000, 0x00000000f5580000, 0x00000000f5580000)
  object space 349696K, 99% used [0x00000000e0000000,0x00000000f557ff18,0x00000000f5580000)
 Metaspace       used 59149K, committed 59968K, reserved 1105920K
  class space    used 5646K, committed 6016K, reserved 1048576K
}
Event: 1986.900 GC heap after
{Heap after GC invocations=898 (full 794):
 PSYoungGen      total 52736K, used 36351K [0x00000000f5580000, 0x00000000f9d00000, 0x0000000100000000)
  eden space 36352K, 99% used [0x00000000f5580000,0x00000000f78fffe0,0x00000000f7900000)
  from space 16384K, 0% used [0x00000000f8d00000,0x00000000f8d00000,0x00000000f9d00000)
  to   space 17408K, 0% used [0x00000000f7900000,0x00000000f7900000,0x00000000f8a00000)
 ParOldGen       total 349696K, used 349695K [0x00000000e0000000, 0x00000000f5580000, 0x00000000f5580000)
  object space 349696K, 99% used [0x00000000e0000000,0x00000000f557ff18,0x00000000f5580000)
 Metaspace       used 59149K, committed 59968K, reserved 1105920K
  class space    used 5646K, committed 6016K, reserved 1048576K
}
Event: 1986.902 GC heap before
{Heap before GC invocations=899 (full 795):
 PSYoungGen      total 52736K, used 36351K [0x00000000f5580000, 0x00000000f9d00000, 0x0000000100000000)
  eden space 36352K, 99% used [0x00000000f5580000,0x00000000f78ffff8,0x00000000f7900000)
  from space 16384K, 0% used [0x00000000f8d00000,0x00000000f8d00000,0x00000000f9d00000)
  to   space 17408K, 0% used [0x00000000f7900000,0x00000000f7900000,0x00000000f8a00000)
 ParOldGen       total 349696K, used 349695K [0x00000000e0000000, 0x00000000f5580000, 0x00000000f5580000)
  object space 349696K, 99% used [0x00000000e0000000,0x00000000f557ff48,0x00000000f5580000)
 Metaspace       used 59149K, committed 59968K, reserved 1105920K
  class space    used 5646K, committed 6016K, reserved 1048576K
}
Event: 1989.469 GC heap after
{Heap after GC invocations=899 (full 795):
 PSYoungGen      total 53760K, used 36351K [0x00000000f5580000, 0x00000000f9d00000, 0x0000000100000000)
  eden space 36352K, 99% used [0x00000000f5580000,0x00000000f78ffff8,0x00000000f7900000)
  from space 17408K, 0% used [0x00000000f7900000,0x00000000f7900000,0x00000000f8a00000)
  to   space 16384K, 0% used [0x00000000f8d00000,0x00000000f8d00000,0x00000000f9d00000)
 ParOldGen       total 349696K, used 349695K [0x00000000e0000000, 0x00000000f5580000, 0x00000000f5580000)
  object space 349696K, 99% used [0x00000000e0000000,0x00000000f557fc08,0x00000000f5580000)
 Metaspace       used 59149K, committed 59968K, reserved 1105920K
  class space    used 5646K, committed 6016K, reserved 1048576K
}
Event: 1989.474 GC heap before
{Heap before GC invocations=900 (full 796):
 PSYoungGen      total 53760K, used 36351K [0x00000000f5580000, 0x00000000f9d00000, 0x0000000100000000)
  eden space 36352K, 99% used [0x00000000f5580000,0x00000000f78ffff8,0x00000000f7900000)
  from space 17408K, 0% used [0x00000000f7900000,0x00000000f7900000,0x00000000f8a00000)
  to   space 16384K, 0% used [0x00000000f8d00000,0x00000000f8d00000,0x00000000f9d00000)
 ParOldGen       total 349696K, used 349695K [0x00000000e0000000, 0x00000000f5580000, 0x00000000f5580000)
  object space 349696K, 99% used [0x00000000e0000000,0x00000000f557fd78,0x00000000f5580000)
 Metaspace       used 59149K, committed 59968K, reserved 1105920K
  class space    used 5646K, committed 6016K, reserved 1048576K
}
Event: 1991.605 GC heap after
{Heap after GC invocations=900 (full 796):
 PSYoungGen      total 52736K, used 36351K [0x00000000f5580000, 0x00000000f9d00000, 0x0000000100000000)
  eden space 36352K, 99% used [0x00000000f5580000,0x00000000f78fff90,0x00000000f7900000)
  from space 16384K, 0% used [0x00000000f8d00000,0x00000000f8d00000,0x00000000f9d00000)
  to   space 17408K, 0% used [0x00000000f7900000,0x00000000f7900000,0x00000000f8a00000)
 ParOldGen       total 349696K, used 349695K [0x00000000e0000000, 0x00000000f5580000, 0x00000000f5580000)
  object space 349696K, 99% used [0x00000000e0000000,0x00000000f557fd78,0x00000000f5580000)
 Metaspace       used 59149K, committed 59968K, reserved 1105920K
  class space    used 5646K, committed 6016K, reserved 1048576K
}

Dll operation events (9 events):
Event: 0.006 Loaded shared library /nix/store/gpxl5qgg8kicmcvivwmybwjlpf7wh20l-graalvm17-ce-22.3.0/lib/libjava.so
Event: 0.019 Loaded shared library /nix/store/gpxl5qgg8kicmcvivwmybwjlpf7wh20l-graalvm17-ce-22.3.0/lib/libjsvml.so
Event: 0.432 Loaded shared library /nix/store/gpxl5qgg8kicmcvivwmybwjlpf7wh20l-graalvm17-ce-22.3.0/lib/libnio.so
Event: 0.451 Loaded shared library /nix/store/gpxl5qgg8kicmcvivwmybwjlpf7wh20l-graalvm17-ce-22.3.0/lib/libzip.so
Event: 0.456 Loaded shared library /nix/store/gpxl5qgg8kicmcvivwmybwjlpf7wh20l-graalvm17-ce-22.3.0/lib/libjvmcicompiler.so
Event: 1.115 Loaded shared library /nix/store/gpxl5qgg8kicmcvivwmybwjlpf7wh20l-graalvm17-ce-22.3.0/lib/libjimage.so
Event: 2.079 Loaded shared library /nix/store/gpxl5qgg8kicmcvivwmybwjlpf7wh20l-graalvm17-ce-22.3.0/lib/libnet.so
Event: 7.368 Loaded shared library /home/runner/.cache/jdt-language-server/config/org.eclipse.equinox.launcher/org.eclipse.equinox.launcher.gtk.linux.x86_64_1.2.400.v20211117-0650/eclipse_11600.so
Event: 28.613 Loaded shared library /nix/store/gpxl5qgg8kicmcvivwmybwjlpf7wh20l-graalvm17-ce-22.3.0/lib/libextnet.so

Deoptimization events (20 events):
Event: 128.285 Thread 0x00007fbf401ad160 Uncommon trap: trap_request=0xffffffed fr.pc=0x00007fbfbf0b1242 relative=0x00000000000003c2
Event: 128.285 Thread 0x00007fbf401ad160 Uncommon trap: reason=null_assert_or_unreached0 action=reinterpret pc=0x00007fbfbf0b1242 method=java.lang.ThreadLocal$ThreadLocalMap.set(Ljava/lang/ThreadLocal;Ljava/lang/Object;)V @ 116 jvmci
Event: 128.285 Thread 0x00007fbf401ad160 DEOPT PACKING pc=0x00007fbfbf0b1242 sp=0x00007fbf7adfdad0
Event: 128.286 Thread 0x00007fbf401ad160 DEOPT UNPACKING pc=0x00007fbfb7505325 sp=0x00007fbf7adfcf78 mode 3
Event: 130.979 Thread 0x00007fbf401a9420 Uncommon trap: trap_request=0xffffffc4 fr.pc=0x00007fbfbf20059d relative=0x000000000000049d
Event: 130.979 Thread 0x00007fbf401a9420 Uncommon trap: reason=bimorphic_or_optimized_type_check action=make_not_entrant pc=0x00007fbfbf20059d method=org.eclipse.jdt.internal.compiler.parser.Scanner.areRestrictedModuleKeywordsActive()Z @ 19 jvmci
Event: 130.980 Thread 0x00007fbf401b0220 Uncommon trap: trap_request=0xffffffc4 fr.pc=0x00007fbfbf20059d relative=0x000000000000049d
Event: 130.980 Thread 0x00007fbf401b0220 Uncommon trap: reason=bimorphic_or_optimized_type_check action=make_not_entrant pc=0x00007fbfbf20059d method=org.eclipse.jdt.internal.compiler.parser.Scanner.areRestrictedModuleKeywordsActive()Z @ 19 jvmci
Event: 130.980 Thread 0x00007fbf401b0220 DEOPT PACKING pc=0x00007fbfbf20059d sp=0x00007fbf7b5fdbe0
Event: 130.980 Thread 0x00007fbf401b0220 DEOPT UNPACKING pc=0x00007fbfb7505325 sp=0x00007fbf7b5fd030 mode 3
Event: 130.982 Thread 0x00007fbf401a9420 DEOPT PACKING pc=0x00007fbfbf20059d sp=0x00007fbf7b7fdbe0
Event: 130.982 Thread 0x00007fbf401a9420 DEOPT UNPACKING pc=0x00007fbfb7505325 sp=0x00007fbf7b7fd030 mode 3
Event: 143.967 Thread 0x00007fbf401a8b60 DEOPT PACKING pc=0x00007fbfb876f8c8 sp=0x00007fbf7adfc960
Event: 143.967 Thread 0x00007fbf401a8b60 DEOPT UNPACKING pc=0x00007fbfb7505325 sp=0x00007fbf7adfbe28 mode 0
Event: 146.309 Thread 0x00007fbf401a8b60 DEOPT PACKING pc=0x00007fbfb876f8c8 sp=0x00007fbf7adfca20
Event: 146.309 Thread 0x00007fbf401a8b60 DEOPT UNPACKING pc=0x00007fbfb7505325 sp=0x00007fbf7adfbee8 mode 0
Event: 1964.541 Thread 0x00007fbf6449a250 Uncommon trap: trap_request=0xffffff8f fr.pc=0x00007fbfbf1eb2c8 relative=0x0000000000001208
Event: 1964.541 Thread 0x00007fbf6449a250 Uncommon trap: reason=constraint action=none pc=0x00007fbfbf1eb2c8 method=org.eclipse.jdt.internal.core.index.DiskIndex.copyQueryResults(Lorg/eclipse/jdt/internal/compiler/util/HashtableOfObject;I)V @ 123 jvmci
Event: 1964.541 Thread 0x00007fbf6449a250 DEOPT PACKING pc=0x00007fbfbf1eb2c8 sp=0x00007fbf7c5fe530
Event: 1964.541 Thread 0x00007fbf6449a250 DEOPT UNPACKING pc=0x00007fbfb7505325 sp=0x00007fbf7c5fda28 mode 3

Classes unloaded (20 events):
Event: 139.536 Thread 0x00007fbfd00a1640 Unloading class 0x0000000800d99000 'java/lang/invoke/LambdaForm$MH+0x0000000800d99000'
Event: 139.536 Thread 0x00007fbfd00a1640 Unloading class 0x0000000800d98c00 'java/lang/invoke/LambdaForm$MH+0x0000000800d98c00'
Event: 139.536 Thread 0x00007fbfd00a1640 Unloading class 0x0000000800d98800 'java/lang/invoke/LambdaForm$MH+0x0000000800d98800'
Event: 139.536 Thread 0x00007fbfd00a1640 Unloading class 0x0000000800d98400 'java/lang/invoke/LambdaForm$MH+0x0000000800d98400'
Event: 139.536 Thread 0x00007fbfd00a1640 Unloading class 0x0000000800d98000 'jdk/internal/reflect/GeneratedConstructorAccessor3'
Event: 139.536 Thread 0x00007fbfd00a1640 Unloading class 0x0000000800d06800 'java/lang/invoke/LambdaForm$MH+0x0000000800d06800'
Event: 139.536 Thread 0x00007fbfd00a1640 Unloading class 0x0000000800d06000 'java/lang/invoke/LambdaForm$MH+0x0000000800d06000'
Event: 139.536 Thread 0x00007fbfd00a1640 Unloading class 0x0000000800d05c00 'java/lang/invoke/LambdaForm$MH+0x0000000800d05c00'
Event: 139.536 Thread 0x00007fbfd00a1640 Unloading class 0x0000000800d05800 'java/lang/invoke/LambdaForm$MH+0x0000000800d05800'
Event: 139.536 Thread 0x00007fbfd00a1640 Unloading class 0x0000000800d05000 'java/lang/invoke/LambdaForm$MH+0x0000000800d05000'
Event: 139.536 Thread 0x00007fbfd00a1640 Unloading class 0x0000000800d04c00 'java/lang/invoke/LambdaForm$MH+0x0000000800d04c00'
Event: 139.536 Thread 0x00007fbfd00a1640 Unloading class 0x0000000800d04800 'java/lang/invoke/LambdaForm$MH+0x0000000800d04800'
Event: 139.536 Thread 0x00007fbfd00a1640 Unloading class 0x0000000800d04000 'java/lang/invoke/LambdaForm$MH+0x0000000800d04000'
Event: 139.536 Thread 0x00007fbfd00a1640 Unloading class 0x0000000800c1d000 'jdk/internal/reflect/GeneratedMethodAccessor5'
Event: 139.536 Thread 0x00007fbfd00a1640 Unloading class 0x0000000800c1cc00 'jdk/internal/reflect/GeneratedMethodAccessor4'
Event: 139.536 Thread 0x00007fbfd00a1640 Unloading class 0x0000000800c1c800 'jdk/internal/reflect/GeneratedMethodAccessor3'
Event: 139.536 Thread 0x00007fbfd00a1640 Unloading class 0x0000000800c1c400 'jdk/internal/reflect/GeneratedMethodAccessor2'
Event: 139.536 Thread 0x00007fbfd00a1640 Unloading class 0x0000000800c1c000 'jdk/internal/reflect/GeneratedMethodAccessor1'
Event: 139.536 Thread 0x00007fbfd00a1640 Unloading class 0x0000000800c01c00 'java/lang/invoke/LambdaForm$DMH+0x0000000800c01c00'
Event: 1912.697 Thread 0x00007fbfd00a1640 Unloading class 0x0000000801051000 'jdk/internal/reflect/GeneratedSerializationConstructorAccessor7'

Classes redefined (0 events):
No events

Internal exceptions (20 events):
Event: 63.188 Thread 0x00007fbf60001420 Exception <a 'sun/nio/fs/UnixException'{0x00000000f60f9c08}> (0x00000000f60f9c08) 
thrown [src/hotspot/share/prims/jni.cpp, line 516]
Event: 63.278 Thread 0x00007fbf60001420 Exception <a 'sun/nio/fs/UnixException'{0x00000000f610cf60}> (0x00000000f610cf60) 
thrown [src/hotspot/share/prims/jni.cpp, line 516]
Event: 67.078 Thread 0x00007fbf60001420 Exception <a 'sun/nio/fs/UnixException'{0x00000000f6289970}> (0x00000000f6289970) 
thrown [src/hotspot/share/prims/jni.cpp, line 516]
Event: 69.367 Thread 0x00007fbf580010d0 Exception <a 'sun/nio/fs/UnixException'{0x00000000f59aff08}> (0x00000000f59aff08) 
thrown [src/hotspot/share/prims/jni.cpp, line 516]
Event: 69.385 Thread 0x00007fbf580010d0 Exception <a 'sun/nio/fs/UnixException'{0x00000000f5b21768}> (0x00000000f5b21768) 
thrown [src/hotspot/share/prims/jni.cpp, line 516]
Event: 69.475 Thread 0x00007fbf580010d0 Exception <a 'sun/nio/fs/UnixException'{0x00000000f5c9a470}> (0x00000000f5c9a470) 
thrown [src/hotspot/share/prims/jni.cpp, line 516]
Event: 69.502 Thread 0x00007fbf580010d0 Exception <a 'sun/nio/fs/UnixException'{0x00000000f5d107f8}> (0x00000000f5d107f8) 
thrown [src/hotspot/share/prims/jni.cpp, line 516]
Event: 69.518 Thread 0x00007fbf580010d0 Exception <a 'sun/nio/fs/UnixException'{0x00000000f5d88d50}> (0x00000000f5d88d50) 
thrown [src/hotspot/share/prims/jni.cpp, line 516]
Event: 69.686 Thread 0x00007fbf580010d0 Exception <a 'sun/nio/fs/UnixException'{0x00000000f56778a8}> (0x00000000f56778a8) 
thrown [src/hotspot/share/prims/jni.cpp, line 516]
Event: 69.713 Thread 0x00007fbf580010d0 Exception <a 'sun/nio/fs/UnixException'{0x00000000f56f4960}> (0x00000000f56f4960) 
thrown [src/hotspot/share/prims/jni.cpp, line 516]
Event: 69.724 Thread 0x00007fbf580010d0 Exception <a 'sun/nio/fs/UnixException'{0x00000000f5747b78}> (0x00000000f5747b78) 
thrown [src/hotspot/share/prims/jni.cpp, line 516]
Event: 71.875 Thread 0x00007fbf401ad160 Exception <a 'java/lang/NoSuchMethodError'{0x00000000f5776510}: 'java.lang.Object java.lang.invoke.DirectMethodHandle$Holder.invokeStatic(java.lang.Object, int, java.lang.Object, java.lang.Object, java.lang.Object, java.lang.Object)'> (0x00000000f5776510) 
thrown [src/hotspot/share/interpreter/linkResolver.cpp, line 758]
Event: 71.879 Thread 0x00007fbf401b7520 Exception <a 'java/lang/NoSuchMethodError'{0x00000000f5797a00}: 'java.lang.Object java.lang.invoke.DirectMethodHandle$Holder.invokeSpecial(java.lang.Object, java.lang.Object, int, java.lang.Object, java.lang.Object, java.lang.Object)'> (0x00000000f5797a00) 
thrown [src/hotspot/share/interpreter/linkResolver.cpp, line 758]
Event: 71.966 Thread 0x00007fbf401ad160 Exception <a 'java/lang/NoSuchMethodError'{0x00000000f5787ef0}: 'java.lang.Object java.lang.invoke.Invokers$Holder.linkToTargetMethod(int, java.lang.Object, java.lang.Object, java.lang.Object, java.lang.Object)'> (0x00000000f5787ef0) 
thrown [src/hotspot/share/interpreter/linkResolver.cpp, line 758]
Event: 72.577 Thread 0x00007fbf401b0220 Exception <a 'java/lang/NoSuchMethodError'{0x00000000f5b2e478}: 'void java.lang.invoke.DirectMethodHandle$Holder.invokeSpecial(java.lang.Object, java.lang.Object, int)'> (0x00000000f5b2e478) 
thrown [src/hotspot/share/interpreter/linkResolver.cpp, line 758]
Event: 74.482 Thread 0x00007fbf401a9420 Exception <a 'java/lang/NoSuchMethodError'{0x00000000f5ca5018}: 'int java.lang.invoke.DirectMethodHandle$Holder.invokeSpecialIFC(java.lang.Object, java.lang.Object, java.lang.Object, java.lang.Object)'> (0x00000000f5ca5018) 
thrown [src/hotspot/share/interpreter/linkResolver.cpp, line 758]
Event: 83.071 Thread 0x00007fbf6449a250 Implicit null exception at 0x00007fbfbf16c712 to 0x00007fbfbf16f28b
Event: 1964.541 Thread 0x00007fbf6449a250 Exception <a 'java/lang/OutOfMemoryError'{0x00000000e00124c0}> (0x00000000e00124c0) 
thrown [src/hotspot/share/gc/shared/memAllocator.cpp, line 138]
Event: 1964.541 Thread 0x00007fbf6449a250 Implicit null exception at 0x00007fbfbf1ead2e to 0x00007fbfbf1eb2ad
Event: 1986.902 Thread 0x00007fbfd00b1c30 Exception <a 'java/lang/OutOfMemoryError'{0x00000000e0011980}> (0x00000000e0011980) 
thrown [src/hotspot/share/gc/shared/memAllocator.cpp, line 136]

VM Operations (20 events):
Event: 1966.807 Executing VM operation: ParallelGCFailedAllocation
Event: 1969.150 Executing VM operation: ParallelGCFailedAllocation done
Event: 1969.150 Executing VM operation: ParallelGCFailedAllocation
Event: 1971.371 Executing VM operation: ParallelGCFailedAllocation done
Event: 1971.375 Executing VM operation: ParallelGCFailedAllocation
Event: 1973.596 Executing VM operation: ParallelGCFailedAllocation done
Event: 1973.597 Executing VM operation: ParallelGCFailedAllocation
Event: 1975.541 Executing VM operation: ParallelGCFailedAllocation done
Event: 1975.541 Executing VM operation: ParallelGCFailedAllocation
Event: 1977.615 Executing VM operation: ParallelGCFailedAllocation done
Event: 1977.615 Executing VM operation: ParallelGCFailedAllocation
Event: 1979.918 Executing VM operation: ParallelGCFailedAllocation done
Event: 1979.918 Executing VM operation: ParallelGCFailedAllocation
Event: 1982.222 Executing VM operation: ParallelGCFailedAllocation done
Event: 1982.222 Executing VM operation: ParallelGCFailedAllocation
Event: 1986.901 Executing VM operation: ParallelGCFailedAllocation done
Event: 1986.902 Executing VM operation: ParallelGCFailedAllocation
Event: 1989.469 Executing VM operation: ParallelGCFailedAllocation done
Event: 1989.469 Executing VM operation: ParallelGCFailedAllocation
Event: 1991.605 Executing VM operation: ParallelGCFailedAllocation done

Events (20 events):
Event: 128.273 Thread 0x00007fbf401b0220 Thread added: 0x00007fbf401b0220
Event: 128.274 Thread 0x00007fbf401a9420 Thread added: 0x00007fbf401a9420
Event: 128.275 Protecting memory [0x00007fbf7b500000,0x00007fbf7b504000] with protection modes 0
Event: 128.275 Protecting memory [0x00007fbf7b700000,0x00007fbf7b704000] with protection modes 0
Event: 128.367 Thread 0x00007fbf401a8b60 Thread exited: 0x00007fbf401a8b60
Event: 130.987 Thread 0x00007fbf401b0220 Thread exited: 0x00007fbf401b0220
Event: 130.987 Thread 0x00007fbf401a9420 Thread exited: 0x00007fbf401a9420
Event: 133.567 Thread 0x00007fbf401ad160 Thread exited: 0x00007fbf401ad160
Event: 140.882 Thread 0x00007fbf401a8b60 Thread added: 0x00007fbf401a8b60
Event: 140.882 Protecting memory [0x00007fbf7ad00000,0x00007fbf7ad04000] with protection modes 0
Event: 146.379 Thread 0x00007fbf401a8b60 Thread exited: 0x00007fbf401a8b60
Event: 168.614 Thread 0x00007fbf580010d0 Thread exited: 0x00007fbf580010d0
Event: 174.947 Thread 0x00007fbf60001420 Thread exited: 0x00007fbf60001420
Event: 419.001 Thread 0x00007fbf5807cfb0 Thread added: 0x00007fbf5807cfb0
Event: 419.001 Protecting memory [0x00007fbf7bd00000,0x00007fbf7bd04000] with protection modes 0
Event: 488.296 Thread 0x00007fbf401a8b60 Thread added: 0x00007fbf401a8b60
Event: 488.298 Protecting memory [0x00007fbf7c600000,0x00007fbf7c604000] with protection modes 0
Event: 1505.706 Thread 0x00007fbf60001420 Thread added: 0x00007fbf60001420
Event: 1505.706 Protecting memory [0x00007fbf7ad00000,0x00007fbf7ad04000] with protection modes 0
Event: 1535.802 Thread 0x00007fbf60001420 Thread exited: 0x00007fbf60001420


Dynamic libraries:
e0000000-f4a80000 rw-p 00000000 00:00 0 
f4a80000-f9d00000 rw-p 00000000 00:00 0 
f9d00000-100000000 ---p 00000000 00:00 0 
800000000-800449000 rw-p 00001000 00:1d7 707969865                       /nix/store/gpxl5qgg8kicmcvivwmybwjlpf7wh20l-graalvm17-ce-22.3.0/lib/server/classes.jsa
800449000-800bc8000 r--p 0044a000 00:1d7 707969865                       /nix/store/gpxl5qgg8kicmcvivwmybwjlpf7wh20l-graalvm17-ce-22.3.0/lib/server/classes.jsa
800bc8000-800c00000 ---p 00000000 00:00 0 
800c00000-800c10000 rw-p 00000000 00:00 0 
800c10000-800c30000 rw-p 00000000 00:00 0 
800c30000-800cb0000 rw-p 00000000 00:00 0 
800cb0000-800cf0000 rw-p 00000000 00:00 0 
800cf0000-800db0000 rw-p 00000000 00:00 0 
800db0000-800df0000 rw-p 00000000 00:00 0 
800df0000-800f70000 rw-p 00000000 00:00 0 
800f70000-800fb0000 rw-p 00000000 00:00 0 
800fb0000-800ff0000 rw-p 00000000 00:00 0 
800ff0000-8011e0000 rw-p 00000000 00:00 0 
8011e0000-840c00000 ---p 00000000 00:00 0 
562a9f613000-562a9f614000 r-xp 00000000 00:1d7 672029940                 /nix/store/gpxl5qgg8kicmcvivwmybwjlpf7wh20l-graalvm17-ce-22.3.0/bin/.java-wrapped
562a9f615000-562a9f616000 r--p 00001000 00:1d7 672029940                 /nix/store/gpxl5qgg8kicmcvivwmybwjlpf7wh20l-graalvm17-ce-22.3.0/bin/.java-wrapped
562a9f616000-562a9f617000 rw-p 00002000 00:1d7 672029940                 /nix/store/gpxl5qgg8kicmcvivwmybwjlpf7wh20l-graalvm17-ce-22.3.0/bin/.java-wrapped
562a9f617000-562a9f618000 rw-p 00004000 00:1d7 672029940                 /nix/store/gpxl5qgg8kicmcvivwmybwjlpf7wh20l-graalvm17-ce-22.3.0/bin/.java-wrapped
562a9f618000-562a9f619000 rw-p 00005000 00:1d7 672029940                 /nix/store/gpxl5qgg8kicmcvivwmybwjlpf7wh20l-graalvm17-ce-22.3.0/bin/.java-wrapped
562aa005f000-562aa00a7000 rw-p 00000000 00:00 0                          [heap]
7fbf04000000-7fbf0404c000 rw-p 00000000 00:00 0 
7fbf0404c000-7fbf08000000 ---p 00000000 00:00 0 
7fbf0c000000-7fbf0c0f5000 rw-p 00000000 00:00 0 
7fbf0c0f5000-7fbf10000000 ---p 00000000 00:00 0 
7fbf10000000-7fbf100b5000 rw-p 00000000 00:00 0 
7fbf100b5000-7fbf14000000 ---p 00000000 00:00 0 
7fbf14000000-7fbf1402a000 rw-p 00000000 00:00 0 
7fbf1402a000-7fbf18000000 ---p 00000000 00:00 0 
7fbf18000000-7fbf18021000 rw-p 00000000 00:00 0 
7fbf18021000-7fbf1c000000 ---p 00000000 00:00 0 
7fbf1c000000-7fbf1c05f000 rw-p 00000000 00:00 0 
7fbf1c05f000-7fbf20000000 ---p 00000000 00:00 0 
7fbf224b3000-7fbf2c000000 r--s 00000000 00:1d7 707804677                 /nix/store/gpxl5qgg8kicmcvivwmybwjlpf7wh20l-graalvm17-ce-22.3.0/lib/modules
7fbf2c000000-7fbf2c0a9000 rw-p 00000000 00:00 0 
7fbf2c0a9000-7fbf30000000 ---p 00000000 00:00 0 
7fbf30000000-7fbf30073000 rw-p 00000000 00:00 0 
7fbf30073000-7fbf34000000 ---p 00000000 00:00 0 
7fbf34000000-7fbf3412e000 rw-p 00000000 00:00 0 
7fbf3412e000-7fbf38000000 ---p 00000000 00:00 0 
7fbf38000000-7fbf38021000 rw-p 00000000 00:00 0 
7fbf38021000-7fbf3c000000 ---p 00000000 00:00 0 
7fbf3c000000-7fbf3c021000 rw-p 00000000 00:00 0 
7fbf3c021000-7fbf40000000 ---p 00000000 00:00 0 
7fbf40000000-7fbf401be000 rw-p 00000000 00:00 0 
7fbf401be000-7fbf44000000 ---p 00000000 00:00 0 
7fbf44000000-7fbf44021000 rw-p 00000000 00:00 0 
7fbf44021000-7fbf48000000 ---p 00000000 00:00 0 
7fbf49400000-7fbf49990000 rw-p 00000000 00:00 0 
7fbf49990000-7fbf49c00000 ---p 00000000 00:00 0 
7fbf4a000000-7fbf4a6f0000 rw-p 00000000 00:00 0 
7fbf4a6f0000-7fbf4a720000 rw-p 00000000 00:00 0 
7fbf4a720000-7fbf4a800000 ---p 00000000 00:00 0 
7fbf4a800000-7fbf4aaf0000 rw-p 00000000 00:00 0 
7fbf4aaf0000-7fbf4af90000 rw-p 00000000 00:00 0 
7fbf4af90000-7fbf4aff0000 rw-p 00000000 00:00 0 
7fbf4aff0000-7fbf4b0f0000 rw-p 00000000 00:00 0 
7fbf4b0f0000-7fbf4b1f0000 rw-p 00000000 00:00 0 
7fbf4b1f0000-7fbf4b2b0000 rw-p 00000000 00:00 0 
7fbf4b2b0000-7fbf4b2f0000 rw-p 00000000 00:00 0 
7fbf4b2f0000-7fbf4b4f0000 rw-p 00000000 00:00 0 
7fbf4b4f0000-7fbf4b6f0000 rw-p 00000000 00:00 0 
7fbf4b6f0000-7fbf4b7f0000 rw-p 00000000 00:00 0 
7fbf4b7f0000-7fbf4b8f0000 rw-p 00000000 00:00 0 
7fbf4b8f0000-7fbf4b9f0000 rw-p 00000000 00:00 0 
7fbf4b9f0000-7fbf4c000000 rw-p 00000000 00:00 0 
7fbf4c000000-7fbf4c32b000 rw-p 00000000 00:00 0 
7fbf4c32b000-7fbf50000000 ---p 00000000 00:00 0 
7fbf50000000-7fbf50074000 rw-p 00000000 00:00 0 
7fbf50074000-7fbf54000000 ---p 00000000 00:00 0 
7fbf54000000-7fbf54021000 rw-p 00000000 00:00 0 
7fbf54021000-7fbf58000000 ---p 00000000 00:00 0 
7fbf58000000-7fbf5808a000 rw-p 00000000 00:00 0 
7fbf5808a000-7fbf5c000000 ---p 00000000 00:00 0 
7fbf5c000000-7fbf5c021000 rw-p 00000000 00:00 0 
7fbf5c021000-7fbf60000000 ---p 00000000 00:00 0 
7fbf60000000-7fbf6010f000 rw-p 00000000 00:00 0 
7fbf6010f000-7fbf64000000 ---p 00000000 00:00 0 
7fbf64000000-7fbf648c1000 rw-p 00000000 00:00 0 
7fbf648c1000-7fbf68000000 ---p 00000000 00:00 0 
7fbf68000000-7fbf68025000 rw-p 00000000 00:00 0 
7fbf68025000-7fbf6c000000 ---p 00000000 00:00 0 
7fbf6c000000-7fbf6c021000 rw-p 00000000 00:00 0 
7fbf6c021000-7fbf70000000 ---p 00000000 00:00 0 
7fbf70000000-7fbf70021000 rw-p 00000000 00:00 0 
7fbf70021000-7fbf74000000 ---p 00000000 00:00 0 
7fbf74000000-7fbf74046000 rw-p 00000000 00:00 0 
7fbf74046000-7fbf78000000 ---p 00000000 00:00 0 
7fbf78400000-7fbf784f0000 rw-p 00000000 00:00 0 
7fbf784f0000-7fbf785f0000 rw-p 00000000 00:00 0 
7fbf785f0000-7fbf788f0000 rw-p 00000000 00:00 0 
7fbf788f0000-7fbf789f0000 rw-p 00000000 00:00 0 
7fbf789f0000-7fbf78bf0000 rw-p 00000000 00:00 0 
7fbf78bf0000-7fbf78c00000 rw-p 00000000 00:00 0 
7fbf79800000-7fbf79810000 r-xp 00000000 00:11c 390                       /home/runner/.cache/jdt-language-server/config/org.eclipse.equinox.launcher/org.eclipse.equinox.launcher.gtk.linux.x86_64_1.2.400.v20211117-0650/eclipse_11600.so
7fbf79810000-7fbf79a0f000 ---p 00010000 00:11c 390                       /home/runner/.cache/jdt-language-server/config/org.eclipse.equinox.launcher/org.eclipse.equinox.launcher.gtk.linux.x86_64_1.2.400.v20211117-0650/eclipse_11600.so
7fbf79a0f000-7fbf79a10000 r--p 0000f000 00:11c 390                       /home/runner/.cache/jdt-language-server/config/org.eclipse.equinox.launcher/org.eclipse.equinox.launcher.gtk.linux.x86_64_1.2.400.v20211117-0650/eclipse_11600.so
7fbf79a10000-7fbf79a11000 rw-p 00010000 00:11c 390                       /home/runner/.cache/jdt-language-server/config/org.eclipse.equinox.launcher/org.eclipse.equinox.launcher.gtk.linux.x86_64_1.2.400.v20211117-0650/eclipse_11600.so
7fbf79b00000-7fbf79c00000 ---p 00000000 00:00 0 
7fbf79c00000-7fbf7a1af000 r--p 01122000 00:1d7 707802136                 /nix/store/gpxl5qgg8kicmcvivwmybwjlpf7wh20l-graalvm17-ce-22.3.0/lib/libjvmcicompiler.so
7fbf7a1af000-7fbf7a300000 r--p 00000000 00:00 0 
7fbf7a300000-7fbf7a33d000 rw-p 00000000 00:00 0 
7fbf7a33d000-7fbf7a85d000 rw-p 0185f000 00:1d7 707802136                 /nix/store/gpxl5qgg8kicmcvivwmybwjlpf7wh20l-graalvm17-ce-22.3.0/lib/libjvmcicompiler.so
7fbf7a85d000-7fbf7ac44000 r--p 01d7f000 00:1d7 707802136                 /nix/store/gpxl5qgg8kicmcvivwmybwjlpf7wh20l-graalvm17-ce-22.3.0/lib/libjvmcicompiler.so
7fbf7ad00000-7fbf7ad04000 ---p 00000000 00:00 0 
7fbf7ad04000-7fbf7ae00000 rw-p 00000000 00:00 0 
7fbf7af00000-7fbf7af04000 ---p 00000000 00:00 0 
7fbf7af04000-7fbf7b000000 rw-p 00000000 00:00 0 
7fbf7b100000-7fbf7b104000 ---p 00000000 00:00 0 
7fbf7b104000-7fbf7b200000 rw-p 00000000 00:00 0 
7fbf7b300000-7fbf7b304000 ---p 00000000 00:00 0 
7fbf7b304000-7fbf7b400000 rw-p 00000000 00:00 0 
7fbf7b400000-7fbf7b404000 ---p 00000000 00:00 0 
7fbf7b404000-7fbf7b500000 rw-p 00000000 00:00 0 
7fbf7b500000-7fbf7b504000 ---p 00000000 00:00 0 
7fbf7b504000-7fbf7b600000 rw-p 00000000 00:00 0 
7fbf7b700000-7fbf7b704000 ---p 00000000 00:00 0 
7fbf7b704000-7fbf7b800000 rw-p 00000000 00:00 0 
7fbf7b900000-7fbf7b904000 ---p 00000000 00:00 0 
7fbf7b904000-7fbf7ba00000 rw-p 00000000 00:00 0 
7fbf7bb00000-7fbf7bb04000 ---p 00000000 00:00 0 
7fbf7bb04000-7fbf7bc00000 rw-p 00000000 00:00 0 
7fbf7bd00000-7fbf7bd04000 ---p 00000000 00:00 0 
7fbf7bd04000-7fbf7be00000 rw-p 00000000 00:00 0 
7fbf7bf00000-7fbf7bf04000 ---p 00000000 00:00 0 
7fbf7bf04000-7fbf7c000000 rw-p 00000000 00:00 0 
7fbf7c100000-7fbf7c104000 ---p 00000000 00:00 0 
7fbf7c104000-7fbf7c200000 rw-p 00000000 00:00 0 
7fbf7c300000-7fbf7c304000 ---p 00000000 00:00 0 
7fbf7c304000-7fbf7c400000 rw-p 00000000 00:00 0 
7fbf7c400000-7fbf7c404000 ---p 00000000 00:00 0 
7fbf7c404000-7fbf7c500000 rw-p 00000000 00:00 0 
7fbf7c500000-7fbf7c504000 ---p 00000000 00:00 0 
7fbf7c504000-7fbf7c600000 rw-p 00000000 00:00 0 
7fbf7c600000-7fbf7c604000 ---p 00000000 00:00 0 
7fbf7c604000-7fbf7c700000 rw-p 00000000 00:00 0 
7fbf7c700000-7fbf7c704000 ---p 00000000 00:00 0 
7fbf7c704000-7fbf7c800000 rw-p 00000000 00:00 0 
7fbf7c900000-7fbf7c904000 ---p 00000000 00:00 0 
7fbf7c904000-7fbf7ca00000 rw-p 00000000 00:00 0 
7fbf7d668000-7fbf7db00000 rw-p 00000000 00:00 0 
7fbf7dc00000-7fbf7fd6a000 r-xp 00000000 00:1d7 707802136                 /nix/store/gpxl5qgg8kicmcvivwmybwjlpf7wh20l-graalvm17-ce-22.3.0/lib/libjvmcicompiler.so
7fbf7fd6a000-7fbf7ff69000 ---p 0216a000 00:1d7 707802136                 /nix/store/gpxl5qgg8kicmcvivwmybwjlpf7wh20l-graalvm17-ce-22.3.0/lib/libjvmcicompiler.so
7fbf7ff69000-7fbf7ff6a000 r--p 02169000 00:1d7 707802136                 /nix/store/gpxl5qgg8kicmcvivwmybwjlpf7wh20l-graalvm17-ce-22.3.0/lib/libjvmcicompiler.so
7fbf7ff6a000-7fbf7ff6c000 rw-p 0216a000 00:1d7 707802136                 /nix/store/gpxl5qgg8kicmcvivwmybwjlpf7wh20l-graalvm17-ce-22.3.0/lib/libjvmcicompiler.so
7fbf7ff6c000-7fbf7ff6d000 rw-p 00000000 00:00 0 
7fbf7ff6d000-7fbf7ff72000 rw-p 023c3000 00:1d7 707802136                 /nix/store/gpxl5qgg8kicmcvivwmybwjlpf7wh20l-graalvm17-ce-22.3.0/lib/libjvmcicompiler.so
7fbf80000000-7fbf80021000 rw-p 00000000 00:00 0 
7fbf80021000-7fbf84000000 ---p 00000000 00:00 0 
7fbf84000000-7fbf84021000 rw-p 00000000 00:00 0 
7fbf84021000-7fbf88000000 ---p 00000000 00:00 0 
7fbf88000000-7fbf88021000 rw-p 00000000 00:00 0 
7fbf88021000-7fbf8c000000 ---p 00000000 00:00 0 
7fbf8c000000-7fbf8c021000 rw-p 00000000 00:00 0 
7fbf8c021000-7fbf90000000 ---p 00000000 00:00 0 
7fbf90000000-7fbf900f1000 rw-p 00000000 00:00 0 
7fbf900f1000-7fbf94000000 ---p 00000000 00:00 0 
7fbf94000000-7fbf94b90000 rw-p 00000000 00:00 0 
7fbf94b90000-7fbf98000000 ---p 00000000 00:00 0 
7fbf98000000-7fbf98021000 rw-p 00000000 00:00 0 
7fbf98021000-7fbf9c000000 ---p 00000000 00:00 0 
7fbf9c000000-7fbf9c021000 rw-p 00000000 00:00 0 
7fbf9c021000-7fbfa0000000 ---p 00000000 00:00 0 
7fbfa0000000-7fbfa0021000 rw-p 00000000 00:00 0 
7fbfa0021000-7fbfa4000000 ---p 00000000 00:00 0 
7fbfa4000000-7fbfa4021000 rw-p 00000000 00:00 0 
7fbfa4021000-7fbfa8000000 ---p 00000000 00:00 0 
7fbfa8000000-7fbfa8021000 rw-p 00000000 00:00 0 
7fbfa8021000-7fbfac000000 ---p 00000000 00:00 0 
7fbfac000000-7fbfac021000 rw-p 00000000 00:00 0 
7fbfac021000-7fbfb0000000 ---p 00000000 00:00 0 
7fbfb0000000-7fbfb01d8000 rw-p 00000000 00:00 0 
7fbfb01d8000-7fbfb4000000 ---p 00000000 00:00 0 
7fbfb4100000-7fbfb4104000 ---p 00000000 00:00 0 
7fbfb4104000-7fbfb4200000 rw-p 00000000 00:00 0 
7fbfb4300000-7fbfb4304000 ---p 00000000 00:00 0 
7fbfb4304000-7fbfb4400000 rw-p 00000000 00:00 0 
7fbfb4500000-7fbfb4504000 ---p 00000000 00:00 0 
7fbfb4504000-7fbfb4600000 rw-p 00000000 00:00 0 
7fbfb4700000-7fbfb4704000 ---p 00000000 00:00 0 
7fbfb4704000-7fbfb4800000 rw-p 00000000 00:00 0 
7fbfb4900000-7fbfb4904000 ---p 00000000 00:00 0 
7fbfb4904000-7fbfb4a00000 rw-p 00000000 00:00 0 
7fbfb4b00000-7fbfb4b04000 ---p 00000000 00:00 0 
7fbfb4b04000-7fbfb4c00000 rw-p 00000000 00:00 0 
7fbfb4d18000-7fbfb4d19000 ---p 00000000 00:00 0 
7fbfb4d19000-7fbfb4e1a000 rw-p 00000000 00:00 0 
7fbfb4e1a000-7fbfb4e1e000 ---p 00000000 00:00 0 
7fbfb4e1e000-7fbfb4f1a000 rw-p 00000000 00:00 0 
7fbfb4f1a000-7fbfb4f1e000 ---p 00000000 00:00 0 
7fbfb4f1e000-7fbfb501a000 rw-p 00000000 00:00 0 
7fbfb501a000-7fbfb501e000 ---p 00000000 00:00 0 
7fbfb501e000-7fbfb511a000 rw-p 00000000 00:00 0 
7fbfb511a000-7fbfb511e000 ---p 00000000 00:00 0 
7fbfb511e000-7fbfb531a000 rw-p 00000000 00:00 0 
7fbfb531a000-7fbfb531e000 ---p 00000000 00:00 0 
7fbfb531e000-7fbfb551a000 rw-p 00000000 00:00 0 
7fbfb551a000-7fbfb551e000 ---p 00000000 00:00 0 
7fbfb551e000-7fbfb561a000 rw-p 00000000 00:00 0 
7fbfb561a000-7fbfb561e000 ---p 00000000 00:00 0 
7fbfb561e000-7fbfb571a000 rw-p 00000000 00:00 0 
7fbfb571a000-7fbfb571e000 ---p 00000000 00:00 0 
7fbfb571e000-7fbfb581a000 rw-p 00000000 00:00 0 
7fbfb581a000-7fbfb5b00000 r--p 00000000 00:4b 28444448                   /usr/lib/locale/locale-archive
7fbfb5b00000-7fbfb5b04000 ---p 00000000 00:00 0 
7fbfb5b04000-7fbfb5ff0000 rw-p 00000000 00:00 0 
7fbfb5ff0000-7fbfb62f0000 rw-p 00000000 00:00 0 
7fbfb62f0000-7fbfb6400000 rw-p 00000000 00:00 0 
7fbfb64b3000-7fbfb74b3000 rw-p 00000000 00:00 0 
7fbfb74b3000-7fbfb7723000 rwxp 00000000 00:00 0 
7fbfb7723000-7fbfb7a42000 ---p 00000000 00:00 0 
7fbfb7a42000-7fbfb8b32000 rwxp 00000000 00:00 0 
7fbfb8b32000-7fbfbef7a000 ---p 00000000 00:00 0 
7fbfbef7a000-7fbfbf22a000 rwxp 00000000 00:00 0 
7fbfbf22a000-7fbfc64b3000 ---p 00000000 00:00 0 
7fbfc64b3000-7fbfd0000000 r--s 00000000 00:1d7 707804677                 /nix/store/gpxl5qgg8kicmcvivwmybwjlpf7wh20l-graalvm17-ce-22.3.0/lib/modules
7fbfd0000000-7fbfd060a000 rw-p 00000000 00:00 0 
7fbfd060a000-7fbfd4000000 ---p 00000000 00:00 0 
7fbfd4061000-7fbfd4063000 r-xp 00000000 00:1d7 707802113                 /nix/store/gpxl5qgg8kicmcvivwmybwjlpf7wh20l-graalvm17-ce-22.3.0/lib/libextnet.so
7fbfd4063000-7fbfd4064000 r--p 00001000 00:1d7 707802113                 /nix/store/gpxl5qgg8kicmcvivwmybwjlpf7wh20l-graalvm17-ce-22.3.0/lib/libextnet.so
7fbfd4064000-7fbfd4065000 rw-p 00002000 00:1d7 707802113                 /nix/store/gpxl5qgg8kicmcvivwmybwjlpf7wh20l-graalvm17-ce-22.3.0/lib/libextnet.so
7fbfd4065000-7fbfd4066000 rw-p 00004000 00:1d7 707802113                 /nix/store/gpxl5qgg8kicmcvivwmybwjlpf7wh20l-graalvm17-ce-22.3.0/lib/libextnet.so
7fbfd4066000-7fbfd406a000 ---p 00000000 00:00 0 
7fbfd406a000-7fbfd4088000 rw-p 00000000 00:00 0 
7fbfd4088000-7fbfd408f000 r-xp 00000000 00:1d7 707804676                 /nix/store/gpxl5qgg8kicmcvivwmybwjlpf7wh20l-graalvm17-ce-22.3.0/lib/libzip.so
7fbfd408f000-7fbfd4090000 ---p 00007000 00:1d7 707804676                 /nix/store/gpxl5qgg8kicmcvivwmybwjlpf7wh20l-graalvm17-ce-22.3.0/lib/libzip.so
7fbfd4090000-7fbfd4091000 r--p 00007000 00:1d7 707804676                 /nix/store/gpxl5qgg8kicmcvivwmybwjlpf7wh20l-graalvm17-ce-22.3.0/lib/libzip.so
7fbfd4091000-7fbfd4092000 rw-p 00008000 00:1d7 707804676                 /nix/store/gpxl5qgg8kicmcvivwmybwjlpf7wh20l-graalvm17-ce-22.3.0/lib/libzip.so
7fbfd4092000-7fbfd4094000 rw-p 0000b000 00:1d7 707804676                 /nix/store/gpxl5qgg8kicmcvivwmybwjlpf7wh20l-graalvm17-ce-22.3.0/lib/libzip.so
7fbfd4094000-7fbfd40a9000 r-xp 00000000 00:1d7 707804666                 /nix/store/gpxl5qgg8kicmcvivwmybwjlpf7wh20l-graalvm17-ce-22.3.0/lib/libnet.so
7fbfd40a9000-7fbfd40aa000 ---p 00015000 00:1d7 707804666                 /nix/store/gpxl5qgg8kicmcvivwmybwjlpf7wh20l-graalvm17-ce-22.3.0/lib/libnet.so
7fbfd40aa000-7fbfd40ab000 r--p 00015000 00:1d7 707804666                 /nix/store/gpxl5qgg8kicmcvivwmybwjlpf7wh20l-graalvm17-ce-22.3.0/lib/libnet.so
7fbfd40ab000-7fbfd40ac000 rw-p 00016000 00:1d7 707804666                 /nix/store/gpxl5qgg8kicmcvivwmybwjlpf7wh20l-graalvm17-ce-22.3.0/lib/libnet.so
7fbfd40ac000-7fbfd40af000 rw-p 0001b000 00:1d7 707804666                 /nix/store/gpxl5qgg8kicmcvivwmybwjlpf7wh20l-graalvm17-ce-22.3.0/lib/libnet.so
7fbfd40af000-7fbfd40c2000 r-xp 00000000 00:1d7 707804667                 /nix/store/gpxl5qgg8kicmcvivwmybwjlpf7wh20l-graalvm17-ce-22.3.0/lib/libnio.so
7fbfd40c2000-7fbfd40c3000 r--p 00012000 00:1d7 707804667                 /nix/store/gpxl5qgg8kicmcvivwmybwjlpf7wh20l-graalvm17-ce-22.3.0/lib/libnio.so
7fbfd40c3000-7fbfd40c4000 rw-p 00013000 00:1d7 707804667                 /nix/store/gpxl5qgg8kicmcvivwmybwjlpf7wh20l-graalvm17-ce-22.3.0/lib/libnio.so
7fbfd40c4000-7fbfd40c9000 rw-p 00019000 00:1d7 707804667                 /nix/store/gpxl5qgg8kicmcvivwmybwjlpf7wh20l-graalvm17-ce-22.3.0/lib/libnio.so
7fbfd40c9000-7fbfd40cd000 ---p 00000000 00:00 0 
7fbfd40cd000-7fbfd41c9000 rw-p 00000000 00:00 0 
7fbfd41c9000-7fbfd41ca000 ---p 00000000 00:00 0 
7fbfd41ca000-7fbfd42cb000 rw-p 00000000 00:00 0 
7fbfd42cb000-7fbfd4399000 r-xp 00000000 00:1d7 707802132                 /nix/store/gpxl5qgg8kicmcvivwmybwjlpf7wh20l-graalvm17-ce-22.3.0/lib/libjsvml.so
7fbfd4399000-7fbfd439a000 r--p 000cd000 00:1d7 707802132                 /nix/store/gpxl5qgg8kicmcvivwmybwjlpf7wh20l-graalvm17-ce-22.3.0/lib/libjsvml.so
7fbfd439a000-7fbfd439b000 rw-p 000ce000 00:1d7 707802132                 /nix/store/gpxl5qgg8kicmcvivwmybwjlpf7wh20l-graalvm17-ce-22.3.0/lib/libjsvml.so
7fbfd439b000-7fbfd4c73000 rw-p 00000000 00:00 0 
7fbfd4c73000-7fbfd4c74000 ---p 00000000 00:00 0 
7fbfd4c74000-7fbfd4e1b000 rw-p 00000000 00:00 0 
7fbfd4e1b000-7fbfd4e44000 rw-p 00000000 00:00 0 
7fbfd4e44000-7fbfd4e75000 ---p 00000000 00:00 0 
7fbfd4e75000-7fbfd4e7c000 rw-p 00000000 00:00 0 
7fbfd4e7c000-7fbfd4f61000 ---p 00000000 00:00 0 
7fbfd4f61000-7fbfd4f83000 rw-p 00000000 00:00 0 
7fbfd4f83000-7fbfd504c000 ---p 00000000 00:00 0 
7fbfd504c000-7fbfd5051000 rw-p 00000000 00:00 0 
7fbfd5051000-7fbfd5058000 ---p 00000000 00:00 0 
7fbfd5058000-7fbfd507c000 r-xp 00000000 00:1d7 707802124                 /nix/store/gpxl5qgg8kicmcvivwmybwjlpf7wh20l-graalvm17-ce-22.3.0/lib/libjava.so
7fbfd507c000-7fbfd507d000 ---p 00024000 00:1d7 707802124                 /nix/store/gpxl5qgg8kicmcvivwmybwjlpf7wh20l-graalvm17-ce-22.3.0/lib/libjava.so
7fbfd507d000-7fbfd507e000 r--p 00024000 00:1d7 707802124                 /nix/store/gpxl5qgg8kicmcvivwmybwjlpf7wh20l-graalvm17-ce-22.3.0/lib/libjava.so
7fbfd507e000-7fbfd507f000 rw-p 00025000 00:1d7 707802124                 /nix/store/gpxl5qgg8kicmcvivwmybwjlpf7wh20l-graalvm17-ce-22.3.0/lib/libjava.so
7fbfd507f000-7fbfd5080000 rw-p 00000000 00:00 0 
7fbfd5080000-7fbfd5087000 rw-p 0002f000 00:1d7 707802124                 /nix/store/gpxl5qgg8kicmcvivwmybwjlpf7wh20l-graalvm17-ce-22.3.0/lib/libjava.so
7fbfd5087000-7fbfd508f000 rw-s 00000000 00:bf 387                        /tmp/hsperfdata_runner/23
7fbfd508f000-7fbfd5090000 ---p 00000000 00:00 0 
7fbfd5090000-7fbfd5091000 r--p 00000000 00:00 0 
7fbfd5091000-7fbfd5092000 rwxp 00000000 00:00 0 
7fbfd5092000-7fbfd50ad000 r-xp 00000000 00:1d7 707802128                 /nix/store/gpxl5qgg8kicmcvivwmybwjlpf7wh20l-graalvm17-ce-22.3.0/lib/libjimage.so
7fbfd50ad000-7fbfd50ae000 ---p 0001b000 00:1d7 707802128                 /nix/store/gpxl5qgg8kicmcvivwmybwjlpf7wh20l-graalvm17-ce-22.3.0/lib/libjimage.so
7fbfd50ae000-7fbfd50b0000 r--p 0001b000 00:1d7 707802128                 /nix/store/gpxl5qgg8kicmcvivwmybwjlpf7wh20l-graalvm17-ce-22.3.0/lib/libjimage.so
7fbfd50b0000-7fbfd50b1000 rw-p 0001d000 00:1d7 707802128                 /nix/store/gpxl5qgg8kicmcvivwmybwjlpf7wh20l-graalvm17-ce-22.3.0/lib/libjimage.so
7fbfd50b1000-7fbfd50b2000 rw-p 00024000 00:1d7 707802128                 /nix/store/gpxl5qgg8kicmcvivwmybwjlpf7wh20l-graalvm17-ce-22.3.0/lib/libjimage.so
7fbfd50b2000-7fbfd50b6000 ---p 00000000 00:00 0 
7fbfd50b6000-7fbfd51b2000 rw-p 00000000 00:00 0 
7fbfd51b2000-7fbfd51c0000 r--p 00000000 00:1d7 600592023                 /nix/store/4nlgxhb09sdr51nc9hdm8az5b08vzkgx-glibc-2.35-163/lib/libm.so.6
7fbfd51c0000-7fbfd5233000 r-xp 0000e000 00:1d7 600592023                 /nix/store/4nlgxhb09sdr51nc9hdm8az5b08vzkgx-glibc-2.35-163/lib/libm.so.6
7fbfd5233000-7fbfd5290000 r--p 00081000 00:1d7 600592023                 /nix/store/4nlgxhb09sdr51nc9hdm8az5b08vzkgx-glibc-2.35-163/lib/libm.so.6
7fbfd5290000-7fbfd5291000 r--p 000dd000 00:1d7 600592023                 /nix/store/4nlgxhb09sdr51nc9hdm8az5b08vzkgx-glibc-2.35-163/lib/libm.so.6
7fbfd5291000-7fbfd5292000 rw-p 000de000 00:1d7 600592023                 /nix/store/4nlgxhb09sdr51nc9hdm8az5b08vzkgx-glibc-2.35-163/lib/libm.so.6
7fbfd5292000-7fbfd5293000 r--p 00000000 00:1d7 600592042                 /nix/store/4nlgxhb09sdr51nc9hdm8az5b08vzkgx-glibc-2.35-163/lib/librt.so.1
7fbfd5293000-7fbfd5294000 r-xp 00001000 00:1d7 600592042                 /nix/store/4nlgxhb09sdr51nc9hdm8az5b08vzkgx-glibc-2.35-163/lib/librt.so.1
7fbfd5294000-7fbfd5295000 r--p 00002000 00:1d7 600592042                 /nix/store/4nlgxhb09sdr51nc9hdm8az5b08vzkgx-glibc-2.35-163/lib/librt.so.1
7fbfd5295000-7fbfd5296000 r--p 00002000 00:1d7 600592042                 /nix/store/4nlgxhb09sdr51nc9hdm8az5b08vzkgx-glibc-2.35-163/lib/librt.so.1
7fbfd5296000-7fbfd5297000 rw-p 00003000 00:1d7 600592042                 /nix/store/4nlgxhb09sdr51nc9hdm8az5b08vzkgx-glibc-2.35-163/lib/librt.so.1
7fbfd5297000-7fbfd63aa000 r-xp 00000000 00:1d7 707972962                 /nix/store/gpxl5qgg8kicmcvivwmybwjlpf7wh20l-graalvm17-ce-22.3.0/lib/server/libjvm.so
7fbfd63aa000-7fbfd63ab000 ---p 01113000 00:1d7 707972962                 /nix/store/gpxl5qgg8kicmcvivwmybwjlpf7wh20l-graalvm17-ce-22.3.0/lib/server/libjvm.so
7fbfd63ab000-7fbfd6460000 r--p 01113000 00:1d7 707972962                 /nix/store/gpxl5qgg8kicmcvivwmybwjlpf7wh20l-graalvm17-ce-22.3.0/lib/server/libjvm.so
7fbfd6460000-7fbfd6494000 rw-p 011c8000 00:1d7 707972962                 /nix/store/gpxl5qgg8kicmcvivwmybwjlpf7wh20l-graalvm17-ce-22.3.0/lib/server/libjvm.so
7fbfd6494000-7fbfd64f0000 rw-p 00000000 00:00 0 
7fbfd64f0000-7fbfd6518000 r--p 00000000 00:1d7 600592014                 /nix/store/4nlgxhb09sdr51nc9hdm8az5b08vzkgx-glibc-2.35-163/lib/libc.so.6
7fbfd6518000-7fbfd668e000 r-xp 00028000 00:1d7 600592014                 /nix/store/4nlgxhb09sdr51nc9hdm8az5b08vzkgx-glibc-2.35-163/lib/libc.so.6
7fbfd668e000-7fbfd66e6000 r--p 0019e000 00:1d7 600592014                 /nix/store/4nlgxhb09sdr51nc9hdm8az5b08vzkgx-glibc-2.35-163/lib/libc.so.6
7fbfd66e6000-7fbfd66ea000 r--p 001f6000 00:1d7 600592014                 /nix/store/4nlgxhb09sdr51nc9hdm8az5b08vzkgx-glibc-2.35-163/lib/libc.so.6
7fbfd66ea000-7fbfd66ec000 rw-p 001fa000 00:1d7 600592014                 /nix/store/4nlgxhb09sdr51nc9hdm8az5b08vzkgx-glibc-2.35-163/lib/libc.so.6
7fbfd66ec000-7fbfd66fb000 rw-p 00000000 00:00 0 
7fbfd66fb000-7fbfd66fc000 r--p 00000000 00:1d7 600592019                 /nix/store/4nlgxhb09sdr51nc9hdm8az5b08vzkgx-glibc-2.35-163/lib/libdl.so.2
7fbfd66fc000-7fbfd66fd000 r-xp 00001000 00:1d7 600592019                 /nix/store/4nlgxhb09sdr51nc9hdm8az5b08vzkgx-glibc-2.35-163/lib/libdl.so.2
7fbfd66fd000-7fbfd66fe000 r--p 00002000 00:1d7 600592019                 /nix/store/4nlgxhb09sdr51nc9hdm8az5b08vzkgx-glibc-2.35-163/lib/libdl.so.2
7fbfd66fe000-7fbfd66ff000 r--p 00002000 00:1d7 600592019                 /nix/store/4nlgxhb09sdr51nc9hdm8az5b08vzkgx-glibc-2.35-163/lib/libdl.so.2
7fbfd66ff000-7fbfd6700000 rw-p 00003000 00:1d7 600592019                 /nix/store/4nlgxhb09sdr51nc9hdm8az5b08vzkgx-glibc-2.35-163/lib/libdl.so.2
7fbfd6700000-7fbfd6701000 r--p 00000000 00:1d7 600592038                 /nix/store/4nlgxhb09sdr51nc9hdm8az5b08vzkgx-glibc-2.35-163/lib/libpthread.so.0
7fbfd6701000-7fbfd6702000 r-xp 00001000 00:1d7 600592038                 /nix/store/4nlgxhb09sdr51nc9hdm8az5b08vzkgx-glibc-2.35-163/lib/libpthread.so.0
7fbfd6702000-7fbfd6703000 r--p 00002000 00:1d7 600592038                 /nix/store/4nlgxhb09sdr51nc9hdm8az5b08vzkgx-glibc-2.35-163/lib/libpthread.so.0
7fbfd6703000-7fbfd6704000 r--p 00002000 00:1d7 600592038                 /nix/store/4nlgxhb09sdr51nc9hdm8az5b08vzkgx-glibc-2.35-163/lib/libpthread.so.0
7fbfd6704000-7fbfd6705000 rw-p 00003000 00:1d7 600592038                 /nix/store/4nlgxhb09sdr51nc9hdm8az5b08vzkgx-glibc-2.35-163/lib/libpthread.so.0
7fbfd6705000-7fbfd6713000 r-xp 00000000 00:1d7 707802129                 /nix/store/gpxl5qgg8kicmcvivwmybwjlpf7wh20l-graalvm17-ce-22.3.0/lib/libjli.so
7fbfd6713000-7fbfd6714000 ---p 0000e000 00:1d7 707802129                 /nix/store/gpxl5qgg8kicmcvivwmybwjlpf7wh20l-graalvm17-ce-22.3.0/lib/libjli.so
7fbfd6714000-7fbfd6715000 r--p 0000e000 00:1d7 707802129                 /nix/store/gpxl5qgg8kicmcvivwmybwjlpf7wh20l-graalvm17-ce-22.3.0/lib/libjli.so
7fbfd6715000-7fbfd6716000 rw-p 0000f000 00:1d7 707802129                 /nix/store/gpxl5qgg8kicmcvivwmybwjlpf7wh20l-graalvm17-ce-22.3.0/lib/libjli.so
7fbfd6716000-7fbfd6717000 rw-p 00012000 00:1d7 707802129                 /nix/store/gpxl5qgg8kicmcvivwmybwjlpf7wh20l-graalvm17-ce-22.3.0/lib/libjli.so
7fbfd6717000-7fbfd671a000 r--p 00000000 00:1d7 678822167                 /nix/store/026hln0aq1hyshaxsdvhg0kmcm6yf45r-zlib-1.2.13/lib/libz.so.1.2.13
7fbfd671a000-7fbfd672c000 r-xp 00003000 00:1d7 678822167                 /nix/store/026hln0aq1hyshaxsdvhg0kmcm6yf45r-zlib-1.2.13/lib/libz.so.1.2.13
7fbfd672c000-7fbfd6733000 r--p 00015000 00:1d7 678822167                 /nix/store/026hln0aq1hyshaxsdvhg0kmcm6yf45r-zlib-1.2.13/lib/libz.so.1.2.13
7fbfd6733000-7fbfd6734000 r--p 0001b000 00:1d7 678822167                 /nix/store/026hln0aq1hyshaxsdvhg0kmcm6yf45r-zlib-1.2.13/lib/libz.so.1.2.13
7fbfd6734000-7fbfd6735000 rw-p 0001c000 00:1d7 678822167                 /nix/store/026hln0aq1hyshaxsdvhg0kmcm6yf45r-zlib-1.2.13/lib/libz.so.1.2.13
7fbfd6735000-7fbfd6737000 rw-p 00000000 00:00 0 
7fbfd6737000-7fbfd6739000 r--p 00000000 00:1d7 600592008                 /nix/store/4nlgxhb09sdr51nc9hdm8az5b08vzkgx-glibc-2.35-163/lib/ld-linux-x86-64.so.2
7fbfd6739000-7fbfd6760000 r-xp 00002000 00:1d7 600592008                 /nix/store/4nlgxhb09sdr51nc9hdm8az5b08vzkgx-glibc-2.35-163/lib/ld-linux-x86-64.so.2
7fbfd6760000-7fbfd676c000 r--p 00029000 00:1d7 600592008                 /nix/store/4nlgxhb09sdr51nc9hdm8az5b08vzkgx-glibc-2.35-163/lib/ld-linux-x86-64.so.2
7fbfd676c000-7fbfd676e000 r--p 00034000 00:1d7 600592008                 /nix/store/4nlgxhb09sdr51nc9hdm8az5b08vzkgx-glibc-2.35-163/lib/ld-linux-x86-64.so.2
7fbfd676e000-7fbfd6770000 rw-p 00036000 00:1d7 600592008                 /nix/store/4nlgxhb09sdr51nc9hdm8az5b08vzkgx-glibc-2.35-163/lib/ld-linux-x86-64.so.2
7fff744e1000-7fff74505000 rw-p 00000000 00:00 0                          [stack]
7fff74555000-7fff74559000 r--p 00000000 00:00 0                          [vvar]
7fff74559000-7fff7455b000 r-xp 00000000 00:00 0                          [vdso]
ffffffffff600000-ffffffffff601000 --xp 00000000 00:00 0                  [vsyscall]


VM Arguments:
jvm_args: -XX:ThreadPriorityPolicy=1 -XX:+UnlockExperimentalVMOptions -XX:+EnableJVMCIProduct -XX:JVMCIThreadsPerNativeLibraryRuntime=1 -XX:-UnlockExperimentalVMOptions -Declipse.application=org.eclipse.jdt.ls.core.id1 -Dosgi.bundles.defaultStartLevel=4 -Declipse.product=org.eclipse.jdt.ls.core.product -Dlog.level=ALL -Xverify:none -XX:+UseParallelGC -XX:GCTimeRatio=4 -XX:AdaptiveSizePolicyWeight=90 -Dsun.zip.disableMemoryMapping=true -Xmx512m -Xms100m 
java_command: /nix/store/a7s9klvriqi68xz3qjc0qyfl5h86xc16-jdt-language-server-1.9.0/share/java/plugins/org.eclipse.equinox.launcher_1.6.400.v20210924-0641.jar --add-modules=ALL-SYSTEM --add-opens java.base/java.util=ALL-UNNAMED --add-opens java.base/java.lang=ALL-UNNAMED -configuration /home/runner/.cache/jdt-language-server/config -data /home/runner/.cache/jdt-language-server/data/home/runner/biblioteca
java_class_path (initial): /nix/store/a7s9klvriqi68xz3qjc0qyfl5h86xc16-jdt-language-server-1.9.0/share/java/plugins/org.eclipse.equinox.launcher_1.6.400.v20210924-0641.jar
Launcher Type: SUN_STANDARD

[Global flags]
    uintx AdaptiveSizePolicyWeight                 = 90                                        {product} {command line}
     intx CICompilerCount                          = 2                                         {product} {ergonomic}
     bool EnableJVMCIProduct                       = true                                {JVMCI product} {jimage}
    uintx GCTimeRatio                              = 4                                         {product} {command line}
   size_t InitialHeapSize                          = 104857600                                 {product} {command line}
     uint JVMCIThreadsPerNativeLibraryRuntime      = 1                                   {JVMCI product} {jimage}
   size_t MaxHeapSize                              = 536870912                                 {product} {command line}
   size_t MaxNewSize                               = 178782208                                 {product} {ergonomic}
   size_t MinHeapDeltaBytes                        = 524288                                    {product} {ergonomic}
   size_t MinHeapSize                              = 104857600                                 {product} {command line}
   size_t NewSize                                  = 34603008                                  {product} {ergonomic}
    uintx NonNMethodCodeHeapSize                   = 5826188                                {pd product} {ergonomic}
    uintx NonProfiledCodeHeapSize                  = 122916026                              {pd product} {ergonomic}
   size_t OldSize                                  = 70254592                                  {product} {ergonomic}
    uintx ProfiledCodeHeapSize                     = 122916026                              {pd product} {ergonomic}
    uintx ReservedCodeCacheSize                    = 251658240                              {pd product} {ergonomic}
     bool SegmentedCodeCache                       = true                                      {product} {ergonomic}
   size_t SoftMaxHeapSize                          = 536870912                              {manageable} {ergonomic}
     intx ThreadPriorityPolicy                     = 1                                         {product} {jimage}
     bool UseCompressedClassPointers               = true                           {product lp64_product} {ergonomic}
     bool UseCompressedOops                        = true                           {product lp64_product} {ergonomic}
     bool UseParallelGC                            = true                                      {product} {command line}

Logging:
Log output configuration:
 #0: stdout all=warning uptime,level,tags
 #1: stderr all=off uptime,level,tags

Environment Variables:
JAVA_HOME=/nix/store/gpxl5qgg8kicmcvivwmybwjlpf7wh20l-graalvm17-ce-22.3.0
PATH=/nix/store/1d6ian3r8kdzspw8hacjhl3xkp40g1lj-binutils-wrapper-2.39/bin:/nix/store/dq0xwmsk1g0i2ayg6pb7y87na2knzylh-gcc-wrapper-11.3.0/bin:/nix/store/bap4d0lpcrhpwmpb8ayjcgkmvfj62lnq-bash-interactive-5.1-p16/bin:/nix/store/pr5n59mb4jzmfx6kanwxly0l07p861fg-patchelf-0.15.0/bin:/nix/store/1gf2flfqnpqbr1b4p4qz2f72y42bs56r-gcc-11.3.0/bin:/nix/store/57xv61c5zi8pphjbcwxxjlgc34p61ic9-glibc-2.35-163-bin/bin:/nix/store/a7gvj343m05j2s32xcnwr35v31ynlypr-coreutils-9.1/bin:/nix/store/039g378vc3pc3dvi9dzdlrd0i4q93qwf-binutils-2.39/bin:/nix/store/gpxl5qgg8kicmcvivwmybwjlpf7wh20l-graalvm17-ce-22.3.0/bin:/nix/store/6z9ag3ihc8mq2hzsw48lhbznvzny65nz-apache-maven-3.8.6/bin:/nix/store/a7s9klvriqi68xz3qjc0qyfl5h86xc16-jdt-language-server-1.9.0/bin:/nix/store/48ifl2w60a3zp7yskbpnvn8jp9jdsb7k-java-debug/bin:/nix/store/mydc6f4k2z73xlcz7ilif3v2lcaiqvza-findutils-4.9.0/bin:/nix/store/j9p3g8472iijd50vhdprx0nmk2fqn5gv-diffutils-3.8/bin:/nix/store/89zs7rms6x00xfq4dq6m7mjnhkr8a6r4-gnused-4.8/bin:/nix/store/86bp03jkmsl6f92w0yzg4s59g5mhxwmy-gnugrep-3.7/bin:/nix/store/hwcdqw4jrjnd37wxqgsd47hd0j8bnj09-gawk-5.1.1/bin:/nix/store/cfbhw8r8ags41vwqaz47r583d0p4h4a1-gnutar-1.34/bin:/nix/store/p3m1ndl1lapwrlh698bnb5lvvxh67378-gzip-1.12/bin:/nix/store/a8mhcagrsly7c7mpjrpsnaahk4aax056-bzip2-1.0.8-bin/bin:/nix/store/mblgz65m3zv9x548a3d5m96fj2pbwr09-gnumake-4.3/bin:/nix/store/dsd5gz46hdbdk2rfdimqddhq6m8m8fqs-bash-5.1-p16/bin:/nix/store/v7ljksji50mg3w61dykaa3n3y79n6nil-patch-2.7.6/bin:/nix/store/zlcnmqq14jz5x9439jf937mvayyl63da-xz-5.2.7-bin/bin:/nix/store/y6aj732zm9m87c82fpvf103a1xb22blp-file-5.43/bin:/nix/store/v9py4f18ka9m81fl2nrgwim187awj8wb-nix-2.18.0pre20230808_c0e6466/bin:/nix/store/i4kzir3m7mrisxmf5xvlnkw01x4qaqr4-prybar-elisp-0.0.0-e0d9a52/bin:/nix/store/lwwivxf6h7x3cvxp9zv8sj0mv7dak99r-prybar-lua-0.0.0-e0d9a52/bin:/nix/store/gxj28g1cg4hq3qanmjv07156h800qr58-prybar-python3-0.0.0-e0d9a52/bin:/nix/store/hshkjnxrgidigf8x75vg6lqng2xlx9i3-prybar-sqlite-0.0.0-e0d9a52/bin:/nix/store/c4w01bpjgyy5ixmwdk8m1pw87zq4sl
LD_LIBRARY_PATH=/nix/store/a4pff549sk2idnkpzk5nsfps3mdkdnvm-cups-2.4.2-lib/lib:/nix/store/72mqxxhh3cy5yifh92wh2yb8cl2hikyy-cairo-1.16.0/lib:/nix/store/2k366jrbsra97gjfxwvrhvixjfxdach5-glib-2.74.1/lib:/nix/store/2j2znigd8ak37rlwh9khz0ry3clqlw1l-gtk+3-3.24.34/lib:/nix/store/hisqvx32cd57apbpcsnkpx6k3549wql1-libglvnd-1.4.0/lib:/nix/store/p36pgcv991mq5srvg765b78yqpxvk3qs-mesa-21.3.3-drivers/lib:/nix/store/mav4251if1ahjq5vkpwycyyvnmy459c4-pulseaudio-14.2/lib
DISPLAY=:0
LANG=en_US.UTF-8

Signal Handlers:
   SIGSEGV: crash_handler in libjvm.so, mask=11100100010111111101111111111110, flags=SA_RESTART|SA_SIGINFO
    SIGBUS: crash_handler in libjvm.so, mask=11100100010111111101111111111110, flags=SA_RESTART|SA_SIGINFO
    SIGFPE: crash_handler in libjvm.so, mask=11100100010111111101111111111110, flags=SA_RESTART|SA_SIGINFO
   SIGPIPE: IsolateEnterStub_IgnoreSIGPIPEStartupHook_noopSignalHandler_8f19bff2f35b5f630d83b364d6b2339320d4ec70_216e8361c6bc87a8f89f58cc10d3b2fd4415bf87 in libjvmcicompiler.so, mask=00000000000000000000000000000000, flags=SA_RESTART
  *** Handler was modified!
  *** Expected: javaSignalHandler in libjvm.so, mask=11100100110111111111111111111110, flags=SA_RESTART|SA_SIGINFO
   SIGXFSZ: javaSignalHandler in libjvm.so, mask=11100100010111111101111111111110, flags=SA_RESTART|SA_SIGINFO
    SIGILL: crash_handler in libjvm.so, mask=11100100010111111101111111111110, flags=SA_RESTART|SA_SIGINFO
   SIGUSR2: SR_handler in libjvm.so, mask=00000000000000000000000000000000, flags=SA_RESTART|SA_SIGINFO
    SIGHUP: UserHandler in libjvm.so, mask=11100100010111111101111111111110, flags=SA_RESTART|SA_SIGINFO
    SIGINT: UserHandler in libjvm.so, mask=11100100010111111101111111111110, flags=SA_RESTART|SA_SIGINFO
   SIGTERM: UserHandler in libjvm.so, mask=11100100010111111101111111111110, flags=SA_RESTART|SA_SIGINFO
   SIGQUIT: UserHandler in libjvm.so, mask=11100100010111111101111111111110, flags=SA_RESTART|SA_SIGINFO
  *** Handler was modified!
  *** Expected: javaSignalHandler in libjvm.so, mask=11100100110111111111111111111110, flags=SA_RESTART|SA_SIGINFO
   SIGTRAP: crash_handler in libjvm.so, mask=11100100010111111101111111111110, flags=SA_RESTART|SA_SIGINFO


---------------  S Y S T E M  ---------------

OS:
DISTRIB_ID=Ubuntu
DISTRIB_RELEASE=20.04
DISTRIB_CODENAME=focal
DISTRIB_DESCRIPTION="Ubuntu 20.04.2 LTS"
uname: Linux 6.2.0-1017-gcp #19~22.04.1-Ubuntu SMP Fri Oct 13 15:33:25 UTC 2023 x86_64
OS uptime: 1 days 0:57 hours
libc: glibc 2.35 NPTL 2.35 
rlimit (soft/hard): STACK 8192k/infinity , CORE infinity/infinity , NPROC infinity/infinity , NOFILE 5242/5242 , AS infinity/infinity , CPU infinity/infinity , DATA infinity/infinity , FSIZE infinity/infinity , MEMLOCK 8192k/8192k
load average: 20.59 29.29 29.61

/proc/meminfo:
MemTotal:       65835936 kB
MemFree:        30223988 kB
MemAvailable:   39609644 kB
Buffers:         1259656 kB
Cached:          7216272 kB
SwapCached:            0 kB
Active:          4706256 kB
Inactive:       28215420 kB
Active(anon):      19084 kB
Inactive(anon): 24030564 kB
Active(file):    4687172 kB
Inactive(file):  4184856 kB
Unevictable:       28728 kB
Mlocked:           28728 kB
SwapTotal:             0 kB
SwapFree:              0 kB
Zswap:                 0 kB
Zswapped:              0 kB
Dirty:              5016 kB
Writeback:           212 kB
AnonPages:      22974432 kB
Mapped:          1097488 kB
Shmem:             18216 kB
KReclaimable:    1322000 kB
Slab:            1874464 kB
SReclaimable:    1322000 kB
SUnreclaim:       552464 kB
KernelStack:      143340 kB
PageTables:       282836 kB
SecPageTables:         0 kB
NFS_Unstable:          0 kB
Bounce:                0 kB
WritebackTmp:          0 kB
CommitLimit:    32917968 kB
Committed_AS:   57971900 kB
VmallocTotal:   34359738367 kB
VmallocUsed:      170148 kB
VmallocChunk:          0 kB
Percpu:            30432 kB
HardwareCorrupted:     0 kB
AnonHugePages:   5617664 kB
ShmemHugePages:        0 kB
ShmemPmdMapped:        0 kB
FileHugePages:         0 kB
FilePmdMapped:         0 kB
HugePages_Total:       0
HugePages_Free:        0
HugePages_Rsvd:        0
HugePages_Surp:        0
Hugepagesize:       2048 kB
Hugetlb:               0 kB
DirectMap4k:      299832 kB
DirectMap2M:    24862720 kB
DirectMap1G:    44040192 kB

/sys/kernel/mm/transparent_hugepage/enabled: always [madvise] never
/sys/kernel/mm/transparent_hugepage/defrag (defrag/compaction efforts parameter): always defer defer+madvise [madvise] never

Process Memory:
Virtual Size: 4855896K (peak: 4941628K)
Resident Set Size: 766072K (peak: 800948K) (anon: 569300K, file: 196772K, shmem: 0K)
Swapped out: 0K
C-Heap outstanding allocations: 42094K, retained: 11749K
glibc malloc tunables: (default)

/proc/sys/kernel/threads-max (system-wide limit on the number of threads): 514277
/proc/sys/vm/max_map_count (maximum number of memory map areas a process may have): 65530
/proc/sys/kernel/pid_max (system-wide limit on number of process identifiers): 4194304

container (cgroup) information:
container_type: cgroupv2
cpu_cpuset_cpus: not supported
cpu_memory_nodes: not supported
active_processor_count: 1
cpu_quota: 50000
cpu_period: 100000
cpu_shares: no shares
memory_limit_in_bytes: 1048576 k
memory_and_swap_limit_in_bytes: unlimited
memory_soft_limit_in_bytes: 524288 k
memory_usage_in_bytes: 621404 k
memory_max_usage_in_bytes: not supported
maximum number of tasks: not supported
current number of tasks: not supported

KVM virtualization detected
Steal ticks since vm start: 3014
Steal ticks percentage since vm start:  0.002

CPU: total 8 (initial active 1) (4 cores per cpu, 2 threads per core) family 6 model 79 stepping 0 microcode 0xffffffff, cx8, cmov, fxsr, ht, mmx, 3dnowpref, sse, sse2, sse3, ssse3, sse4.1, sse4.2, popcnt, lzcnt, tsc, tscinvbit, avx, avx2, aes, erms, clmul, bmi1, bmi2, rtm, adx, fma, vzeroupper, clflush, hv
CPU Model and flags from /proc/cpuinfo:
model name	: Intel(R) Xeon(R) CPU @ 2.20GHz
flags		: fpu vme de pse tsc msr pae mce cx8 apic sep mtrr pge mca cmov pat pse36 clflush mmx fxsr sse sse2 ss ht syscall nx pdpe1gb rdtscp lm constant_tsc rep_good nopl xtopology nonstop_tsc cpuid tsc_known_freq pni pclmulqdq ssse3 fma cx16 pcid sse4_1 sse4_2 x2apic movbe popcnt aes xsave avx f16c rdrand hypervisor lahf_lm abm 3dnowprefetch invpcid_single pti ssbd ibrs ibpb stibp fsgsbase tsc_adjust bmi1 hle avx2 smep bmi2 erms invpcid rtm rdseed adx smap xsaveopt arat md_clear arch_capabilities

Online cpus: 0-7
Offline cpus: 
BIOS frequency limitation: <Not Available>
Frequency switch latency (ns): <Not Available>
Available cpu frequencies: <Not Available>
Current governor: <Not Available>
Core performance/turbo boost: <Not Available>

Memory: 4k page, physical 1048576k(427164k free), swap 0k(0k free)
Page Sizes: 4k

vm_info: OpenJDK 64-Bit Server VM (17.0.5+8-jvmci-22.3-b08) for linux-amd64 JRE (17.0.5+8-jvmci-22.3-b08), built on Oct 19 2022 09:01:27 by "buildslave" with gcc 10.3.0

END.
