#
# A fatal error has been detected by the Java Runtime Environment:
#
#  Internal Error (jvmciRuntime.cpp:1609), pid=37, tid=51
#  fatal error: Fatal exception in JVMCI: Error calling jdk.vm.ci.services.Services.serializeSavedProperties
#
# JRE version: OpenJDK Runtime Environment GraalVM CE 22.3.0 (17.0.5+8) (build 17.0.5+8-jvmci-22.3-b08)
# Java VM: OpenJDK 64-Bit Server VM GraalVM CE 22.3.0 (17.0.5+8-jvmci-22.3-b08, mixed mode, sharing, tiered, jvmci, jvmci compiler, compressed oops, compressed class ptrs, parallel gc, linux-amd64)
# Problematic frame:
# V  [libjvm.so+0x972714]  JVMCIRuntime::fatal_exception(JVMCIEnv*, char const*)+0x74
#
# Core dump will be written. Default location: Core dumps may be processed with "/usr/share/apport/apport -p%p -s%s -c%c -d%d -P%P -u%u -g%g -- %E" (or dumping to /home/runner/biblioteca/core.37)
#
# If you would like to submit a bug report, please visit:
#   https://github.com/oracle/graal/issues
#

---------------  S U M M A R Y ------------

Command Line: -XX:ThreadPriorityPolicy=1 -XX:+UnlockExperimentalVMOptions -XX:+EnableJVMCIProduct -XX:JVMCIThreadsPerNativeLibraryRuntime=1 -XX:-UnlockExperimentalVMOptions -Declipse.application=org.eclipse.jdt.ls.core.id1 -Dosgi.bundles.defaultStartLevel=4 -Declipse.product=org.eclipse.jdt.ls.core.product -Dlog.level=ALL -Xverify:none -XX:+UseParallelGC -XX:GCTimeRatio=4 -XX:AdaptiveSizePolicyWeight=90 -Dsun.zip.disableMemoryMapping=true -Xmx512m -Xms100m /nix/store/a7s9klvriqi68xz3qjc0qyfl5h86xc16-jdt-language-server-1.9.0/share/java/plugins/org.eclipse.equinox.launcher_1.6.400.v20210924-0641.jar --add-modules=ALL-SYSTEM --add-opens java.base/java.util=ALL-UNNAMED --add-opens java.base/java.lang=ALL-UNNAMED -configuration /home/runner/.cache/jdt-language-server/config -data /home/runner/.cache/jdt-language-server/data/home/runner/biblioteca

Host: Intel(R) Xeon(R) CPU @ 2.20GHz, 8 cores, 1G, Ubuntu 20.04.2 LTS
Time: Fri Oct 13 12:28:34 2023 UTC elapsed time: 2054.201772 seconds (0d 0h 34m 14s)

---------------  T H R E A D  ---------------

Current thread (0x00007f58500b1c00):  JavaThread "JVMCI-native CompilerThread0" daemon [_thread_in_vm, id=51, stack(0x00007f5854e1a000,0x00007f585501a000)]


Current CompileTask:
JVMCI-native:2054201 8440       4       org.eclipse.core.runtime.SubMonitor::isCanceled (20 bytes)

Stack: [0x00007f5854e1a000,0x00007f585501a000],  sp=0x00007f5855018380,  free space=2040k
Native frames: (J=compiled Java code, j=interpreted, Vv=VM code, C=native code)
V  [libjvm.so+0x972714]  JVMCIRuntime::fatal_exception(JVMCIEnv*, char const*)+0x74
V  [libjvm.so+0x93e2fe]  JVMCIEnv::copy_saved_properties()+0x14e
V  [libjvm.so+0x9732a9]  JVMCIRuntime::initialize(JVMCIEnv*)+0xb19
V  [libjvm.so+0x9738a2]  JVMCIRuntime::get_HotSpotJVMCIRuntime(JVMCIEnv*)+0x12
V  [libjvm.so+0x9749f2]  JVMCIRuntime::compile_method(JVMCIEnv*, JVMCICompiler*, methodHandle const&, int)+0xd2
V  [libjvm.so+0x5b0d20]  CompileBroker::invoke_compiler_on_method(CompileTask*)+0x1470
V  [libjvm.so+0x5b12e8]  CompileBroker::compiler_thread_loop()+0x528
V  [libjvm.so+0xd82460]  JavaThread::thread_main_inner()+0xd0
V  [libjvm.so+0xd85a40]  Thread::call_run()+0xc0
V  [libjvm.so+0xbdb1e1]  thread_native_entry(Thread*)+0xe1

Register to memory mapping:

RAX=0x00007f5857f87000 points into unknown readable memory: 0x0000000000000058 | 58 00 00 00 00 00 00 00
RBX=0x00007f5859082398: <offset 0x0000000000ef5398> in /nix/store/gpxl5qgg8kicmcvivwmybwjlpf7wh20l-graalvm17-ce-22.3.0/lib/server/libjvm.so at 0x00007f585818d000
RCX=0x00007f585903a1e8: <offset 0x0000000000ead1e8> in /nix/store/gpxl5qgg8kicmcvivwmybwjlpf7wh20l-graalvm17-ce-22.3.0/lib/server/libjvm.so at 0x00007f585818d000
RDX=0x0000000000000649 is an unknown value
RSP=0x00007f5855018380 is pointing into the stack for thread: 0x00007f58500b1c00
RBP=0x00007f58550183a0 is pointing into the stack for thread: 0x00007f58500b1c00
RSI=0x00007f5859082c48: <offset 0x0000000000ef5c48> in /nix/store/gpxl5qgg8kicmcvivwmybwjlpf7wh20l-graalvm17-ce-22.3.0/lib/server/libjvm.so at 0x00007f585818d000
RDI=0x00000000e0000000 is an oop: java.lang.String 
{0x00000000e0000000} - klass: 'java/lang/String'
 - string: "resolution"
R8 =0x00007f5859082398: <offset 0x0000000000ef5398> in /nix/store/gpxl5qgg8kicmcvivwmybwjlpf7wh20l-graalvm17-ce-22.3.0/lib/server/libjvm.so at 0x00007f585818d000
R9 =0x00007f5855018330 is pointing into the stack for thread: 0x00007f58500b1c00
R10=0x00007f5855019948 is pointing into the stack for thread: 0x00007f58500b1c00
R11=0x0000000000000293 is an unknown value
R12=0x0 is NULL
R13=0x00007f58500b1c00 is a thread
R14=0x00007f5850000b80 points into unknown readable memory: 0x00007f58592b3a38 | 38 3a 2b 59 58 7f 00 00
R15=0x00007f58593c1e40: <offset 0x0000000001234e40> in /nix/store/gpxl5qgg8kicmcvivwmybwjlpf7wh20l-graalvm17-ce-22.3.0/lib/server/libjvm.so at 0x00007f585818d000


Registers:
RAX=0x00007f5857f87000, RBX=0x00007f5859082398, RCX=0x00007f585903a1e8, RDX=0x0000000000000649
RSP=0x00007f5855018380, RBP=0x00007f58550183a0, RSI=0x00007f5859082c48, RDI=0x00000000e0000000
R8 =0x00007f5859082398, R9 =0x00007f5855018330, R10=0x00007f5855019948, R11=0x0000000000000293
R12=0x0000000000000000, R13=0x00007f58500b1c00, R14=0x00007f5850000b80, R15=0x00007f58593c1e40
RIP=0x00007f5858aff714, EFLAGS=0x0000000000010206, CSGSFS=0x002b000000000033, ERR=0x0000000000000006
  TRAPNO=0x000000000000000e

Top of Stack: (sp=0x00007f5855018380)
0x00007f5855018380:   00007f5855018940 00007f58500b1c00
0x00007f5855018390:   00007f585691a888 0000000800c426d8
0x00007f58550183a0:   00007f5855018500 00007f5858acb2fe
0x00007f58550183b0:   00007f58550183e0 00007f5855018440 

Instructions: (pc=0x00007f5858aff714)
0x00007f5858aff614:   30 e8 f6 cf e8 ff 4c 89 e7 e8 2e 48 d1 ff 84 db
0x00007f5858aff624:   75 2a 4d 85 ed 74 04 4d 8b 6d 00 48 83 c4 08 44
0x00007f5858aff634:   89 f9 4c 89 f2 4c 89 ee 5b 4c 89 e7 41 5c 41 5d
0x00007f5858aff644:   41 5e 41 5f 5d e9 e2 47 d1 ff 66 90 48 83 c4 08
0x00007f5858aff654:   5b 41 5c 41 5d 41 5e 41 5f 5d c3 90 31 d2 be 08
0x00007f5858aff664:   00 00 00 4c 89 ff e8 b1 78 a3 ff 49 89 c5 e9 37
0x00007f5858aff674:   ff ff ff 66 0f 1f 84 00 00 00 00 00 48 8b 7a 08
0x00007f5858aff684:   e9 6d ff ff ff 0f 1f 80 00 00 00 00 e8 5b 48 0a
0x00007f5858aff694:   00 84 c0 75 89 e9 6a ff ff ff 66 90 55 48 89 e5
0x00007f5858aff6a4:   41 56 41 55 41 54 49 89 fc 53 48 89 f3 66 48 8d
0x00007f5858aff6b4:   3d 27 5e 85 00 66 66 48 e8 df 43 8d ff 4c 8b 28
0x00007f5858aff6c4:   8b 05 be 72 8a 00 85 c0 75 14 ba 01 00 00 00 48
0x00007f5858aff6d4:   8d 0d ae 72 8a 00 f0 0f b1 11 85 c0 74 4e be c8
0x00007f5858aff6e4:   00 00 00 4c 89 ef e8 01 0b 41 00 48 8d 05 12 ac
0x00007f5858aff6f4:   85 00 49 89 d8 48 8d 0d e8 aa 53 00 ba 49 06 00
0x00007f5858aff704:   00 48 8d 35 3c 35 58 00 bf 00 00 00 e0 48 8b 00
0x00007f5858aff714:   c6 00 58 31 c0 e8 e2 91 c6 ff 5b 41 5c 41 5d 41
0x00007f5858aff724:   5e 5d e9 55 34 26 00 0f 1f 44 00 00 48 8d 05 81
0x00007f5858aff734:   a3 8b 00 48 89 df 4c 8b 30 e8 9e 43 8d ff 48 89
0x00007f5858aff744:   de 48 89 c2 49 8b 06 4c 89 f7 ff 50 08 4c 89 f7
0x00007f5858aff754:   e8 a7 5c 27 00 4d 85 e4 74 12 be 01 00 00 00 4c
0x00007f5858aff764:   89 e7 e8 35 43 fc ff eb 82 0f 1f 00 be 01 00 00
0x00007f5858aff774:   00 4c 89 ef e8 d3 fd ff ff e9 6d ff ff ff 66 66
0x00007f5858aff784:   2e 0f 1f 84 00 00 00 00 00 0f 1f 00 55 48 89 e5
0x00007f5858aff794:   41 57 41 56 41 55 41 54 53 48 81 ec 08 02 00 00
0x00007f5858aff7a4:   64 48 8b 04 25 28 00 00 00 48 89 45 c8 8b 07 83
0x00007f5858aff7b4:   f8 02 0f 84 11 04 00 00 4c 8b 6f 18 49 89 ff 49
0x00007f5858aff7c4:   89 f4 4d 85 ed 74 14 4c 89 ef e8 5d 57 22 00 41
0x00007f5858aff7d4:   8b 07 83 f8 02 0f 84 19 04 00 00 48 8d 1d 9a 06
0x00007f5858aff7e4:   8a 00 4c 8d 35 0b 3c 58 00 eb 38 90 48 85 d2 7f
0x00007f5858aff7f4:   0d 48 8d 05 b4 c0 85 00 48 83 38 00 7e 0e 41 8b
0x00007f5858aff804:   77 2c 4c 89 f7 31 c0 e8 a0 b2 f7 ff 49 8b 7f 18 


Stack slot to memory mapping:
stack at sp + 0 slots: 0x00007f5855018940 is pointing into the stack for thread: 0x00007f58500b1c00
stack at sp + 1 slots: 0x00007f58500b1c00 is a thread
stack at sp + 2 slots: 0x00007f585691a888 points into unknown readable memory: 0x65730018d23fffff | ff ff 3f d2 18 00 73 65
stack at sp + 3 slots: 0x0000000800c426d8 is a pointer to class: 
jdk.vm.ci.services.Services {0x0000000800c426d8}
 - instance size:     2
 - klass size:        65
 - access:            public final synchronized 
 - state:             fully_initialized
 - name:              'jdk/vm/ci/services/Services'
 - super:             'java/lang/Object'
 - sub:               
 - arrays:            NULL
 - methods:           Array<T>(0x00007f585584e540)
 - method ordering:   Array<T>(0x0000000800928960)
 - default_methods:   Array<T>(0x0000000000000000)
 - local interfaces:  Array<T>(0x00000008005ce810)
 - trans. interfaces: Array<T>(0x00000008005ce810)
 - constants:         constant pool [427] {0x00007f585584d620} for 'jdk/vm/ci/services/Services' cache=0x00007f585584f810
 - class loader data:  loader data: 0x00007f5850027cc0 of 'bootstrap'
 - source file:       'Services.java'
 - class annotations:       Array<T>(0x0000000000000000)
 - class type annotations:  Array<T>(0x0000000000000000)
 - field annotations:       Array<T>(0x0000000000000000)
 - field type annotations:  Array<T>(0x0000000000000000)
 - inner classes:     Array<T>(0x00007f585584f7e0)
 - nest members:     Array<T>(0x00007f585584f800)
 - permitted subclasses:     Array<T>(0x00000008005ce7a0)
 - java mirror:       a 'java/lang/Class'{0x00000000e0147d28} = 'jdk/vm/ci/services/Services'
 - vtable length      5  (start addr: 0x0000000800c428a8)
 - itable length      2 (start addr: 0x0000000800c428d0)
 - ---- static fields (3 words):
 - public static final 'IS_BUILDING_NATIVE_IMAGE' 'Z' @128 
 - public static final 'IS_IN_NATIVE_IMAGE' 'Z' @129 
 - private static volatile 'savedProperties' 'Ljava/util/Map;' @112 
 - static final 'JVMCI_ENABLED' 'Z' @130 
 - private static final 'servicesCache' 'Ljava/util/Map;' @116 
 - private static final 'MAX_UNICODE_IN_UTF8_LENGTH' 'I' @120 
 - private static final 'MAX_UTF8_PROPERTY_STRING_LENGTH' 'I' @124 
 - ---- non-static fields (0 words):
 - non-static oop maps: 
stack at sp + 4 slots: 0x00007f5855018500 is pointing into the stack for thread: 0x00007f58500b1c00
stack at sp + 5 slots: 0x00007f5858acb2fe: <offset 0x000000000093e2fe> in /nix/store/gpxl5qgg8kicmcvivwmybwjlpf7wh20l-graalvm17-ce-22.3.0/lib/server/libjvm.so at 0x00007f585818d000
stack at sp + 6 slots: 0x00007f58550183e0 is pointing into the stack for thread: 0x00007f58500b1c00
stack at sp + 7 slots: 0x00007f5855018440 is pointing into the stack for thread: 0x00007f58500b1c00


---------------  P R O C E S S  ---------------

Threads class SMR info:
_java_thread_list=0x00007f57bc005820, length=32, elements={
0x00007f5850025f60, 0x00007f58500a5f00, 0x00007f58500a7340, 0x00007f58500ada70,
0x00007f58500aee20, 0x00007f58500b0210, 0x00007f58500b1c00, 0x00007f58500b3110,
0x00007f58500b4560, 0x00007f58500d77d0, 0x00007f58501201f0, 0x00007f585032b1e0,
0x00007f58501f6a70, 0x00007f58501f81b0, 0x00007f58501fb9e0, 0x00007f57e8016e50,
0x00007f57e82b0690, 0x00007f57e8312260, 0x00007f57d00010d0, 0x00007f57e848e3f0,
0x00007f57e8604820, 0x00007f58504b52b0, 0x00007f5850491f90, 0x00007f57b8000ff0,
0x00007f57c418b800, 0x00007f57c418c3f0, 0x00007f57c418d220, 0x00007f57c417da80,
0x00007f57c417fd00, 0x00007f57c417e8b0, 0x00007f57bc01aa90, 0x00007f57bc01b010
}

Java Threads: ( => current thread )
  0x00007f5850025f60 JavaThread "main" [_thread_blocked, id=43, stack(0x00007f5857fa8000,0x00007f58580a8000)]
  0x00007f58500a5f00 JavaThread "Reference Handler" daemon [_thread_blocked, id=46, stack(0x00007f5855700000,0x00007f5855800000)]
  0x00007f58500a7340 JavaThread "Finalizer" daemon [_thread_blocked, id=47, stack(0x00007f5855600000,0x00007f5855700000)]
  0x00007f58500ada70 JavaThread "Signal Dispatcher" daemon [_thread_blocked, id=48, stack(0x00007f585521a000,0x00007f585531a000)]
  0x00007f58500aee20 JavaThread "Service Thread" daemon [_thread_blocked, id=49, stack(0x00007f585511a000,0x00007f585521a000)]
  0x00007f58500b0210 JavaThread "Monitor Deflation Thread" daemon [_thread_blocked, id=50, stack(0x00007f585501a000,0x00007f585511a000)]
=>0x00007f58500b1c00 JavaThread "JVMCI-native CompilerThread0" daemon [_thread_in_vm, id=51, stack(0x00007f5854e1a000,0x00007f585501a000)]
  0x00007f58500b3110 JavaThread "C1 CompilerThread0" daemon [_thread_blocked, id=52, stack(0x00007f5854c1a000,0x00007f5854e1a000)]
  0x00007f58500b4560 JavaThread "Sweeper thread" daemon [_thread_blocked, id=53, stack(0x00007f5854b1a000,0x00007f5854c1a000)]
  0x00007f58500d77d0 JavaThread "Common-Cleaner" daemon [_thread_blocked, id=54, stack(0x00007f5854a1a000,0x00007f5854b1a000)]
  0x00007f58501201f0 JavaThread "Notification Thread" daemon [_thread_blocked, id=55, stack(0x00007f585491a000,0x00007f5854a1a000)]
  0x00007f585032b1e0 JavaThread "Active Thread: Equinox Container: 9374b57a-1958-4f3f-92be-f7c253ff7d45" [_thread_blocked, id=73, stack(0x00007f5854600000,0x00007f5854700000)]
  0x00007f58501f6a70 JavaThread "Framework Event Dispatcher: Equinox Container: 9374b57a-1958-4f3f-92be-f7c253ff7d45" daemon [_thread_blocked, id=77, stack(0x00007f5854400000,0x00007f5854500000)]
  0x00007f58501f81b0 JavaThread "Start Level: Equinox Container: 9374b57a-1958-4f3f-92be-f7c253ff7d45" daemon [_thread_blocked, id=78, stack(0x00007f5854200000,0x00007f5854300000)]
  0x00007f58501fb9e0 JavaThread "Refresh Thread: Equinox Container: 9374b57a-1958-4f3f-92be-f7c253ff7d45" daemon [_thread_blocked, id=81, stack(0x00007f5854000000,0x00007f5854100000)]
  0x00007f57e8016e50 JavaThread "SCR Component Actor" daemon [_thread_blocked, id=85, stack(0x00007f58373b3000,0x00007f58374b3000)]
  0x00007f57e82b0690 JavaThread "Worker-JM" [_thread_blocked, id=99, stack(0x00007f5834d00000,0x00007f5834e00000)]
  0x00007f57e8312260 JavaThread "Worker-0: Compacting resource model" [_thread_blocked, id=107, stack(0x00007f5834c00000,0x00007f5834d00000)]
  0x00007f57d00010d0 JavaThread "Worker-1: Java indexing... " [_thread_blocked, id=108, stack(0x00007f5834b00000,0x00007f5834c00000)]
  0x00007f57e848e3f0 JavaThread "Java indexing" daemon [_thread_blocked, id=111, stack(0x00007f5834900000,0x00007f5834a00000)]
  0x00007f57e8604820 JavaThread "Bundle File Closer" daemon [_thread_blocked, id=114, stack(0x00007f5834700000,0x00007f5834800000)]
  0x00007f58504b52b0 JavaThread "pool-3-thread-1" [_thread_blocked, id=116, stack(0x00007f5834500000,0x00007f5834600000)]
  0x00007f5850491f90 JavaThread "pool-2-thread-1" [_thread_blocked, id=121, stack(0x00007f5834300000,0x00007f5834400000)]
  0x00007f57b8000ff0 JavaThread "Worker-4: Periodic workspace save." [_thread_blocked, id=123, stack(0x00007f57fed00000,0x00007f57fee00000)]
  0x00007f57c418b800 JavaThread "Thread-2" [_thread_blocked, id=166, stack(0x00007f5854300000,0x00007f5854400000)]
  0x00007f57c418c3f0 JavaThread "Thread-3" [_thread_blocked, id=167, stack(0x00007f5854100000,0x00007f5854200000)]
  0x00007f57c418d220 JavaThread "Thread-4" [_thread_blocked, id=168, stack(0x00007f5834a00000,0x00007f5834b00000)]
  0x00007f57c417da80 JavaThread "Thread-5" [_thread_blocked, id=169, stack(0x00007f5834600000,0x00007f5834700000)]
  0x00007f57c417fd00 JavaThread "Thread-7" [_thread_blocked, id=171, stack(0x00007f57fe500000,0x00007f57fe600000)]
  0x00007f57c417e8b0 JavaThread "Thread-9" [_thread_blocked, id=1618, stack(0x00007f5834100000,0x00007f5834200000)]
  0x00007f57bc01aa90 JavaThread "Worker-6" [_thread_blocked, id=2003, stack(0x00007f5834f00000,0x00007f5835000000)]
  0x00007f57bc01b010 JavaThread "Worker-7" [_thread_blocked, id=2017, stack(0x00007f57fe900000,0x00007f57fea00000)]

Other Threads:
  0x00007f58500a1640 VMThread "VM Thread" [stack: 0x00007f58560c1000,0x00007f58561c1000] [id=45] _threads_hazard_ptr=0x00007f57bc005820
  0x00007f5850121b90 WatcherThread [stack: 0x00007f585481a000,0x00007f585491a000] [id=56]
  0x00007f585003d860 GCTaskThread "GC Thread#0" [stack: 0x00007f5857b6b000,0x00007f5857c6b000] [id=44]

Threads with active compile tasks:
JVMCI-native CompilerThread0  2054294 8440       4       org.eclipse.core.runtime.SubMonitor::isCanceled (20 bytes)

VM state: synchronizing (normal execution)

VM Mutex/Monitor currently owned by a thread:  ([mutex/lock_event])
[0x00007f5850023110] Threads_lock - owner thread: 0x00007f58500a1640
[0x00007f58500238c0] Heap_lock - owner thread: 0x00007f5850491f90

OutOfMemory and StackOverflow Exception counts:
OutOfMemoryError java_heap_errors=7
LinkageErrors=47

Heap address: 0x00000000e0000000, size: 512 MB, Compressed Oops mode: 32-bit

CDS archive(s) mapped at: [0x0000000800000000-0x0000000800bc8000-0x0000000800bc8000), size 12353536, SharedBaseAddress: 0x0000000800000000, ArchiveRelocationMode: 0.
Compressed class space mapped at: 0x0000000800c00000-0x0000000840c00000, reserved size: 1073741824
Narrow klass base: 0x0000000800000000, Narrow klass shift: 0, Narrow klass range: 0x100000000

GC Precious Log:
 CPUs: 8 total, 1 available
 Memory: 1024M
 Large Page Support: Disabled
 NUMA Support: Disabled
 Compressed Oops: Enabled (32-bit)
 Alignments: Space 512K, Generation 512K, Heap 2M
 Heap Min Capacity: 100M
 Heap Initial Capacity: 100M
 Heap Max Capacity: 512M
 Pre-touch: Disabled
 Parallel Workers: 1

Heap:
 PSYoungGen      total 43520K, used 31743K [0x00000000f5580000, 0x00000000f8d80000, 0x0000000100000000)
  eden space 31744K, 99% used [0x00000000f5580000,0x00000000f747fff8,0x00000000f7480000)
  from space 11776K, 0% used [0x00000000f7480000,0x00000000f7480000,0x00000000f8000000)
  to   space 11776K, 0% used [0x00000000f8000000,0x00000000f8000000,0x00000000f8b80000)
 ParOldGen       total 349696K, used 349696K [0x00000000e0000000, 0x00000000f5580000, 0x00000000f5580000)
  object space 349696K, 100% used [0x00000000e0000000,0x00000000f5580000,0x00000000f5580000)
 Metaspace       used 56428K, committed 57216K, reserved 1105920K
  class space    used 5507K, committed 5824K, reserved 1048576K

Card table byte_map: [0x00007f5857c6b000,0x00007f5857d6c000] _byte_map_base: 0x00007f585756b000

Marking Bits: (ParMarkBitMap*) 0x00007f58593bb4c0
 Begin Bits: [0x00007f5856abe000, 0x00007f58572be000)
 End Bits:   [0x00007f58572be000, 0x00007f5857abe000)

Polling page: 0x00007f5857f85000

Metaspace:

Usage:
  Non-class:     49.73 MB used.
      Class:      5.38 MB used.
       Both:     55.11 MB used.

Virtual space:
  Non-class space:       56.00 MB reserved,      50.19 MB ( 90%) committed,  7 nodes.
      Class space:        1.00 GB reserved,       5.69 MB ( <1%) committed,  1 nodes.
             Both:        1.05 GB reserved,      55.88 MB (  5%) committed. 

Chunk freelists:
   Non-Class:  1.48 MB
       Class:  2.35 MB
        Both:  3.82 MB

MaxMetaspaceSize: unlimited
CompressedClassSpaceSize: 1.00 GB
Initial GC threshold: 21.00 MB
Current GC threshold: 93.06 MB
CDS: on
MetaspaceReclaimPolicy: balanced
 - commit_granule_bytes: 65536.
 - commit_granule_words: 8192.
 - virtual_space_node_default_size: 1048576.
 - enlarge_chunks_in_place: 1.
 - new_chunks_are_fully_committed: 0.
 - uncommit_free_chunks: 1.
 - use_allocation_guard: 0.
 - handle_deallocations: 1.


Internal statistics:

num_allocs_failed_limit: 6.
num_arena_births: 352.
num_arena_deaths: 68.
num_vsnodes_births: 8.
num_vsnodes_deaths: 0.
num_space_committed: 893.
num_space_uncommitted: 0.
num_chunks_returned_to_freelist: 92.
num_chunks_taken_from_freelist: 2493.
num_chunk_merges: 36.
num_chunk_splits: 1616.
num_chunks_enlarged: 1020.
num_purges: 10.
num_inconsistent_stats: 0.

CodeHeap 'non-profiled nmethods': size=120036Kb used=2388Kb max_used=2388Kb free=117647Kb
 bounds [0x00007f583ef7a000, 0x00007f583f1ea000, 0x00007f58464b3000]
CodeHeap 'profiled nmethods': size=120032Kb used=13816Kb max_used=15411Kb free=106215Kb
 bounds [0x00007f5837a42000, 0x00007f5838962000, 0x00007f583ef7a000]
CodeHeap 'non-nmethods': size=5692Kb used=1387Kb max_used=1409Kb free=4304Kb
 bounds [0x00007f58374b3000, 0x00007f5837723000, 0x00007f5837a42000]
 total_blobs=6903 nmethods=6179 adapters=622
 compilation: enabled
              stopped_count=0, restarted_count=0
 full_count=0

JVMCI Events (20 events):
Event: 1274.621 Thread 0x00007f58500b1c00 compacted oop handles in JVMCI runtime 0 from 68 to 68
Event: 1274.621 Thread 0x00007f58500b1c00 releasing handles for JVMCI runtime 0: oop handles=68, metadata handles={total=115, live=112, blocks=26}
Event: 1274.621 Thread 0x00007f58500b1c00 detached from JVMCI runtime 0
Event: 1655.042 Thread 0x00007f58500b1c00 attached to JVMCI runtime 0
Event: 1655.045 Thread 0x00007f58500b1c00 created JavaVM[8]@0x00007f57fdf9e340 for JVMCI runtime 0
Event: 1655.045 Thread 0x00007f58500b1c00 initializing JVMCI runtime 0
Event: 1655.045 Thread 0x00007f58500b1c00 done waiting for JavaVM references initialization in JVMCI runtime 0
Event: 1844.332 Thread 0x00007f58500b1c00 initialized JVMCI runtime 0
Event: 1943.591 Thread 0x00007f58500b1c00 compacted oop handles in JVMCI runtime 0 from 57 to 40
Event: 1948.504 Thread 0x00007f58500b1c00 detaching from JVMCI runtime 0: releasing idle compiler thread (0 other threads still attached)
Event: 1948.504 Thread 0x00007f58500b1c00 shutting down HotSpotJVMCIRuntime for JVMCI runtime 0
Event: 1950.814 Thread 0x00007f58500b1c00 shut down JVMCI runtime 0
Event: 1953.332 Thread 0x00007f58500b1c00 destroyed JavaVM[8]@0x00007f57fdf9e340 for JVMCI runtime 0
Event: 1953.332 Thread 0x00007f58500b1c00 compacted oop handles in JVMCI runtime 0 from 59 to 59
Event: 1953.332 Thread 0x00007f58500b1c00 releasing handles for JVMCI runtime 0: oop handles=59, metadata handles={total=148, live=132, blocks=26}
Event: 1953.333 Thread 0x00007f58500b1c00 detached from JVMCI runtime 0
Event: 1975.605 Thread 0x00007f58500b1c00 attached to JVMCI runtime 0
Event: 1975.609 Thread 0x00007f58500b1c00 created JavaVM[9]@0x00007f57fdf9e340 for JVMCI runtime 0
Event: 1978.192 Thread 0x00007f58500b1c00 initializing JVMCI runtime 0
Event: 1978.192 Thread 0x00007f58500b1c00 done waiting for JavaVM references initialization in JVMCI runtime 0

Compilation events (20 events):
Event: 1786.649 Thread 0x00007f58500b3110 8435       3       java.util.concurrent.locks.AbstractQueuedSynchronizer$ConditionObject::canReacquire (28 bytes)
Event: 1786.650 Thread 0x00007f58500b3110 nmethod 8435 0x00007f58381e1910 code [0x00007f58381e1ac0, 0x00007f58381e1e10]
Event: 1812.022 Thread 0x00007f58500b3110 8437       3       java.text.MessageFormat::subformat (542 bytes)
Event: 1814.416 Thread 0x00007f58500b3110 nmethod 8437 0x00007f5837a54e10 code [0x00007f5837a55460, 0x00007f5837a5b2c0]
Event: 1858.722 Thread 0x00007f58500b1c00 nmethod 8423 0x00007f583f1cb290 code [0x00007f583f1cb400, 0x00007f583f1cb458]
Event: 1858.722 Thread 0x00007f58500b1c00 8425       4       java.io.DataOutputStream::writeUTF (411 bytes)
Event: 1900.502 Thread 0x00007f58500b1c00 nmethod 8425 0x00007f583f1cb590 code [0x00007f583f1cb740, 0x00007f583f1cbfc8]
Event: 1900.503 Thread 0x00007f58500b1c00 8432   !   4       jdk.internal.reflect.UTF8::encode (191 bytes)
Event: 1908.305 Thread 0x00007f58500b1c00 nmethod 8432 0x00007f583f1cc410 code [0x00007f583f1cc5a0, 0x00007f583f1cca60]
Event: 1908.306 Thread 0x00007f58500b1c00 8433       4       jdk.internal.reflect.ClassFileAssembler::emitConstantPoolUTF8 (50 bytes)
Event: 1943.590 Thread 0x00007f58500b1c00 nmethod 8433 0x00007f583f1ccd10 code [0x00007f583f1ccf20, 0x00007f583f1cdb30]
Event: 1943.591 Thread 0x00007f58500b1c00 8430       4       org.eclipse.core.internal.resources.Resource::equals (66 bytes)
Event: 1945.992 Thread 0x00007f58500b1c00 nmethod 8430 0x00007f583f1ce390 code [0x00007f583f1ce560, 0x00007f583f1ce790]
Event: 1945.992 Thread 0x00007f58500b1c00 8438       4       java.util.Objects::equals (23 bytes)
Event: 1946.010 Thread 0x00007f58500b1c00 nmethod 8438 0x00007f583f1ce990 code [0x00007f583f1ceb00, 0x00007f583f1ceb70]
Event: 1970.113 Thread 0x00007f58500b3110 8439       1       java.lang.Thread::getId (5 bytes)
Event: 1970.113 Thread 0x00007f58500b3110 nmethod 8439 0x00007f583f1cec90 code [0x00007f583f1cee20, 0x00007f583f1ceef0]
Event: 1975.605 Thread 0x00007f58500b1c00 8440       4       org.eclipse.core.runtime.SubMonitor::isCanceled (20 bytes)
Event: 1993.366 Thread 0x00007f58500b3110 8441       1       org.eclipse.osgi.internal.location.BasicLocation::isReadOnly (5 bytes)
Event: 1993.367 Thread 0x00007f58500b3110 nmethod 8441 0x00007f583f1cef90 code [0x00007f583f1cf120, 0x00007f583f1cf1f0]

GC Heap History (20 events):
Event: 2028.500 GC heap before
{Heap before GC invocations=842 (full 730):
 PSYoungGen      total 43520K, used 31744K [0x00000000f5580000, 0x00000000f8d80000, 0x0000000100000000)
  eden space 31744K, 100% used [0x00000000f5580000,0x00000000f7480000,0x00000000f7480000)
  from space 11776K, 0% used [0x00000000f7480000,0x00000000f7480000,0x00000000f8000000)
  to   space 11776K, 0% used [0x00000000f8000000,0x00000000f8000000,0x00000000f8b80000)
 ParOldGen       total 349696K, used 349695K [0x00000000e0000000, 0x00000000f5580000, 0x00000000f5580000)
  object space 349696K, 99% used [0x00000000e0000000,0x00000000f557fd30,0x00000000f5580000)
 Metaspace       used 56428K, committed 57216K, reserved 1105920K
  class space    used 5507K, committed 5824K, reserved 1048576K
}
Event: 2031.135 GC heap after
{Heap after GC invocations=842 (full 730):
 PSYoungGen      total 43520K, used 31743K [0x00000000f5580000, 0x00000000f8d80000, 0x0000000100000000)
  eden space 31744K, 99% used [0x00000000f5580000,0x00000000f747fff0,0x00000000f7480000)
  from space 11776K, 0% used [0x00000000f8000000,0x00000000f8000000,0x00000000f8b80000)
  to   space 11776K, 0% used [0x00000000f7480000,0x00000000f7480000,0x00000000f8000000)
 ParOldGen       total 349696K, used 349695K [0x00000000e0000000, 0x00000000f5580000, 0x00000000f5580000)
  object space 349696K, 99% used [0x00000000e0000000,0x00000000f557fd30,0x00000000f5580000)
 Metaspace       used 56428K, committed 57216K, reserved 1105920K
  class space    used 5507K, committed 5824K, reserved 1048576K
}
Event: 2031.135 GC heap before
{Heap before GC invocations=843 (full 731):
 PSYoungGen      total 43520K, used 31744K [0x00000000f5580000, 0x00000000f8d80000, 0x0000000100000000)
  eden space 31744K, 100% used [0x00000000f5580000,0x00000000f7480000,0x00000000f7480000)
  from space 11776K, 0% used [0x00000000f8000000,0x00000000f8000000,0x00000000f8b80000)
  to   space 11776K, 0% used [0x00000000f7480000,0x00000000f7480000,0x00000000f8000000)
 ParOldGen       total 349696K, used 349695K [0x00000000e0000000, 0x00000000f5580000, 0x00000000f5580000)
  object space 349696K, 99% used [0x00000000e0000000,0x00000000f557fd30,0x00000000f5580000)
 Metaspace       used 56428K, committed 57216K, reserved 1105920K
  class space    used 5507K, committed 5824K, reserved 1048576K
}
Event: 2033.631 GC heap after
{Heap after GC invocations=843 (full 731):
 PSYoungGen      total 43520K, used 31743K [0x00000000f5580000, 0x00000000f8d80000, 0x0000000100000000)
  eden space 31744K, 99% used [0x00000000f5580000,0x00000000f747fff0,0x00000000f7480000)
  from space 11776K, 0% used [0x00000000f7480000,0x00000000f7480000,0x00000000f8000000)
  to   space 11776K, 0% used [0x00000000f8000000,0x00000000f8000000,0x00000000f8b80000)
 ParOldGen       total 349696K, used 349695K [0x00000000e0000000, 0x00000000f5580000, 0x00000000f5580000)
  object space 349696K, 99% used [0x00000000e0000000,0x00000000f557fd30,0x00000000f5580000)
 Metaspace       used 56428K, committed 57216K, reserved 1105920K
  class space    used 5507K, committed 5824K, reserved 1048576K
}
Event: 2033.631 GC heap before
{Heap before GC invocations=844 (full 732):
 PSYoungGen      total 43520K, used 31744K [0x00000000f5580000, 0x00000000f8d80000, 0x0000000100000000)
  eden space 31744K, 100% used [0x00000000f5580000,0x00000000f7480000,0x00000000f7480000)
  from space 11776K, 0% used [0x00000000f7480000,0x00000000f7480000,0x00000000f8000000)
  to   space 11776K, 0% used [0x00000000f8000000,0x00000000f8000000,0x00000000f8b80000)
 ParOldGen       total 349696K, used 349695K [0x00000000e0000000, 0x00000000f5580000, 0x00000000f5580000)
  object space 349696K, 99% used [0x00000000e0000000,0x00000000f557fd30,0x00000000f5580000)
 Metaspace       used 56428K, committed 57216K, reserved 1105920K
  class space    used 5507K, committed 5824K, reserved 1048576K
}
Event: 2036.023 GC heap after
{Heap after GC invocations=844 (full 732):
 PSYoungGen      total 43520K, used 31743K [0x00000000f5580000, 0x00000000f8d80000, 0x0000000100000000)
  eden space 31744K, 99% used [0x00000000f5580000,0x00000000f747fff0,0x00000000f7480000)
  from space 11776K, 0% used [0x00000000f8000000,0x00000000f8000000,0x00000000f8b80000)
  to   space 11776K, 0% used [0x00000000f7480000,0x00000000f7480000,0x00000000f8000000)
 ParOldGen       total 349696K, used 349695K [0x00000000e0000000, 0x00000000f5580000, 0x00000000f5580000)
  object space 349696K, 99% used [0x00000000e0000000,0x00000000f557fd30,0x00000000f5580000)
 Metaspace       used 56428K, committed 57216K, reserved 1105920K
  class space    used 5507K, committed 5824K, reserved 1048576K
}
Event: 2036.025 GC heap before
{Heap before GC invocations=845 (full 733):
 PSYoungGen      total 43520K, used 31744K [0x00000000f5580000, 0x00000000f8d80000, 0x0000000100000000)
  eden space 31744K, 100% used [0x00000000f5580000,0x00000000f7480000,0x00000000f7480000)
  from space 11776K, 0% used [0x00000000f8000000,0x00000000f8000000,0x00000000f8b80000)
  to   space 11776K, 0% used [0x00000000f7480000,0x00000000f7480000,0x00000000f8000000)
 ParOldGen       total 349696K, used 349695K [0x00000000e0000000, 0x00000000f5580000, 0x00000000f5580000)
  object space 349696K, 99% used [0x00000000e0000000,0x00000000f557fd30,0x00000000f5580000)
 Metaspace       used 56428K, committed 57216K, reserved 1105920K
  class space    used 5507K, committed 5824K, reserved 1048576K
}
Event: 2038.454 GC heap after
{Heap after GC invocations=845 (full 733):
 PSYoungGen      total 43520K, used 31743K [0x00000000f5580000, 0x00000000f8d80000, 0x0000000100000000)
  eden space 31744K, 99% used [0x00000000f5580000,0x00000000f747ffb8,0x00000000f7480000)
  from space 11776K, 0% used [0x00000000f7480000,0x00000000f7480000,0x00000000f8000000)
  to   space 11776K, 0% used [0x00000000f8000000,0x00000000f8000000,0x00000000f8b80000)
 ParOldGen       total 349696K, used 349695K [0x00000000e0000000, 0x00000000f5580000, 0x00000000f5580000)
  object space 349696K, 99% used [0x00000000e0000000,0x00000000f557fd30,0x00000000f5580000)
 Metaspace       used 56428K, committed 57216K, reserved 1105920K
  class space    used 5507K, committed 5824K, reserved 1048576K
}
Event: 2038.454 GC heap before
{Heap before GC invocations=846 (full 734):
 PSYoungGen      total 43520K, used 31744K [0x00000000f5580000, 0x00000000f8d80000, 0x0000000100000000)
  eden space 31744K, 100% used [0x00000000f5580000,0x00000000f7480000,0x00000000f7480000)
  from space 11776K, 0% used [0x00000000f7480000,0x00000000f7480000,0x00000000f8000000)
  to   space 11776K, 0% used [0x00000000f8000000,0x00000000f8000000,0x00000000f8b80000)
 ParOldGen       total 349696K, used 349695K [0x00000000e0000000, 0x00000000f5580000, 0x00000000f5580000)
  object space 349696K, 99% used [0x00000000e0000000,0x00000000f557fd30,0x00000000f5580000)
 Metaspace       used 56428K, committed 57216K, reserved 1105920K
  class space    used 5507K, committed 5824K, reserved 1048576K
}
Event: 2041.023 GC heap after
{Heap after GC invocations=846 (full 734):
 PSYoungGen      total 43520K, used 31743K [0x00000000f5580000, 0x00000000f8d80000, 0x0000000100000000)
  eden space 31744K, 99% used [0x00000000f5580000,0x00000000f747ffd0,0x00000000f7480000)
  from space 11776K, 0% used [0x00000000f8000000,0x00000000f8000000,0x00000000f8b80000)
  to   space 11776K, 0% used [0x00000000f7480000,0x00000000f7480000,0x00000000f8000000)
 ParOldGen       total 349696K, used 349695K [0x00000000e0000000, 0x00000000f5580000, 0x00000000f5580000)
  object space 349696K, 99% used [0x00000000e0000000,0x00000000f557fd30,0x00000000f5580000)
 Metaspace       used 56428K, committed 57216K, reserved 1105920K
  class space    used 5507K, committed 5824K, reserved 1048576K
}
Event: 2041.023 GC heap before
{Heap before GC invocations=847 (full 735):
 PSYoungGen      total 43520K, used 31743K [0x00000000f5580000, 0x00000000f8d80000, 0x0000000100000000)
  eden space 31744K, 99% used [0x00000000f5580000,0x00000000f747fff0,0x00000000f7480000)
  from space 11776K, 0% used [0x00000000f8000000,0x00000000f8000000,0x00000000f8b80000)
  to   space 11776K, 0% used [0x00000000f7480000,0x00000000f7480000,0x00000000f8000000)
 ParOldGen       total 349696K, used 349695K [0x00000000e0000000, 0x00000000f5580000, 0x00000000f5580000)
  object space 349696K, 99% used [0x00000000e0000000,0x00000000f557fd30,0x00000000f5580000)
 Metaspace       used 56428K, committed 57216K, reserved 1105920K
  class space    used 5507K, committed 5824K, reserved 1048576K
}
Event: 2043.602 GC heap after
{Heap after GC invocations=847 (full 735):
 PSYoungGen      total 43520K, used 31743K [0x00000000f5580000, 0x00000000f8d80000, 0x0000000100000000)
  eden space 31744K, 99% used [0x00000000f5580000,0x00000000f747fff0,0x00000000f7480000)
  from space 11776K, 0% used [0x00000000f7480000,0x00000000f7480000,0x00000000f8000000)
  to   space 11776K, 0% used [0x00000000f8000000,0x00000000f8000000,0x00000000f8b80000)
 ParOldGen       total 349696K, used 349695K [0x00000000e0000000, 0x00000000f5580000, 0x00000000f5580000)
  object space 349696K, 99% used [0x00000000e0000000,0x00000000f557fd30,0x00000000f5580000)
 Metaspace       used 56428K, committed 57216K, reserved 1105920K
  class space    used 5507K, committed 5824K, reserved 1048576K
}
Event: 2043.603 GC heap before
{Heap before GC invocations=848 (full 736):
 PSYoungGen      total 43520K, used 31744K [0x00000000f5580000, 0x00000000f8d80000, 0x0000000100000000)
  eden space 31744K, 100% used [0x00000000f5580000,0x00000000f7480000,0x00000000f7480000)
  from space 11776K, 0% used [0x00000000f7480000,0x00000000f7480000,0x00000000f8000000)
  to   space 11776K, 0% used [0x00000000f8000000,0x00000000f8000000,0x00000000f8b80000)
 ParOldGen       total 349696K, used 349695K [0x00000000e0000000, 0x00000000f5580000, 0x00000000f5580000)
  object space 349696K, 99% used [0x00000000e0000000,0x00000000f557fec8,0x00000000f5580000)
 Metaspace       used 56428K, committed 57216K, reserved 1105920K
  class space    used 5507K, committed 5824K, reserved 1048576K
}
Event: 2046.297 GC heap after
{Heap after GC invocations=848 (full 736):
 PSYoungGen      total 43520K, used 31743K [0x00000000f5580000, 0x00000000f8d80000, 0x0000000100000000)
  eden space 31744K, 99% used [0x00000000f5580000,0x00000000f747ff90,0x00000000f7480000)
  from space 11776K, 0% used [0x00000000f8000000,0x00000000f8000000,0x00000000f8b80000)
  to   space 11776K, 0% used [0x00000000f7480000,0x00000000f7480000,0x00000000f8000000)
 ParOldGen       total 349696K, used 349695K [0x00000000e0000000, 0x00000000f5580000, 0x00000000f5580000)
  object space 349696K, 99% used [0x00000000e0000000,0x00000000f557fe98,0x00000000f5580000)
 Metaspace       used 56428K, committed 57216K, reserved 1105920K
  class space    used 5507K, committed 5824K, reserved 1048576K
}
Event: 2046.297 GC heap before
{Heap before GC invocations=849 (full 737):
 PSYoungGen      total 43520K, used 31743K [0x00000000f5580000, 0x00000000f8d80000, 0x0000000100000000)
  eden space 31744K, 99% used [0x00000000f5580000,0x00000000f747ff90,0x00000000f7480000)
  from space 11776K, 0% used [0x00000000f8000000,0x00000000f8000000,0x00000000f8b80000)
  to   space 11776K, 0% used [0x00000000f7480000,0x00000000f7480000,0x00000000f8000000)
 ParOldGen       total 349696K, used 349695K [0x00000000e0000000, 0x00000000f5580000, 0x00000000f5580000)
  object space 349696K, 99% used [0x00000000e0000000,0x00000000f557fe98,0x00000000f5580000)
 Metaspace       used 56428K, committed 57216K, reserved 1105920K
  class space    used 5507K, committed 5824K, reserved 1048576K
}
Event: 2049.014 GC heap after
{Heap after GC invocations=849 (full 737):
 PSYoungGen      total 43520K, used 31743K [0x00000000f5580000, 0x00000000f8d80000, 0x0000000100000000)
  eden space 31744K, 99% used [0x00000000f5580000,0x00000000f747ff90,0x00000000f7480000)
  from space 11776K, 0% used [0x00000000f7480000,0x00000000f7480000,0x00000000f8000000)
  to   space 11776K, 0% used [0x00000000f8000000,0x00000000f8000000,0x00000000f8b80000)
 ParOldGen       total 349696K, used 349695K [0x00000000e0000000, 0x00000000f5580000, 0x00000000f5580000)
  object space 349696K, 99% used [0x00000000e0000000,0x00000000f557fe98,0x00000000f5580000)
 Metaspace       used 56428K, committed 57216K, reserved 1105920K
  class space    used 5507K, committed 5824K, reserved 1048576K
}
Event: 2049.017 GC heap before
{Heap before GC invocations=850 (full 738):
 PSYoungGen      total 43520K, used 31743K [0x00000000f5580000, 0x00000000f8d80000, 0x0000000100000000)
  eden space 31744K, 99% used [0x00000000f5580000,0x00000000f747ff90,0x00000000f7480000)
  from space 11776K, 0% used [0x00000000f7480000,0x00000000f7480000,0x00000000f8000000)
  to   space 11776K, 0% used [0x00000000f8000000,0x00000000f8000000,0x00000000f8b80000)
 ParOldGen       total 349696K, used 349695K [0x00000000e0000000, 0x00000000f5580000, 0x00000000f5580000)
  object space 349696K, 99% used [0x00000000e0000000,0x00000000f557fe98,0x00000000f5580000)
 Metaspace       used 56428K, committed 57216K, reserved 1105920K
  class space    used 5507K, committed 5824K, reserved 1048576K
}
Event: 2051.553 GC heap after
{Heap after GC invocations=850 (full 738):
 PSYoungGen      total 43520K, used 31743K [0x00000000f5580000, 0x00000000f8d80000, 0x0000000100000000)
  eden space 31744K, 99% used [0x00000000f5580000,0x00000000f747ff90,0x00000000f7480000)
  from space 11776K, 0% used [0x00000000f8000000,0x00000000f8000000,0x00000000f8b80000)
  to   space 11776K, 0% used [0x00000000f7480000,0x00000000f7480000,0x00000000f8000000)
 ParOldGen       total 349696K, used 349695K [0x00000000e0000000, 0x00000000f5580000, 0x00000000f5580000)
  object space 349696K, 99% used [0x00000000e0000000,0x00000000f557fe98,0x00000000f5580000)
 Metaspace       used 56428K, committed 57216K, reserved 1105920K
  class space    used 5507K, committed 5824K, reserved 1048576K
}
Event: 2051.553 GC heap before
{Heap before GC invocations=851 (full 739):
 PSYoungGen      total 43520K, used 31743K [0x00000000f5580000, 0x00000000f8d80000, 0x0000000100000000)
  eden space 31744K, 99% used [0x00000000f5580000,0x00000000f747ff90,0x00000000f7480000)
  from space 11776K, 0% used [0x00000000f8000000,0x00000000f8000000,0x00000000f8b80000)
  to   space 11776K, 0% used [0x00000000f7480000,0x00000000f7480000,0x00000000f8000000)
 ParOldGen       total 349696K, used 349695K [0x00000000e0000000, 0x00000000f5580000, 0x00000000f5580000)
  object space 349696K, 99% used [0x00000000e0000000,0x00000000f557fe98,0x00000000f5580000)
 Metaspace       used 56428K, committed 57216K, reserved 1105920K
  class space    used 5507K, committed 5824K, reserved 1048576K
}
Event: 2054.155 GC heap after
{Heap after GC invocations=851 (full 739):
 PSYoungGen      total 43520K, used 31743K [0x00000000f5580000, 0x00000000f8d80000, 0x0000000100000000)
  eden space 31744K, 99% used [0x00000000f5580000,0x00000000f747ff90,0x00000000f7480000)
  from space 11776K, 0% used [0x00000000f7480000,0x00000000f7480000,0x00000000f8000000)
  to   space 11776K, 0% used [0x00000000f8000000,0x00000000f8000000,0x00000000f8b80000)
 ParOldGen       total 349696K, used 349695K [0x00000000e0000000, 0x00000000f5580000, 0x00000000f5580000)
  object space 349696K, 99% used [0x00000000e0000000,0x00000000f557fe98,0x00000000f5580000)
 Metaspace       used 56428K, committed 57216K, reserved 1105920K
  class space    used 5507K, committed 5824K, reserved 1048576K
}

Dll operation events (9 events):
Event: 0.003 Loaded shared library /nix/store/gpxl5qgg8kicmcvivwmybwjlpf7wh20l-graalvm17-ce-22.3.0/lib/libjava.so
Event: 0.016 Loaded shared library /nix/store/gpxl5qgg8kicmcvivwmybwjlpf7wh20l-graalvm17-ce-22.3.0/lib/libjsvml.so
Event: 0.314 Loaded shared library /nix/store/gpxl5qgg8kicmcvivwmybwjlpf7wh20l-graalvm17-ce-22.3.0/lib/libnio.so
Event: 0.321 Loaded shared library /nix/store/gpxl5qgg8kicmcvivwmybwjlpf7wh20l-graalvm17-ce-22.3.0/lib/libzip.so
Event: 0.329 Loaded shared library /nix/store/gpxl5qgg8kicmcvivwmybwjlpf7wh20l-graalvm17-ce-22.3.0/lib/libjvmcicompiler.so
Event: 1.121 Loaded shared library /nix/store/gpxl5qgg8kicmcvivwmybwjlpf7wh20l-graalvm17-ce-22.3.0/lib/libjimage.so
Event: 2.217 Loaded shared library /nix/store/gpxl5qgg8kicmcvivwmybwjlpf7wh20l-graalvm17-ce-22.3.0/lib/libnet.so
Event: 8.205 Loaded shared library /home/runner/.cache/jdt-language-server/config/org.eclipse.equinox.launcher/org.eclipse.equinox.launcher.gtk.linux.x86_64_1.2.400.v20211117-0650/eclipse_11600.so
Event: 23.902 Loaded shared library /nix/store/gpxl5qgg8kicmcvivwmybwjlpf7wh20l-graalvm17-ce-22.3.0/lib/libextnet.so

Deoptimization events (20 events):
Event: 105.294 Thread 0x00007f57e848e3f0 DEOPT PACKING pc=0x00007f5837f87bdd sp=0x00007f58349fe530
Event: 105.294 Thread 0x00007f57e848e3f0 DEOPT UNPACKING pc=0x00007f5837505325 sp=0x00007f58349fda20 mode 0
Event: 105.297 Thread 0x00007f57e848e3f0 DEOPT PACKING pc=0x00007f5837f87bdd sp=0x00007f58349fe530
Event: 105.297 Thread 0x00007f57e848e3f0 DEOPT UNPACKING pc=0x00007f5837505325 sp=0x00007f58349fda20 mode 0
Event: 105.301 Thread 0x00007f57e848e3f0 DEOPT PACKING pc=0x00007f5837f87bdd sp=0x00007f58349fe530
Event: 105.301 Thread 0x00007f57e848e3f0 DEOPT UNPACKING pc=0x00007f5837505325 sp=0x00007f58349fda20 mode 0
Event: 105.303 Thread 0x00007f57e848e3f0 DEOPT PACKING pc=0x00007f5837f87bdd sp=0x00007f58349fe530
Event: 105.303 Thread 0x00007f57e848e3f0 DEOPT UNPACKING pc=0x00007f5837505325 sp=0x00007f58349fda20 mode 0
Event: 105.307 Thread 0x00007f57e848e3f0 DEOPT PACKING pc=0x00007f5837f87bdd sp=0x00007f58349fe530
Event: 105.307 Thread 0x00007f57e848e3f0 DEOPT UNPACKING pc=0x00007f5837505325 sp=0x00007f58349fda20 mode 0
Event: 447.044 Thread 0x00007f5850491f90 Uncommon trap: trap_request=0xffffffcd fr.pc=0x00007f583f1a641d relative=0x0000000000001a3d
Event: 447.044 Thread 0x00007f5850491f90 Uncommon trap: reason=intrinsic_or_type_checked_inlining action=reinterpret pc=0x00007f583f1a641d method=java.util.concurrent.ConcurrentHashMap.computeIfAbsent(Ljava/lang/Object;Ljava/util/function/Function;)Ljava/lang/Object; @ 20 jvmci
Event: 447.044 Thread 0x00007f5850491f90 DEOPT PACKING pc=0x00007f583f1a641d sp=0x00007f58343fd850
Event: 447.044 Thread 0x00007f5850491f90 DEOPT UNPACKING pc=0x00007f5837505325 sp=0x00007f58343fcd00 mode 3
Event: 1705.721 Thread 0x00007f58500b1c00 DEOPT PACKING pc=0x00007f5838545458 sp=0x00007f5855017ef0
Event: 1705.721 Thread 0x00007f58500b1c00 DEOPT UNPACKING pc=0x00007f5837505325 sp=0x00007f5855017458 mode 0
Event: 2049.017 Thread 0x00007f58500b1c00 Uncommon trap: trap_request=0xffffff8f fr.pc=0x00007f583f01309b relative=0x000000000000017b
Event: 2049.017 Thread 0x00007f58500b1c00 Uncommon trap: reason=constraint action=none pc=0x00007f583f01309b method=java.io.ByteArrayOutputStream.<init>(I)V @ 0 jvmci
Event: 2049.017 Thread 0x00007f58500b1c00 DEOPT PACKING pc=0x00007f583f01309b sp=0x00007f5855018020
Event: 2049.017 Thread 0x00007f58500b1c00 DEOPT UNPACKING pc=0x00007f5837505325 sp=0x00007f58550174c8 mode 3

Classes unloaded (20 events):
Event: 157.170 Thread 0x00007f58500a1640 Unloading class 0x0000000800d05000 'java/lang/invoke/LambdaForm$MH+0x0000000800d05000'
Event: 157.170 Thread 0x00007f58500a1640 Unloading class 0x0000000800d04c00 'java/lang/invoke/LambdaForm$MH+0x0000000800d04c00'
Event: 157.170 Thread 0x00007f58500a1640 Unloading class 0x0000000800d04800 'java/lang/invoke/LambdaForm$MH+0x0000000800d04800'
Event: 165.726 Thread 0x00007f58500a1640 Unloading class 0x0000000800f0d000 'jdk/internal/reflect/GeneratedConstructorAccessor14'
Event: 165.726 Thread 0x00007f58500a1640 Unloading class 0x0000000800f0c800 'jdk/internal/reflect/GeneratedConstructorAccessor12'
Event: 165.727 Thread 0x00007f58500a1640 Unloading class 0x0000000800f0c400 'jdk/internal/reflect/GeneratedConstructorAccessor11'
Event: 165.727 Thread 0x00007f58500a1640 Unloading class 0x0000000800f0c000 'jdk/internal/reflect/GeneratedConstructorAccessor10'
Event: 171.310 Thread 0x00007f58500a1640 Unloading class 0x0000000800d04000 'java/lang/invoke/LambdaForm$MH+0x0000000800d04000'
Event: 178.394 Thread 0x00007f58500a1640 Unloading class 0x00000008011a0400 'jdk/internal/reflect/GeneratedConstructorAccessor29'
Event: 178.394 Thread 0x00007f58500a1640 Unloading class 0x0000000801098400 'jdk/internal/reflect/GeneratedSerializationConstructorAccessor4'
Event: 178.394 Thread 0x00007f58500a1640 Unloading class 0x0000000801098000 'jdk/internal/reflect/GeneratedSerializationConstructorAccessor3'
Event: 178.394 Thread 0x00007f58500a1640 Unloading class 0x0000000801094c00 'jdk/internal/reflect/GeneratedSerializationConstructorAccessor2'
Event: 178.394 Thread 0x00007f58500a1640 Unloading class 0x0000000801094800 'jdk/internal/reflect/GeneratedSerializationConstructorAccessor1'
Event: 178.394 Thread 0x00007f58500a1640 Unloading class 0x000000080105d400 'java/lang/invoke/LambdaForm$MH+0x000000080105d400'
Event: 178.394 Thread 0x00007f58500a1640 Unloading class 0x000000080105d000 'java/lang/invoke/LambdaForm$MH+0x000000080105d000'
Event: 178.394 Thread 0x00007f58500a1640 Unloading class 0x000000080105cc00 'java/lang/invoke/LambdaForm$MH+0x000000080105cc00'
Event: 178.394 Thread 0x00007f58500a1640 Unloading class 0x000000080105c800 'java/lang/invoke/LambdaForm$MH+0x000000080105c800'
Event: 178.394 Thread 0x00007f58500a1640 Unloading class 0x000000080105c400 'java/lang/invoke/LambdaForm$MH+0x000000080105c400'
Event: 178.394 Thread 0x00007f58500a1640 Unloading class 0x000000080105c000 'java/lang/invoke/LambdaForm$MH+0x000000080105c000'
Event: 178.394 Thread 0x00007f58500a1640 Unloading class 0x0000000800d98400 'java/lang/invoke/LambdaForm$MH+0x0000000800d98400'

Classes redefined (0 events):
No events

Internal exceptions (20 events):
Event: 57.399 Thread 0x00007f5850491f90 Exception <a 'sun/nio/fs/UnixException'{0x00000000f5bc5e68}> (0x00000000f5bc5e68) 
thrown [src/hotspot/share/prims/jni.cpp, line 516]
Event: 57.402 Thread 0x00007f5850491f90 Exception <a 'sun/nio/fs/UnixException'{0x00000000f5bda110}> (0x00000000f5bda110) 
thrown [src/hotspot/share/prims/jni.cpp, line 516]
Event: 62.801 Thread 0x00007f57d8001440 Exception <a 'sun/nio/fs/UnixException'{0x00000000f5c21a30}> (0x00000000f5c21a30) 
thrown [src/hotspot/share/prims/jni.cpp, line 516]
Event: 63.708 Thread 0x00007f57d4000ff0 Exception <a 'sun/nio/fs/UnixException'{0x00000000f5d31450}> (0x00000000f5d31450) 
thrown [src/hotspot/share/prims/jni.cpp, line 516]
Event: 63.993 Thread 0x00007f57d4000ff0 Exception <a 'sun/nio/fs/UnixException'{0x00000000f57fc310}> (0x00000000f57fc310) 
thrown [src/hotspot/share/prims/jni.cpp, line 516]
Event: 64.107 Thread 0x00007f57d4000ff0 Exception <a 'sun/nio/fs/UnixException'{0x00000000f5a39658}> (0x00000000f5a39658) 
thrown [src/hotspot/share/prims/jni.cpp, line 516]
Event: 64.364 Thread 0x00007f57d4000ff0 Exception <a 'sun/nio/fs/UnixException'{0x00000000f5980f70}> (0x00000000f5980f70) 
thrown [src/hotspot/share/prims/jni.cpp, line 516]
Event: 64.491 Thread 0x00007f57d4000ff0 Exception <a 'sun/nio/fs/UnixException'{0x00000000f5a8f960}> (0x00000000f5a8f960) 
thrown [src/hotspot/share/prims/jni.cpp, line 516]
Event: 64.493 Thread 0x00007f57d4000ff0 Exception <a 'sun/nio/fs/UnixException'{0x00000000f5abf460}> (0x00000000f5abf460) 
thrown [src/hotspot/share/prims/jni.cpp, line 516]
Event: 68.797 Thread 0x00007f57c417e8d0 Exception <a 'java/lang/NoSuchMethodError'{0x00000000f59ecd88}: 'void java.lang.invoke.DirectMethodHandle$Holder.invokeSpecial(java.lang.Object, java.lang.Object, int)'> (0x00000000f59ecd88) 
thrown [src/hotspot/share/interpreter/linkResolver.cpp, line 758]
Event: 71.824 Thread 0x00007f57c417e8d0 Exception <a 'java/lang/NoSuchMethodError'{0x00000000f5f05138}: 'int java.lang.invoke.DirectMethodHandle$Holder.invokeSpecialIFC(java.lang.Object, java.lang.Object, java.lang.Object, java.lang.Object)'> (0x00000000f5f05138) 
thrown [src/hotspot/share/interpreter/linkResolver.cpp, line 758]
Event: 1755.707 Thread 0x00007f5850491f90 Exception <a 'java/lang/OutOfMemoryError'{0x00000000e00044f0}> (0x00000000e00044f0) 
thrown [src/hotspot/share/gc/shared/memAllocator.cpp, line 136]
Event: 1776.530 Thread 0x00007f5850491f90 Exception <a 'java/lang/reflect/InvocationTargetException'{0x00000000f557b1d0}> (0x00000000f557b1d0) 
thrown [src/hotspot/share/runtime/reflection.cpp, line 1119]
Event: 1794.598 Thread 0x00007f57c417e8b0 Exception <a 'java/lang/OutOfMemoryError'{0x00000000e00047c0}> (0x00000000e00047c0) 
thrown [src/hotspot/share/gc/shared/memAllocator.cpp, line 136]
Event: 1834.911 Thread 0x00007f57b8000ff0 Exception <a 'java/lang/OutOfMemoryError'{0x00000000e0004db0}> (0x00000000e0004db0) 
thrown [src/hotspot/share/gc/shared/memAllocator.cpp, line 136]
Event: 1931.240 Thread 0x00007f57b8000ff0 Exception <a 'java/lang/OutOfMemoryError'{0x00000000e0004db0}> (0x00000000e0004db0) 
thrown [src/hotspot/share/gc/shared/memAllocator.cpp, line 136]
Event: 2017.912 Thread 0x00007f57b8000ff0 Exception <a 'java/lang/OutOfMemoryError'{0x00000000e0004db0}> (0x00000000e0004db0) 
thrown [src/hotspot/share/gc/shared/memAllocator.cpp, line 136]
Event: 2049.016 Thread 0x00007f58500b1c00 Exception <a 'java/lang/OutOfMemoryError'{0x00000000e0004a90}> (0x00000000e0004a90) 
thrown [src/hotspot/share/gc/shared/memAllocator.cpp, line 138]
Event: 2049.017 Thread 0x00007f58500b1c00 Implicit null exception at 0x00007f583f013051 to 0x00007f583f013080
Event: 2054.155 Thread 0x00007f58500b1c00 Exception <a 'java/lang/OutOfMemoryError'{0x00000000e0004db0}> (0x00000000e0004db0) 
thrown [src/hotspot/share/gc/shared/memAllocator.cpp, line 136]

VM Operations (20 events):
Event: 2025.803 Executing VM operation: ParallelGCFailedAllocation done
Event: 2025.803 Executing VM operation: ParallelGCFailedAllocation
Event: 2028.497 Executing VM operation: ParallelGCFailedAllocation done
Event: 2028.500 Executing VM operation: ParallelGCFailedAllocation
Event: 2031.135 Executing VM operation: ParallelGCFailedAllocation done
Event: 2031.135 Executing VM operation: ParallelGCFailedAllocation
Event: 2033.631 Executing VM operation: ParallelGCFailedAllocation done
Event: 2033.631 Executing VM operation: ParallelGCFailedAllocation
Event: 2036.024 Executing VM operation: ParallelGCFailedAllocation done
Event: 2036.024 Executing VM operation: ParallelGCFailedAllocation
Event: 2038.454 Executing VM operation: ParallelGCFailedAllocation done
Event: 2038.454 Executing VM operation: ParallelGCFailedAllocation
Event: 2041.023 Executing VM operation: ParallelGCFailedAllocation done
Event: 2041.023 Executing VM operation: ParallelGCFailedAllocation
Event: 2043.602 Executing VM operation: ParallelGCFailedAllocation done
Event: 2043.603 Executing VM operation: ParallelGCFailedAllocation
Event: 2049.014 Executing VM operation: ParallelGCFailedAllocation done
Event: 2049.017 Executing VM operation: ParallelGCFailedAllocation
Event: 2054.155 Executing VM operation: ParallelGCFailedAllocation done
Event: 2054.155 Executing VM operation: ParallelGCFailedAllocation

Events (20 events):
Event: 133.725 Thread 0x00007f57d8001440 Thread exited: 0x00007f57d8001440
Event: 753.364 Thread 0x00007f57c417e8b0 Thread added: 0x00007f57c417e8b0
Event: 753.364 Protecting memory [0x00007f5834100000,0x00007f5834104000] with protection modes 0
Event: 1022.707 loading class java/util/concurrent/CancellationException
Event: 1022.707 loading class java/util/concurrent/CancellationException done
Event: 1022.707 loading class java/util/concurrent/CompletionException
Event: 1022.707 loading class java/util/concurrent/CompletionException done
Event: 1307.531 Thread 0x00007f57c417e8b0 Thread exited: 0x00007f57c417e8b0
Event: 1488.120 Thread 0x00007f57c417e8b0 Thread added: 0x00007f57c417e8b0
Event: 1488.120 Protecting memory [0x00007f5834100000,0x00007f5834104000] with protection modes 0
Event: 1642.604 Thread 0x00007f57bc01aa90 Thread added: 0x00007f57bc01aa90
Event: 1642.604 Protecting memory [0x00007f5834f00000,0x00007f5834f04000] with protection modes 0
Event: 1687.627 Thread 0x00007f57bc01aa90 Thread exited: 0x00007f57bc01aa90
Event: 1844.332 loading class java/lang/AssertionError
Event: 1844.332 loading class java/lang/AssertionError done
Event: 1878.093 Thread 0x00007f57bc01aa90 Thread added: 0x00007f57bc01aa90
Event: 1878.093 Protecting memory [0x00007f5834f00000,0x00007f5834f04000] with protection modes 0
Event: 1890.331 Thread 0x00007f57bc01b010 Thread added: 0x00007f57bc01b010
Event: 1890.331 Protecting memory [0x00007f57fe900000,0x00007f57fe904000] with protection modes 0
Event: 2017.917 loading class java/lang/Throwable$WrappedPrintStream


Dynamic libraries:
e0000000-f3200000 rw-p 00000000 00:00 0 
f3200000-f8d80000 rw-p 00000000 00:00 0 
f8d80000-100000000 ---p 00000000 00:00 0 
800000000-800449000 rw-p 00001000 00:9b5 4611686019135357769             /nix/store/gpxl5qgg8kicmcvivwmybwjlpf7wh20l-graalvm17-ce-22.3.0/lib/server/classes.jsa
800449000-800bc8000 r--p 0044a000 00:9b5 4611686019135357769             /nix/store/gpxl5qgg8kicmcvivwmybwjlpf7wh20l-graalvm17-ce-22.3.0/lib/server/classes.jsa
800bc8000-800c00000 ---p 00000000 00:00 0 
800c00000-800c10000 rw-p 00000000 00:00 0 
800c10000-800c30000 rw-p 00000000 00:00 0 
800c30000-800cb0000 rw-p 00000000 00:00 0 
800cb0000-800cf0000 rw-p 00000000 00:00 0 
800cf0000-800db0000 rw-p 00000000 00:00 0 
800db0000-800df0000 rw-p 00000000 00:00 0 
800df0000-800f30000 rw-p 00000000 00:00 0 
800f30000-800fb0000 rw-p 00000000 00:00 0 
800fb0000-800ff0000 rw-p 00000000 00:00 0 
800ff0000-8011b0000 rw-p 00000000 00:00 0 
8011b0000-840c00000 ---p 00000000 00:00 0 
563b90c53000-563b90c54000 r-xp 00000000 00:9b5 4611686019099417844       /nix/store/gpxl5qgg8kicmcvivwmybwjlpf7wh20l-graalvm17-ce-22.3.0/bin/.java-wrapped
563b90c55000-563b90c56000 r--p 00001000 00:9b5 4611686019099417844       /nix/store/gpxl5qgg8kicmcvivwmybwjlpf7wh20l-graalvm17-ce-22.3.0/bin/.java-wrapped
563b90c56000-563b90c57000 rw-p 00002000 00:9b5 4611686019099417844       /nix/store/gpxl5qgg8kicmcvivwmybwjlpf7wh20l-graalvm17-ce-22.3.0/bin/.java-wrapped
563b90c57000-563b90c58000 rw-p 00004000 00:9b5 4611686019099417844       /nix/store/gpxl5qgg8kicmcvivwmybwjlpf7wh20l-graalvm17-ce-22.3.0/bin/.java-wrapped
563b90c58000-563b90c59000 rw-p 00005000 00:9b5 4611686019099417844       /nix/store/gpxl5qgg8kicmcvivwmybwjlpf7wh20l-graalvm17-ce-22.3.0/bin/.java-wrapped
563b91b12000-563b91b5a000 rw-p 00000000 00:00 0                          [heap]
7f5790000000-7f57900d6000 rw-p 00000000 00:00 0 
7f57900d6000-7f5794000000 ---p 00000000 00:00 0 
7f5794000000-7f5794035000 rw-p 00000000 00:00 0 
7f5794035000-7f5798000000 ---p 00000000 00:00 0 
7f5798000000-7f5798021000 rw-p 00000000 00:00 0 
7f5798021000-7f579c000000 ---p 00000000 00:00 0 
7f579c000000-7f579c053000 rw-p 00000000 00:00 0 
7f579c053000-7f57a0000000 ---p 00000000 00:00 0 
7f57a0000000-7f57a0069000 rw-p 00000000 00:00 0 
7f57a0069000-7f57a4000000 ---p 00000000 00:00 0 
7f57a64b3000-7f57b0000000 r--s 00000000 00:9b5 4611686019135192581       /nix/store/gpxl5qgg8kicmcvivwmybwjlpf7wh20l-graalvm17-ce-22.3.0/lib/modules
7f57b0000000-7f57b007f000 rw-p 00000000 00:00 0 
7f57b007f000-7f57b4000000 ---p 00000000 00:00 0 
7f57b4000000-7f57b4021000 rw-p 00000000 00:00 0 
7f57b4021000-7f57b8000000 ---p 00000000 00:00 0 
7f57b8000000-7f57b811d000 rw-p 00000000 00:00 0 
7f57b811d000-7f57bc000000 ---p 00000000 00:00 0 
7f57bc000000-7f57bc021000 rw-p 00000000 00:00 0 
7f57bc021000-7f57c0000000 ---p 00000000 00:00 0 
7f57c0000000-7f57c0021000 rw-p 00000000 00:00 0 
7f57c0021000-7f57c4000000 ---p 00000000 00:00 0 
7f57c4000000-7f57c41c0000 rw-p 00000000 00:00 0 
7f57c41c0000-7f57c8000000 ---p 00000000 00:00 0 
7f57c8000000-7f57c8064000 rw-p 00000000 00:00 0 
7f57c8064000-7f57cc000000 ---p 00000000 00:00 0 
7f57cc000000-7f57cc021000 rw-p 00000000 00:00 0 
7f57cc021000-7f57d0000000 ---p 00000000 00:00 0 
7f57d0000000-7f57d0341000 rw-p 00000000 00:00 0 
7f57d0341000-7f57d4000000 ---p 00000000 00:00 0 
7f57d4000000-7f57d403c000 rw-p 00000000 00:00 0 
7f57d403c000-7f57d8000000 ---p 00000000 00:00 0 
7f57d8000000-7f57d80e7000 rw-p 00000000 00:00 0 
7f57d80e7000-7f57dc000000 ---p 00000000 00:00 0 
7f57dc000000-7f57dc021000 rw-p 00000000 00:00 0 
7f57dc021000-7f57e0000000 ---p 00000000 00:00 0 
7f57e0000000-7f57e0021000 rw-p 00000000 00:00 0 
7f57e0021000-7f57e4000000 ---p 00000000 00:00 0 
7f57e4800000-7f57e4aa0000 rw-p 00000000 00:00 0 
7f57e4aa0000-7f57e5000000 ---p 00000000 00:00 0 
7f57e5400000-7f57e56f0000 rw-p 00000000 00:00 0 
7f57e56f0000-7f57e5790000 rw-p 00000000 00:00 0 
7f57e5790000-7f57e5800000 ---p 00000000 00:00 0 
7f57e5800000-7f57e5bf0000 rw-p 00000000 00:00 0 
7f57e5bf0000-7f57e6370000 rw-p 00000000 00:00 0 
7f57e6370000-7f57e63f0000 rw-p 00000000 00:00 0 
7f57e63f0000-7f57e64f0000 rw-p 00000000 00:00 0 
7f57e64f0000-7f57e65f0000 rw-p 00000000 00:00 0 
7f57e65f0000-7f57e66f0000 rw-p 00000000 00:00 0 
7f57e66f0000-7f57e68f0000 rw-p 00000000 00:00 0 
7f57e68f0000-7f57e69f0000 rw-p 00000000 00:00 0 
7f57e69f0000-7f57e6af0000 rw-p 00000000 00:00 0 
7f57e6af0000-7f57e6bf0000 rw-p 00000000 00:00 0 
7f57e6bf0000-7f57e6cf0000 rw-p 00000000 00:00 0 
7f57e6cf0000-7f57e6df0000 rw-p 00000000 00:00 0 
7f57e6df0000-7f57e73d0000 rw-p 00000000 00:00 0 
7f57e73d0000-7f57e73f0000 rw-p 00000000 00:00 0 
7f57e73f0000-7f57e74f0000 rw-p 00000000 00:00 0 
7f57e74f0000-7f57e75f0000 rw-p 00000000 00:00 0 
7f57e75f0000-7f57e78f0000 rw-p 00000000 00:00 0 
7f57e78f0000-7f57e79f0000 rw-p 00000000 00:00 0 
7f57e79f0000-7f57e7c00000 rw-p 00000000 00:00 0 
7f57e7c00000-7f57e7c10000 r-xp 00000000 00:9a5 366                       /home/runner/.cache/jdt-language-server/config/org.eclipse.equinox.launcher/org.eclipse.equinox.launcher.gtk.linux.x86_64_1.2.400.v20211117-0650/eclipse_11600.so
7f57e7c10000-7f57e7e0f000 ---p 00010000 00:9a5 366                       /home/runner/.cache/jdt-language-server/config/org.eclipse.equinox.launcher/org.eclipse.equinox.launcher.gtk.linux.x86_64_1.2.400.v20211117-0650/eclipse_11600.so
7f57e7e0f000-7f57e7e10000 r--p 0000f000 00:9a5 366                       /home/runner/.cache/jdt-language-server/config/org.eclipse.equinox.launcher/org.eclipse.equinox.launcher.gtk.linux.x86_64_1.2.400.v20211117-0650/eclipse_11600.so
7f57e7e10000-7f57e7e11000 rw-p 00010000 00:9a5 366                       /home/runner/.cache/jdt-language-server/config/org.eclipse.equinox.launcher/org.eclipse.equinox.launcher.gtk.linux.x86_64_1.2.400.v20211117-0650/eclipse_11600.so
7f57e8000000-7f57e88d0000 rw-p 00000000 00:00 0 
7f57e88d0000-7f57ec000000 ---p 00000000 00:00 0 
7f57ec000000-7f57ec022000 rw-p 00000000 00:00 0 
7f57ec022000-7f57f0000000 ---p 00000000 00:00 0 
7f57f0000000-7f57f0021000 rw-p 00000000 00:00 0 
7f57f0021000-7f57f4000000 ---p 00000000 00:00 0 
7f57f4000000-7f57f4021000 rw-p 00000000 00:00 0 
7f57f4021000-7f57f8000000 ---p 00000000 00:00 0 
7f57f8000000-7f57f8021000 rw-p 00000000 00:00 0 
7f57f8021000-7f57fc000000 ---p 00000000 00:00 0 
7f57fd300000-7f57fd400000 ---p 00000000 00:00 0 
7f57fd400000-7f57fd9af000 r--p 01122000 00:9b5 4611686019135190040       /nix/store/gpxl5qgg8kicmcvivwmybwjlpf7wh20l-graalvm17-ce-22.3.0/lib/libjvmcicompiler.so
7f57fd9af000-7f57fdb00000 r--p 00000000 00:00 0 
7f57fdb00000-7f57fdb3d000 rw-p 00000000 00:00 0 
7f57fdb3d000-7f57fe05d000 rw-p 0185f000 00:9b5 4611686019135190040       /nix/store/gpxl5qgg8kicmcvivwmybwjlpf7wh20l-graalvm17-ce-22.3.0/lib/libjvmcicompiler.so
7f57fe05d000-7f57fe444000 r--p 01d7f000 00:9b5 4611686019135190040       /nix/store/gpxl5qgg8kicmcvivwmybwjlpf7wh20l-graalvm17-ce-22.3.0/lib/libjvmcicompiler.so
7f57fe500000-7f57fe504000 ---p 00000000 00:00 0 
7f57fe504000-7f57fe600000 rw-p 00000000 00:00 0 
7f57fe800000-7f57fe804000 ---p 00000000 00:00 0 
7f57fe804000-7f57fe900000 rw-p 00000000 00:00 0 
7f57fe900000-7f57fe904000 ---p 00000000 00:00 0 
7f57fe904000-7f57fea00000 rw-p 00000000 00:00 0 
7f57feb00000-7f57feb04000 ---p 00000000 00:00 0 
7f57feb04000-7f57fec00000 rw-p 00000000 00:00 0 
7f57fed00000-7f57fed04000 ---p 00000000 00:00 0 
7f57fed04000-7f57fee00000 rw-p 00000000 00:00 0 
7f57ffa68000-7f57fff00000 rw-p 00000000 00:00 0 
7f5800000000-7f5800021000 rw-p 00000000 00:00 0 
7f5800021000-7f5804000000 ---p 00000000 00:00 0 
7f5804000000-7f5804021000 rw-p 00000000 00:00 0 
7f5804021000-7f5808000000 ---p 00000000 00:00 0 
7f5808000000-7f5808021000 rw-p 00000000 00:00 0 
7f5808021000-7f580c000000 ---p 00000000 00:00 0 
7f580c000000-7f580c021000 rw-p 00000000 00:00 0 
7f580c021000-7f5810000000 ---p 00000000 00:00 0 
7f5810000000-7f58100e2000 rw-p 00000000 00:00 0 
7f58100e2000-7f5814000000 ---p 00000000 00:00 0 
7f5814000000-7f5814b57000 rw-p 00000000 00:00 0 
7f5814b57000-7f5818000000 ---p 00000000 00:00 0 
7f5818000000-7f5818021000 rw-p 00000000 00:00 0 
7f5818021000-7f581c000000 ---p 00000000 00:00 0 
7f581c000000-7f581c021000 rw-p 00000000 00:00 0 
7f581c021000-7f5820000000 ---p 00000000 00:00 0 
7f5820000000-7f5820021000 rw-p 00000000 00:00 0 
7f5820021000-7f5824000000 ---p 00000000 00:00 0 
7f5824000000-7f5824021000 rw-p 00000000 00:00 0 
7f5824021000-7f5828000000 ---p 00000000 00:00 0 
7f5828000000-7f5828021000 rw-p 00000000 00:00 0 
7f5828021000-7f582c000000 ---p 00000000 00:00 0 
7f582c000000-7f582c021000 rw-p 00000000 00:00 0 
7f582c021000-7f5830000000 ---p 00000000 00:00 0 
7f5830000000-7f5830109000 rw-p 00000000 00:00 0 
7f5830109000-7f5834000000 ---p 00000000 00:00 0 
7f5834100000-7f5834104000 ---p 00000000 00:00 0 
7f5834104000-7f5834200000 rw-p 00000000 00:00 0 
7f5834300000-7f5834304000 ---p 00000000 00:00 0 
7f5834304000-7f5834400000 rw-p 00000000 00:00 0 
7f5834500000-7f5834504000 ---p 00000000 00:00 0 
7f5834504000-7f5834600000 rw-p 00000000 00:00 0 
7f5834600000-7f5834604000 ---p 00000000 00:00 0 
7f5834604000-7f5834700000 rw-p 00000000 00:00 0 
7f5834700000-7f5834704000 ---p 00000000 00:00 0 
7f5834704000-7f5834800000 rw-p 00000000 00:00 0 
7f5834900000-7f5834904000 ---p 00000000 00:00 0 
7f5834904000-7f5834a00000 rw-p 00000000 00:00 0 
7f5834a00000-7f5834a04000 ---p 00000000 00:00 0 
7f5834a04000-7f5834b00000 rw-p 00000000 00:00 0 
7f5834b00000-7f5834b04000 ---p 00000000 00:00 0 
7f5834b04000-7f5834c00000 rw-p 00000000 00:00 0 
7f5834c00000-7f5834c04000 ---p 00000000 00:00 0 
7f5834c04000-7f5834d00000 rw-p 00000000 00:00 0 
7f5834d00000-7f5834d04000 ---p 00000000 00:00 0 
7f5834d04000-7f5834e00000 rw-p 00000000 00:00 0 
7f5834f00000-7f5834f04000 ---p 00000000 00:00 0 
7f5834f04000-7f5835000000 rw-p 00000000 00:00 0 
7f5835000000-7f583716a000 r-xp 00000000 00:9b5 4611686019135190040       /nix/store/gpxl5qgg8kicmcvivwmybwjlpf7wh20l-graalvm17-ce-22.3.0/lib/libjvmcicompiler.so
7f583716a000-7f5837369000 ---p 0216a000 00:9b5 4611686019135190040       /nix/store/gpxl5qgg8kicmcvivwmybwjlpf7wh20l-graalvm17-ce-22.3.0/lib/libjvmcicompiler.so
7f5837369000-7f583736a000 r--p 02169000 00:9b5 4611686019135190040       /nix/store/gpxl5qgg8kicmcvivwmybwjlpf7wh20l-graalvm17-ce-22.3.0/lib/libjvmcicompiler.so
7f583736a000-7f583736c000 rw-p 0216a000 00:9b5 4611686019135190040       /nix/store/gpxl5qgg8kicmcvivwmybwjlpf7wh20l-graalvm17-ce-22.3.0/lib/libjvmcicompiler.so
7f583736c000-7f583736d000 rw-p 00000000 00:00 0 
7f583736d000-7f5837372000 rw-p 023c3000 00:9b5 4611686019135190040       /nix/store/gpxl5qgg8kicmcvivwmybwjlpf7wh20l-graalvm17-ce-22.3.0/lib/libjvmcicompiler.so
7f58373b3000-7f58373b7000 ---p 00000000 00:00 0 
7f58373b7000-7f58374b3000 rw-p 00000000 00:00 0 
7f58374b3000-7f5837723000 rwxp 00000000 00:00 0 
7f5837723000-7f5837a42000 ---p 00000000 00:00 0 
7f5837a42000-7f5838962000 rwxp 00000000 00:00 0 
7f5838962000-7f583ef7a000 ---p 00000000 00:00 0 
7f583ef7a000-7f583f1ea000 rwxp 00000000 00:00 0 
7f583f1ea000-7f58464b3000 ---p 00000000 00:00 0 
7f58464b3000-7f5850000000 r--s 00000000 00:9b5 4611686019135192581       /nix/store/gpxl5qgg8kicmcvivwmybwjlpf7wh20l-graalvm17-ce-22.3.0/lib/modules
7f5850000000-7f5850602000 rw-p 00000000 00:00 0 
7f5850602000-7f5854000000 ---p 00000000 00:00 0 
7f5854000000-7f5854004000 ---p 00000000 00:00 0 
7f5854004000-7f5854100000 rw-p 00000000 00:00 0 
7f5854100000-7f5854104000 ---p 00000000 00:00 0 
7f5854104000-7f5854200000 rw-p 00000000 00:00 0 
7f5854200000-7f5854204000 ---p 00000000 00:00 0 
7f5854204000-7f5854300000 rw-p 00000000 00:00 0 
7f5854300000-7f5854304000 ---p 00000000 00:00 0 
7f5854304000-7f5854400000 rw-p 00000000 00:00 0 
7f5854400000-7f5854404000 ---p 00000000 00:00 0 
7f5854404000-7f5854500000 rw-p 00000000 00:00 0 
7f5854600000-7f5854604000 ---p 00000000 00:00 0 
7f5854604000-7f5854700000 rw-p 00000000 00:00 0 
7f5854818000-7f5854819000 ---p 00000000 00:00 0 
7f5854819000-7f585491a000 rw-p 00000000 00:00 0 
7f585491a000-7f585491e000 ---p 00000000 00:00 0 
7f585491e000-7f5854a1a000 rw-p 00000000 00:00 0 
7f5854a1a000-7f5854a1e000 ---p 00000000 00:00 0 
7f5854a1e000-7f5854b1a000 rw-p 00000000 00:00 0 
7f5854b1a000-7f5854b1e000 ---p 00000000 00:00 0 
7f5854b1e000-7f5854c1a000 rw-p 00000000 00:00 0 
7f5854c1a000-7f5854c1e000 ---p 00000000 00:00 0 
7f5854c1e000-7f5854e1a000 rw-p 00000000 00:00 0 
7f5854e1a000-7f5854e1e000 ---p 00000000 00:00 0 
7f5854e1e000-7f585501a000 rw-p 00000000 00:00 0 
7f585501a000-7f585501e000 ---p 00000000 00:00 0 
7f585501e000-7f585511a000 rw-p 00000000 00:00 0 
7f585511a000-7f585511e000 ---p 00000000 00:00 0 
7f585511e000-7f585521a000 rw-p 00000000 00:00 0 
7f585521a000-7f585521e000 ---p 00000000 00:00 0 
7f585521e000-7f585531a000 rw-p 00000000 00:00 0 
7f585531a000-7f5855600000 r--p 00000000 00:3dd 28444448                  /usr/lib/locale/locale-archive
7f5855600000-7f5855604000 ---p 00000000 00:00 0 
7f5855604000-7f5855700000 rw-p 00000000 00:00 0 
7f5855700000-7f5855704000 ---p 00000000 00:00 0 
7f5855704000-7f5855bf0000 rw-p 00000000 00:00 0 
7f5855bf0000-7f5855ef0000 rw-p 00000000 00:00 0 
7f5855ef0000-7f5856000000 rw-p 00000000 00:00 0 
7f5856057000-7f5856059000 r-xp 00000000 00:9b5 4611686019135190017       /nix/store/gpxl5qgg8kicmcvivwmybwjlpf7wh20l-graalvm17-ce-22.3.0/lib/libextnet.so
7f5856059000-7f585605a000 r--p 00001000 00:9b5 4611686019135190017       /nix/store/gpxl5qgg8kicmcvivwmybwjlpf7wh20l-graalvm17-ce-22.3.0/lib/libextnet.so
7f585605a000-7f585605b000 rw-p 00002000 00:9b5 4611686019135190017       /nix/store/gpxl5qgg8kicmcvivwmybwjlpf7wh20l-graalvm17-ce-22.3.0/lib/libextnet.so
7f585605b000-7f585605c000 rw-p 00004000 00:9b5 4611686019135190017       /nix/store/gpxl5qgg8kicmcvivwmybwjlpf7wh20l-graalvm17-ce-22.3.0/lib/libextnet.so
7f585605c000-7f5856060000 ---p 00000000 00:00 0 
7f5856060000-7f585607e000 rw-p 00000000 00:00 0 
7f585607e000-7f5856085000 r-xp 00000000 00:9b5 4611686019135192580       /nix/store/gpxl5qgg8kicmcvivwmybwjlpf7wh20l-graalvm17-ce-22.3.0/lib/libzip.so
7f5856085000-7f5856086000 ---p 00007000 00:9b5 4611686019135192580       /nix/store/gpxl5qgg8kicmcvivwmybwjlpf7wh20l-graalvm17-ce-22.3.0/lib/libzip.so
7f5856086000-7f5856087000 r--p 00007000 00:9b5 4611686019135192580       /nix/store/gpxl5qgg8kicmcvivwmybwjlpf7wh20l-graalvm17-ce-22.3.0/lib/libzip.so
7f5856087000-7f5856088000 rw-p 00008000 00:9b5 4611686019135192580       /nix/store/gpxl5qgg8kicmcvivwmybwjlpf7wh20l-graalvm17-ce-22.3.0/lib/libzip.so
7f5856088000-7f585608a000 rw-p 0000b000 00:9b5 4611686019135192580       /nix/store/gpxl5qgg8kicmcvivwmybwjlpf7wh20l-graalvm17-ce-22.3.0/lib/libzip.so
7f585608a000-7f585609f000 r-xp 00000000 00:9b5 4611686019135192570       /nix/store/gpxl5qgg8kicmcvivwmybwjlpf7wh20l-graalvm17-ce-22.3.0/lib/libnet.so
7f585609f000-7f58560a0000 ---p 00015000 00:9b5 4611686019135192570       /nix/store/gpxl5qgg8kicmcvivwmybwjlpf7wh20l-graalvm17-ce-22.3.0/lib/libnet.so
7f58560a0000-7f58560a1000 r--p 00015000 00:9b5 4611686019135192570       /nix/store/gpxl5qgg8kicmcvivwmybwjlpf7wh20l-graalvm17-ce-22.3.0/lib/libnet.so
7f58560a1000-7f58560a2000 rw-p 00016000 00:9b5 4611686019135192570       /nix/store/gpxl5qgg8kicmcvivwmybwjlpf7wh20l-graalvm17-ce-22.3.0/lib/libnet.so
7f58560a2000-7f58560a5000 rw-p 0001b000 00:9b5 4611686019135192570       /nix/store/gpxl5qgg8kicmcvivwmybwjlpf7wh20l-graalvm17-ce-22.3.0/lib/libnet.so
7f58560a5000-7f58560b8000 r-xp 00000000 00:9b5 4611686019135192571       /nix/store/gpxl5qgg8kicmcvivwmybwjlpf7wh20l-graalvm17-ce-22.3.0/lib/libnio.so
7f58560b8000-7f58560b9000 r--p 00012000 00:9b5 4611686019135192571       /nix/store/gpxl5qgg8kicmcvivwmybwjlpf7wh20l-graalvm17-ce-22.3.0/lib/libnio.so
7f58560b9000-7f58560ba000 rw-p 00013000 00:9b5 4611686019135192571       /nix/store/gpxl5qgg8kicmcvivwmybwjlpf7wh20l-graalvm17-ce-22.3.0/lib/libnio.so
7f58560ba000-7f58560bf000 rw-p 00019000 00:9b5 4611686019135192571       /nix/store/gpxl5qgg8kicmcvivwmybwjlpf7wh20l-graalvm17-ce-22.3.0/lib/libnio.so
7f58560bf000-7f58560c0000 ---p 00000000 00:00 0 
7f58560c0000-7f58561c1000 rw-p 00000000 00:00 0 
7f58561c1000-7f585628f000 r-xp 00000000 00:9b5 4611686019135190036       /nix/store/gpxl5qgg8kicmcvivwmybwjlpf7wh20l-graalvm17-ce-22.3.0/lib/libjsvml.so
7f585628f000-7f5856290000 r--p 000cd000 00:9b5 4611686019135190036       /nix/store/gpxl5qgg8kicmcvivwmybwjlpf7wh20l-graalvm17-ce-22.3.0/lib/libjsvml.so
7f5856290000-7f5856291000 rw-p 000ce000 00:9b5 4611686019135190036       /nix/store/gpxl5qgg8kicmcvivwmybwjlpf7wh20l-graalvm17-ce-22.3.0/lib/libjsvml.so
7f5856291000-7f5857b69000 rw-p 00000000 00:00 0 
7f5857b69000-7f5857b6a000 ---p 00000000 00:00 0 
7f5857b6a000-7f5857d04000 rw-p 00000000 00:00 0 
7f5857d04000-7f5857d32000 rw-p 00000000 00:00 0 
7f5857d32000-7f5857d6b000 ---p 00000000 00:00 0 
7f5857d6b000-7f5857d71000 rw-p 00000000 00:00 0 
7f5857d71000-7f5857e57000 ---p 00000000 00:00 0 
7f5857e57000-7f5857e76000 rw-p 00000000 00:00 0 
7f5857e76000-7f5857f42000 ---p 00000000 00:00 0 
7f5857f42000-7f5857f47000 rw-p 00000000 00:00 0 
7f5857f47000-7f5857f4e000 ---p 00000000 00:00 0 
7f5857f4e000-7f5857f72000 r-xp 00000000 00:9b5 4611686019135190028       /nix/store/gpxl5qgg8kicmcvivwmybwjlpf7wh20l-graalvm17-ce-22.3.0/lib/libjava.so
7f5857f72000-7f5857f73000 ---p 00024000 00:9b5 4611686019135190028       /nix/store/gpxl5qgg8kicmcvivwmybwjlpf7wh20l-graalvm17-ce-22.3.0/lib/libjava.so
7f5857f73000-7f5857f74000 r--p 00024000 00:9b5 4611686019135190028       /nix/store/gpxl5qgg8kicmcvivwmybwjlpf7wh20l-graalvm17-ce-22.3.0/lib/libjava.so
7f5857f74000-7f5857f75000 rw-p 00025000 00:9b5 4611686019135190028       /nix/store/gpxl5qgg8kicmcvivwmybwjlpf7wh20l-graalvm17-ce-22.3.0/lib/libjava.so
7f5857f75000-7f5857f76000 rw-p 00000000 00:00 0 
7f5857f76000-7f5857f7d000 rw-p 0002f000 00:9b5 4611686019135190028       /nix/store/gpxl5qgg8kicmcvivwmybwjlpf7wh20l-graalvm17-ce-22.3.0/lib/libjava.so
7f5857f7d000-7f5857f85000 rw-s 00000000 00:20b 363                       /tmp/hsperfdata_runner/37
7f5857f85000-7f5857f86000 ---p 00000000 00:00 0 
7f5857f86000-7f5857f87000 r--p 00000000 00:00 0 
7f5857f87000-7f5857f88000 rwxp 00000000 00:00 0 
7f5857f88000-7f5857fa3000 r-xp 00000000 00:9b5 4611686019135190032       /nix/store/gpxl5qgg8kicmcvivwmybwjlpf7wh20l-graalvm17-ce-22.3.0/lib/libjimage.so
7f5857fa3000-7f5857fa4000 ---p 0001b000 00:9b5 4611686019135190032       /nix/store/gpxl5qgg8kicmcvivwmybwjlpf7wh20l-graalvm17-ce-22.3.0/lib/libjimage.so
7f5857fa4000-7f5857fa6000 r--p 0001b000 00:9b5 4611686019135190032       /nix/store/gpxl5qgg8kicmcvivwmybwjlpf7wh20l-graalvm17-ce-22.3.0/lib/libjimage.so
7f5857fa6000-7f5857fa7000 rw-p 0001d000 00:9b5 4611686019135190032       /nix/store/gpxl5qgg8kicmcvivwmybwjlpf7wh20l-graalvm17-ce-22.3.0/lib/libjimage.so
7f5857fa7000-7f5857fa8000 rw-p 00024000 00:9b5 4611686019135190032       /nix/store/gpxl5qgg8kicmcvivwmybwjlpf7wh20l-graalvm17-ce-22.3.0/lib/libjimage.so
7f5857fa8000-7f5857fac000 ---p 00000000 00:00 0 
7f5857fac000-7f58580a8000 rw-p 00000000 00:00 0 
7f58580a8000-7f58580b6000 r--p 00000000 00:9b5 4611686019027979927       /nix/store/4nlgxhb09sdr51nc9hdm8az5b08vzkgx-glibc-2.35-163/lib/libm.so.6
7f58580b6000-7f5858129000 r-xp 0000e000 00:9b5 4611686019027979927       /nix/store/4nlgxhb09sdr51nc9hdm8az5b08vzkgx-glibc-2.35-163/lib/libm.so.6
7f5858129000-7f5858186000 r--p 00081000 00:9b5 4611686019027979927       /nix/store/4nlgxhb09sdr51nc9hdm8az5b08vzkgx-glibc-2.35-163/lib/libm.so.6
7f5858186000-7f5858187000 r--p 000dd000 00:9b5 4611686019027979927       /nix/store/4nlgxhb09sdr51nc9hdm8az5b08vzkgx-glibc-2.35-163/lib/libm.so.6
7f5858187000-7f5858188000 rw-p 000de000 00:9b5 4611686019027979927       /nix/store/4nlgxhb09sdr51nc9hdm8az5b08vzkgx-glibc-2.35-163/lib/libm.so.6
7f5858188000-7f5858189000 r--p 00000000 00:9b5 4611686019027979946       /nix/store/4nlgxhb09sdr51nc9hdm8az5b08vzkgx-glibc-2.35-163/lib/librt.so.1
7f5858189000-7f585818a000 r-xp 00001000 00:9b5 4611686019027979946       /nix/store/4nlgxhb09sdr51nc9hdm8az5b08vzkgx-glibc-2.35-163/lib/librt.so.1
7f585818a000-7f585818b000 r--p 00002000 00:9b5 4611686019027979946       /nix/store/4nlgxhb09sdr51nc9hdm8az5b08vzkgx-glibc-2.35-163/lib/librt.so.1
7f585818b000-7f585818c000 r--p 00002000 00:9b5 4611686019027979946       /nix/store/4nlgxhb09sdr51nc9hdm8az5b08vzkgx-glibc-2.35-163/lib/librt.so.1
7f585818c000-7f585818d000 rw-p 00003000 00:9b5 4611686019027979946       /nix/store/4nlgxhb09sdr51nc9hdm8az5b08vzkgx-glibc-2.35-163/lib/librt.so.1
7f585818d000-7f58592a0000 r-xp 00000000 00:9b5 4611686019135360866       /nix/store/gpxl5qgg8kicmcvivwmybwjlpf7wh20l-graalvm17-ce-22.3.0/lib/server/libjvm.so
7f58592a0000-7f58592a1000 ---p 01113000 00:9b5 4611686019135360866       /nix/store/gpxl5qgg8kicmcvivwmybwjlpf7wh20l-graalvm17-ce-22.3.0/lib/server/libjvm.so
7f58592a1000-7f5859356000 r--p 01113000 00:9b5 4611686019135360866       /nix/store/gpxl5qgg8kicmcvivwmybwjlpf7wh20l-graalvm17-ce-22.3.0/lib/server/libjvm.so
7f5859356000-7f585938a000 rw-p 011c8000 00:9b5 4611686019135360866       /nix/store/gpxl5qgg8kicmcvivwmybwjlpf7wh20l-graalvm17-ce-22.3.0/lib/server/libjvm.so
7f585938a000-7f58593e6000 rw-p 00000000 00:00 0 
7f58593e6000-7f585940e000 r--p 00000000 00:9b5 4611686019027979918       /nix/store/4nlgxhb09sdr51nc9hdm8az5b08vzkgx-glibc-2.35-163/lib/libc.so.6
7f585940e000-7f5859584000 r-xp 00028000 00:9b5 4611686019027979918       /nix/store/4nlgxhb09sdr51nc9hdm8az5b08vzkgx-glibc-2.35-163/lib/libc.so.6
7f5859584000-7f58595dc000 r--p 0019e000 00:9b5 4611686019027979918       /nix/store/4nlgxhb09sdr51nc9hdm8az5b08vzkgx-glibc-2.35-163/lib/libc.so.6
7f58595dc000-7f58595e0000 r--p 001f6000 00:9b5 4611686019027979918       /nix/store/4nlgxhb09sdr51nc9hdm8az5b08vzkgx-glibc-2.35-163/lib/libc.so.6
7f58595e0000-7f58595e2000 rw-p 001fa000 00:9b5 4611686019027979918       /nix/store/4nlgxhb09sdr51nc9hdm8az5b08vzkgx-glibc-2.35-163/lib/libc.so.6
7f58595e2000-7f58595f1000 rw-p 00000000 00:00 0 
7f58595f1000-7f58595f2000 r--p 00000000 00:9b5 4611686019027979923       /nix/store/4nlgxhb09sdr51nc9hdm8az5b08vzkgx-glibc-2.35-163/lib/libdl.so.2
7f58595f2000-7f58595f3000 r-xp 00001000 00:9b5 4611686019027979923       /nix/store/4nlgxhb09sdr51nc9hdm8az5b08vzkgx-glibc-2.35-163/lib/libdl.so.2
7f58595f3000-7f58595f4000 r--p 00002000 00:9b5 4611686019027979923       /nix/store/4nlgxhb09sdr51nc9hdm8az5b08vzkgx-glibc-2.35-163/lib/libdl.so.2
7f58595f4000-7f58595f5000 r--p 00002000 00:9b5 4611686019027979923       /nix/store/4nlgxhb09sdr51nc9hdm8az5b08vzkgx-glibc-2.35-163/lib/libdl.so.2
7f58595f5000-7f58595f6000 rw-p 00003000 00:9b5 4611686019027979923       /nix/store/4nlgxhb09sdr51nc9hdm8az5b08vzkgx-glibc-2.35-163/lib/libdl.so.2
7f58595f6000-7f58595f7000 r--p 00000000 00:9b5 4611686019027979942       /nix/store/4nlgxhb09sdr51nc9hdm8az5b08vzkgx-glibc-2.35-163/lib/libpthread.so.0
7f58595f7000-7f58595f8000 r-xp 00001000 00:9b5 4611686019027979942       /nix/store/4nlgxhb09sdr51nc9hdm8az5b08vzkgx-glibc-2.35-163/lib/libpthread.so.0
7f58595f8000-7f58595f9000 r--p 00002000 00:9b5 4611686019027979942       /nix/store/4nlgxhb09sdr51nc9hdm8az5b08vzkgx-glibc-2.35-163/lib/libpthread.so.0
7f58595f9000-7f58595fa000 r--p 00002000 00:9b5 4611686019027979942       /nix/store/4nlgxhb09sdr51nc9hdm8az5b08vzkgx-glibc-2.35-163/lib/libpthread.so.0
7f58595fa000-7f58595fb000 rw-p 00003000 00:9b5 4611686019027979942       /nix/store/4nlgxhb09sdr51nc9hdm8az5b08vzkgx-glibc-2.35-163/lib/libpthread.so.0
7f58595fb000-7f5859609000 r-xp 00000000 00:9b5 4611686019135190033       /nix/store/gpxl5qgg8kicmcvivwmybwjlpf7wh20l-graalvm17-ce-22.3.0/lib/libjli.so
7f5859609000-7f585960a000 ---p 0000e000 00:9b5 4611686019135190033       /nix/store/gpxl5qgg8kicmcvivwmybwjlpf7wh20l-graalvm17-ce-22.3.0/lib/libjli.so
7f585960a000-7f585960b000 r--p 0000e000 00:9b5 4611686019135190033       /nix/store/gpxl5qgg8kicmcvivwmybwjlpf7wh20l-graalvm17-ce-22.3.0/lib/libjli.so
7f585960b000-7f585960c000 rw-p 0000f000 00:9b5 4611686019135190033       /nix/store/gpxl5qgg8kicmcvivwmybwjlpf7wh20l-graalvm17-ce-22.3.0/lib/libjli.so
7f585960c000-7f585960d000 rw-p 00012000 00:9b5 4611686019135190033       /nix/store/gpxl5qgg8kicmcvivwmybwjlpf7wh20l-graalvm17-ce-22.3.0/lib/libjli.so
7f585960d000-7f5859610000 r--p 00000000 00:9b5 4611686019106210071       /nix/store/026hln0aq1hyshaxsdvhg0kmcm6yf45r-zlib-1.2.13/lib/libz.so.1.2.13
7f5859610000-7f5859622000 r-xp 00003000 00:9b5 4611686019106210071       /nix/store/026hln0aq1hyshaxsdvhg0kmcm6yf45r-zlib-1.2.13/lib/libz.so.1.2.13
7f5859622000-7f5859629000 r--p 00015000 00:9b5 4611686019106210071       /nix/store/026hln0aq1hyshaxsdvhg0kmcm6yf45r-zlib-1.2.13/lib/libz.so.1.2.13
7f5859629000-7f585962a000 r--p 0001b000 00:9b5 4611686019106210071       /nix/store/026hln0aq1hyshaxsdvhg0kmcm6yf45r-zlib-1.2.13/lib/libz.so.1.2.13
7f585962a000-7f585962b000 rw-p 0001c000 00:9b5 4611686019106210071       /nix/store/026hln0aq1hyshaxsdvhg0kmcm6yf45r-zlib-1.2.13/lib/libz.so.1.2.13
7f585962b000-7f585962d000 rw-p 00000000 00:00 0 
7f585962d000-7f5859631000 r--p 00000000 00:00 0                          [vvar]
7f5859631000-7f5859633000 r-xp 00000000 00:00 0                          [vdso]
7f5859633000-7f5859635000 r--p 00000000 00:9b5 4611686019027979912       /nix/store/4nlgxhb09sdr51nc9hdm8az5b08vzkgx-glibc-2.35-163/lib/ld-linux-x86-64.so.2
7f5859635000-7f585965c000 r-xp 00002000 00:9b5 4611686019027979912       /nix/store/4nlgxhb09sdr51nc9hdm8az5b08vzkgx-glibc-2.35-163/lib/ld-linux-x86-64.so.2
7f585965c000-7f5859668000 r--p 00029000 00:9b5 4611686019027979912       /nix/store/4nlgxhb09sdr51nc9hdm8az5b08vzkgx-glibc-2.35-163/lib/ld-linux-x86-64.so.2
7f5859668000-7f585966a000 r--p 00034000 00:9b5 4611686019027979912       /nix/store/4nlgxhb09sdr51nc9hdm8az5b08vzkgx-glibc-2.35-163/lib/ld-linux-x86-64.so.2
7f585966a000-7f585966c000 rw-p 00036000 00:9b5 4611686019027979912       /nix/store/4nlgxhb09sdr51nc9hdm8az5b08vzkgx-glibc-2.35-163/lib/ld-linux-x86-64.so.2
7ffde27d7000-7ffde27fb000 rw-p 00000000 00:00 0                          [stack]
ffffffffff600000-ffffffffff601000 --xp 00000000 00:00 0                  [vsyscall]


VM Arguments:
jvm_args: -XX:ThreadPriorityPolicy=1 -XX:+UnlockExperimentalVMOptions -XX:+EnableJVMCIProduct -XX:JVMCIThreadsPerNativeLibraryRuntime=1 -XX:-UnlockExperimentalVMOptions -Declipse.application=org.eclipse.jdt.ls.core.id1 -Dosgi.bundles.defaultStartLevel=4 -Declipse.product=org.eclipse.jdt.ls.core.product -Dlog.level=ALL -Xverify:none -XX:+UseParallelGC -XX:GCTimeRatio=4 -XX:AdaptiveSizePolicyWeight=90 -Dsun.zip.disableMemoryMapping=true -Xmx512m -Xms100m 
java_command: /nix/store/a7s9klvriqi68xz3qjc0qyfl5h86xc16-jdt-language-server-1.9.0/share/java/plugins/org.eclipse.equinox.launcher_1.6.400.v20210924-0641.jar --add-modules=ALL-SYSTEM --add-opens java.base/java.util=ALL-UNNAMED --add-opens java.base/java.lang=ALL-UNNAMED -configuration /home/runner/.cache/jdt-language-server/config -data /home/runner/.cache/jdt-language-server/data/home/runner/biblioteca
java_class_path (initial): /nix/store/a7s9klvriqi68xz3qjc0qyfl5h86xc16-jdt-language-server-1.9.0/share/java/plugins/org.eclipse.equinox.launcher_1.6.400.v20210924-0641.jar
Launcher Type: SUN_STANDARD

[Global flags]
    uintx AdaptiveSizePolicyWeight                 = 90                                        {product} {command line}
     intx CICompilerCount                          = 2                                         {product} {ergonomic}
     bool EnableJVMCIProduct                       = true                                {JVMCI product} {jimage}
    uintx GCTimeRatio                              = 4                                         {product} {command line}
   size_t InitialHeapSize                          = 104857600                                 {product} {command line}
     uint JVMCIThreadsPerNativeLibraryRuntime      = 1                                   {JVMCI product} {jimage}
   size_t MaxHeapSize                              = 536870912                                 {product} {command line}
   size_t MaxNewSize                               = 178782208                                 {product} {ergonomic}
   size_t MinHeapDeltaBytes                        = 524288                                    {product} {ergonomic}
   size_t MinHeapSize                              = 104857600                                 {product} {command line}
   size_t NewSize                                  = 34603008                                  {product} {ergonomic}
    uintx NonNMethodCodeHeapSize                   = 5826188                                {pd product} {ergonomic}
    uintx NonProfiledCodeHeapSize                  = 122916026                              {pd product} {ergonomic}
   size_t OldSize                                  = 70254592                                  {product} {ergonomic}
    uintx ProfiledCodeHeapSize                     = 122916026                              {pd product} {ergonomic}
    uintx ReservedCodeCacheSize                    = 251658240                              {pd product} {ergonomic}
     bool SegmentedCodeCache                       = true                                      {product} {ergonomic}
   size_t SoftMaxHeapSize                          = 536870912                              {manageable} {ergonomic}
     intx ThreadPriorityPolicy                     = 1                                         {product} {jimage}
     bool UseCompressedClassPointers               = true                           {product lp64_product} {ergonomic}
     bool UseCompressedOops                        = true                           {product lp64_product} {ergonomic}
     bool UseParallelGC                            = true                                      {product} {command line}

Logging:
Log output configuration:
 #0: stdout all=warning uptime,level,tags
 #1: stderr all=off uptime,level,tags

Environment Variables:
JAVA_HOME=/nix/store/gpxl5qgg8kicmcvivwmybwjlpf7wh20l-graalvm17-ce-22.3.0
PATH=/nix/store/1d6ian3r8kdzspw8hacjhl3xkp40g1lj-binutils-wrapper-2.39/bin:/nix/store/dq0xwmsk1g0i2ayg6pb7y87na2knzylh-gcc-wrapper-11.3.0/bin:/nix/store/bap4d0lpcrhpwmpb8ayjcgkmvfj62lnq-bash-interactive-5.1-p16/bin:/nix/store/pr5n59mb4jzmfx6kanwxly0l07p861fg-patchelf-0.15.0/bin:/nix/store/1gf2flfqnpqbr1b4p4qz2f72y42bs56r-gcc-11.3.0/bin:/nix/store/57xv61c5zi8pphjbcwxxjlgc34p61ic9-glibc-2.35-163-bin/bin:/nix/store/a7gvj343m05j2s32xcnwr35v31ynlypr-coreutils-9.1/bin:/nix/store/039g378vc3pc3dvi9dzdlrd0i4q93qwf-binutils-2.39/bin:/nix/store/gpxl5qgg8kicmcvivwmybwjlpf7wh20l-graalvm17-ce-22.3.0/bin:/nix/store/6z9ag3ihc8mq2hzsw48lhbznvzny65nz-apache-maven-3.8.6/bin:/nix/store/a7s9klvriqi68xz3qjc0qyfl5h86xc16-jdt-language-server-1.9.0/bin:/nix/store/48ifl2w60a3zp7yskbpnvn8jp9jdsb7k-java-debug/bin:/nix/store/mydc6f4k2z73xlcz7ilif3v2lcaiqvza-findutils-4.9.0/bin:/nix/store/j9p3g8472iijd50vhdprx0nmk2fqn5gv-diffutils-3.8/bin:/nix/store/89zs7rms6x00xfq4dq6m7mjnhkr8a6r4-gnused-4.8/bin:/nix/store/86bp03jkmsl6f92w0yzg4s59g5mhxwmy-gnugrep-3.7/bin:/nix/store/hwcdqw4jrjnd37wxqgsd47hd0j8bnj09-gawk-5.1.1/bin:/nix/store/cfbhw8r8ags41vwqaz47r583d0p4h4a1-gnutar-1.34/bin:/nix/store/p3m1ndl1lapwrlh698bnb5lvvxh67378-gzip-1.12/bin:/nix/store/a8mhcagrsly7c7mpjrpsnaahk4aax056-bzip2-1.0.8-bin/bin:/nix/store/mblgz65m3zv9x548a3d5m96fj2pbwr09-gnumake-4.3/bin:/nix/store/dsd5gz46hdbdk2rfdimqddhq6m8m8fqs-bash-5.1-p16/bin:/nix/store/v7ljksji50mg3w61dykaa3n3y79n6nil-patch-2.7.6/bin:/nix/store/zlcnmqq14jz5x9439jf937mvayyl63da-xz-5.2.7-bin/bin:/nix/store/y6aj732zm9m87c82fpvf103a1xb22blp-file-5.43/bin:/nix/store/i4kzir3m7mrisxmf5xvlnkw01x4qaqr4-prybar-elisp-0.0.0-e0d9a52/bin:/nix/store/lwwivxf6h7x3cvxp9zv8sj0mv7dak99r-prybar-lua-0.0.0-e0d9a52/bin:/nix/store/gxj28g1cg4hq3qanmjv07156h800qr58-prybar-python3-0.0.0-e0d9a52/bin:/nix/store/hshkjnxrgidigf8x75vg6lqng2xlx9i3-prybar-sqlite-0.0.0-e0d9a52/bin:/nix/store/c4w01bpjgyy5ixmwdk8m1pw87zq4sl26-prybar-tcl-0.0.0-e0d9a52/bin:/nix/store/hpbvrlwd5viqmvcaisb3x0118i913a9n-st
LD_LIBRARY_PATH=/nix/store/a4pff549sk2idnkpzk5nsfps3mdkdnvm-cups-2.4.2-lib/lib:/nix/store/72mqxxhh3cy5yifh92wh2yb8cl2hikyy-cairo-1.16.0/lib:/nix/store/2k366jrbsra97gjfxwvrhvixjfxdach5-glib-2.74.1/lib:/nix/store/2j2znigd8ak37rlwh9khz0ry3clqlw1l-gtk+3-3.24.34/lib:/nix/store/hisqvx32cd57apbpcsnkpx6k3549wql1-libglvnd-1.4.0/lib:/nix/store/p36pgcv991mq5srvg765b78yqpxvk3qs-mesa-21.3.3-drivers/lib:/nix/store/mav4251if1ahjq5vkpwycyyvnmy459c4-pulseaudio-14.2/lib
DISPLAY=:0
LANG=en_US.UTF-8

Signal Handlers:
   SIGSEGV: crash_handler in libjvm.so, mask=11100100010111111101111111111110, flags=SA_RESTART|SA_SIGINFO
    SIGBUS: crash_handler in libjvm.so, mask=11100100010111111101111111111110, flags=SA_RESTART|SA_SIGINFO
    SIGFPE: crash_handler in libjvm.so, mask=11100100010111111101111111111110, flags=SA_RESTART|SA_SIGINFO
   SIGPIPE: IsolateEnterStub_IgnoreSIGPIPEStartupHook_noopSignalHandler_8f19bff2f35b5f630d83b364d6b2339320d4ec70_216e8361c6bc87a8f89f58cc10d3b2fd4415bf87 in libjvmcicompiler.so, mask=00000000000000000000000000000000, flags=SA_RESTART
  *** Handler was modified!
  *** Expected: javaSignalHandler in libjvm.so, mask=11100100110111111111111111111110, flags=SA_RESTART|SA_SIGINFO
   SIGXFSZ: javaSignalHandler in libjvm.so, mask=11100100010111111101111111111110, flags=SA_RESTART|SA_SIGINFO
    SIGILL: crash_handler in libjvm.so, mask=11100100010111111101111111111110, flags=SA_RESTART|SA_SIGINFO
   SIGUSR2: SR_handler in libjvm.so, mask=00000000000000000000000000000000, flags=SA_RESTART|SA_SIGINFO
    SIGHUP: UserHandler in libjvm.so, mask=11100100010111111101111111111110, flags=SA_RESTART|SA_SIGINFO
    SIGINT: UserHandler in libjvm.so, mask=11100100010111111101111111111110, flags=SA_RESTART|SA_SIGINFO
   SIGTERM: UserHandler in libjvm.so, mask=11100100010111111101111111111110, flags=SA_RESTART|SA_SIGINFO
   SIGQUIT: UserHandler in libjvm.so, mask=11100100010111111101111111111110, flags=SA_RESTART|SA_SIGINFO
  *** Handler was modified!
  *** Expected: javaSignalHandler in libjvm.so, mask=11100100110111111111111111111110, flags=SA_RESTART|SA_SIGINFO
   SIGTRAP: crash_handler in libjvm.so, mask=11100100010111111101111111111110, flags=SA_RESTART|SA_SIGINFO


---------------  S Y S T E M  ---------------

OS:
DISTRIB_ID=Ubuntu
DISTRIB_RELEASE=20.04
DISTRIB_CODENAME=focal
DISTRIB_DESCRIPTION="Ubuntu 20.04.2 LTS"
uname: Linux 6.2.0-1014-gcp #14~22.04.1-Ubuntu SMP Mon Sep 11 07:44:43 UTC 2023 x86_64
OS uptime: 0 days 5:19 hours
libc: glibc 2.35 NPTL 2.35 
rlimit (soft/hard): STACK 8192k/infinity , CORE infinity/infinity , NPROC infinity/infinity , NOFILE 5242/5242 , AS infinity/infinity , CPU infinity/infinity , DATA infinity/infinity , FSIZE infinity/infinity , MEMLOCK 8192k/8192k
load average: 18.33 18.59 22.00

/proc/meminfo:
MemTotal:       65835944 kB
MemFree:        30196636 kB
MemAvailable:   41973408 kB
Buffers:         1928416 kB
Cached:          9437880 kB
SwapCached:            0 kB
Active:          6491120 kB
Inactive:       26826724 kB
Active(anon):      11004 kB
Inactive(anon): 21745920 kB
Active(file):    6480116 kB
Inactive(file):  5080804 kB
Unevictable:       28552 kB
Mlocked:           28552 kB
SwapTotal:             0 kB
SwapFree:              0 kB
Zswap:                 0 kB
Zswapped:              0 kB
Dirty:              5156 kB
Writeback:           240 kB
AnonPages:      20321144 kB
Mapped:          1562220 kB
Shmem:             35328 kB
KReclaimable:    1044704 kB
Slab:            1554040 kB
SReclaimable:    1044704 kB
SUnreclaim:       509336 kB
KernelStack:      151320 kB
PageTables:       251024 kB
SecPageTables:         0 kB
NFS_Unstable:          0 kB
Bounce:                0 kB
WritebackTmp:          0 kB
CommitLimit:    32917972 kB
Committed_AS:   59836236 kB
VmallocTotal:   34359738367 kB
VmallocUsed:      180600 kB
VmallocChunk:          0 kB
Percpu:            29920 kB
HardwareCorrupted:     0 kB
AnonHugePages:   4788224 kB
ShmemHugePages:        0 kB
ShmemPmdMapped:        0 kB
FileHugePages:         0 kB
FilePmdMapped:         0 kB
HugePages_Total:       0
HugePages_Free:        0
HugePages_Rsvd:        0
HugePages_Surp:        0
Hugepagesize:       2048 kB
Hugetlb:               0 kB
DirectMap4k:      258872 kB
DirectMap2M:     9175040 kB
DirectMap1G:    59768832 kB

/sys/kernel/mm/transparent_hugepage/enabled: always [madvise] never
/sys/kernel/mm/transparent_hugepage/defrag (defrag/compaction efforts parameter): always defer defer+madvise [madvise] never

Process Memory:
Virtual Size: 4789336K (peak: 4830012K)
Resident Set Size: 748468K (peak: 781956K) (anon: 550540K, file: 197928K, shmem: 0K)
Swapped out: 0K
C-Heap outstanding allocations: 41196K, retained: 13551K
glibc malloc tunables: (default)

/proc/sys/kernel/threads-max (system-wide limit on the number of threads): 514277
/proc/sys/vm/max_map_count (maximum number of memory map areas a process may have): 65530
/proc/sys/kernel/pid_max (system-wide limit on number of process identifiers): 4194304

container (cgroup) information:
container_type: cgroupv2
cpu_cpuset_cpus: not supported
cpu_memory_nodes: not supported
active_processor_count: 1
cpu_quota: 50000
cpu_period: 100000
cpu_shares: no shares
memory_limit_in_bytes: 1048576 k
memory_and_swap_limit_in_bytes: unlimited
memory_soft_limit_in_bytes: 524288 k
memory_usage_in_bytes: 589308 k
memory_max_usage_in_bytes: not supported
maximum number of tasks: not supported
current number of tasks: not supported

KVM virtualization detected
Steal ticks since vm start: 2096
Steal ticks percentage since vm start:  0.001

CPU: total 8 (initial active 1) (4 cores per cpu, 2 threads per core) family 6 model 79 stepping 0 microcode 0xffffffff, cx8, cmov, fxsr, ht, mmx, 3dnowpref, sse, sse2, sse3, ssse3, sse4.1, sse4.2, popcnt, lzcnt, tsc, tscinvbit, avx, avx2, aes, erms, clmul, bmi1, bmi2, rtm, adx, fma, vzeroupper, clflush, hv
CPU Model and flags from /proc/cpuinfo:
model name	: Intel(R) Xeon(R) CPU @ 2.20GHz
flags		: fpu vme de pse tsc msr pae mce cx8 apic sep mtrr pge mca cmov pat pse36 clflush mmx fxsr sse sse2 ss ht syscall nx pdpe1gb rdtscp lm constant_tsc rep_good nopl xtopology nonstop_tsc cpuid tsc_known_freq pni pclmulqdq ssse3 fma cx16 pcid sse4_1 sse4_2 x2apic movbe popcnt aes xsave avx f16c rdrand hypervisor lahf_lm abm 3dnowprefetch invpcid_single pti ssbd ibrs ibpb stibp fsgsbase tsc_adjust bmi1 hle avx2 smep bmi2 erms invpcid rtm rdseed adx smap xsaveopt arat md_clear arch_capabilities

Online cpus: 0-7
Offline cpus: 
BIOS frequency limitation: <Not Available>
Frequency switch latency (ns): <Not Available>
Available cpu frequencies: <Not Available>
Current governor: <Not Available>
Core performance/turbo boost: <Not Available>

Memory: 4k page, physical 1048576k(459256k free), swap 0k(0k free)
Page Sizes: 4k

vm_info: OpenJDK 64-Bit Server VM (17.0.5+8-jvmci-22.3-b08) for linux-amd64 JRE (17.0.5+8-jvmci-22.3-b08), built on Oct 19 2022 09:01:27 by "buildslave" with gcc 10.3.0

END.
